2025-08-20 09:50:31 [INFO    ] src.utils.images: Logger configurado. Arquivo de log: logs/catalog_20250820_095031.log
2025-08-20 09:50:31 [INFO    ] __main__: Logger configurado. Arquivo de log: logs/catalog_20250820_095031.log
2025-08-20 09:50:31 [INFO    ] __main__: Iniciando geração do catálogo em PDF...
2025-08-20 09:50:31 [INFO    ] __main__: Planilha de produtos carregada com 575 itens.
2025-08-20 09:50:31 [INFO    ] __main__: Planilha de links de imagens carregada com 1229 registros.
2025-08-20 09:50:31 [DEBUG   ] __main__: Mesclagem concluída entre produtos e links de imagem.
2025-08-20 09:50:32 [INFO    ] __main__: Produtos processados e ordenados.
2025-08-20 09:50:32 [ERROR   ] __main__: Erro fatal ao gerar catálogo: Invalid justification 'MIDDLE' for <class 'reportlab.platypus.flowables.Image'>
Traceback (most recent call last):
  File "C:\Users\gustavo\Documents\Automation project\Catalogue-Automation\src\main.py", line 96, in main
    create_catalog_pdf(products, args.out)
  File "C:\Users\gustavo\Documents\Automation project\Catalogue-Automation\src\pdf_builder.py", line 111, in create_catalog_pdf
    doc.build(story)
  File "C:\Users\gustavo\AppData\Local\Programs\Python\Python312\Lib\site-packages\reportlab\platypus\doctemplate.py", line 1322, in build
    BaseDocTemplate.build(self,flowables, canvasmaker=canvasmaker)
  File "C:\Users\gustavo\AppData\Local\Programs\Python\Python312\Lib\site-packages\reportlab\platypus\doctemplate.py", line 1083, in build
    self.handle_flowable(flowables)
  File "C:\Users\gustavo\AppData\Local\Programs\Python\Python312\Lib\site-packages\reportlab\platypus\doctemplate.py", line 932, in handle_flowable
    if frame.add(f, canv, trySplit=self.allowSplitting):
       ^^^^^^^^^^^^^^^^^^^^^^^^^^^^^^^^^^^^^^^^^^^^^^^^
  File "C:\Users\gustavo\AppData\Local\Programs\Python\Python312\Lib\site-packages\reportlab\platypus\frames.py", line 201, in _add
    flowable.drawOn(canv, self._x + self._leftExtraIndent, y, _sW=aW-w)
  File "C:\Users\gustavo\AppData\Local\Programs\Python\Python312\Lib\site-packages\reportlab\platypus\flowables.py", line 112, in drawOn
    self._drawOn(canvas)
  File "C:\Users\gustavo\AppData\Local\Programs\Python\Python312\Lib\site-packages\reportlab\platypus\flowables.py", line 93, in _drawOn
    self.draw()#this is the bit you overload
    ^^^^^^^^^^^
  File "C:\Users\gustavo\AppData\Local\Programs\Python\Python312\Lib\site-packages\reportlab\platypus\tables.py", line 2309, in draw
    self._drawCell(cellval, cellstyle, (colpos, rowpos), (colwidth, rowheight))
  File "C:\Users\gustavo\AppData\Local\Programs\Python\Python312\Lib\site-packages\reportlab\platypus\tables.py", line 2519, in _drawCell
    raise ValueError(f'Invalid justification {just!a} for {type(v)}')
ValueError: Invalid justification 'MIDDLE' for <class 'reportlab.platypus.flowables.Image'>
