2025-08-20 09:31:50 [INFO    ] src.utils.images: Logger configurado. Arquivo de log: logs/catalog_20250820_093150.log
2025-08-20 09:31:50 [INFO    ] __main__: Logger configurado. Arquivo de log: logs/catalog_20250820_093150.log
2025-08-20 09:31:50 [INFO    ] __main__: Iniciando geração do catálogo em PDF...
2025-08-20 09:31:50 [INFO    ] __main__: Planilha de produtos carregada com 575 itens.
2025-08-20 09:31:51 [INFO    ] __main__: Planilha de links de imagens carregada com 1229 registros.
2025-08-20 09:31:51 [DEBUG   ] __main__: Mesclagem concluída entre produtos e links de imagem.
2025-08-20 09:31:51 [ERROR   ] src.utils.images: Erro de rede/HTTP ao baixar imagem para SKU 12608178 da URL nan: Invalid URL 'nan': No scheme supplied. Perhaps you meant https://nan?
2025-08-20 09:31:51 [ERROR   ] src.utils.images: Erro de rede/HTTP ao baixar imagem para SKU 12608573 da URL nan: Invalid URL 'nan': No scheme supplied. Perhaps you meant https://nan?
2025-08-20 09:31:51 [ERROR   ] src.utils.images: Erro de rede/HTTP ao baixar imagem para SKU 12592353 da URL nan: Invalid URL 'nan': No scheme supplied. Perhaps you meant https://nan?
2025-08-20 09:31:51 [ERROR   ] src.utils.images: Erro de rede/HTTP ao baixar imagem para SKU 418872 da URL nan: Invalid URL 'nan': No scheme supplied. Perhaps you meant https://nan?
2025-08-20 09:31:51 [ERROR   ] src.utils.images: Erro de rede/HTTP ao baixar imagem para SKU 12228529 da URL nan: Invalid URL 'nan': No scheme supplied. Perhaps you meant https://nan?
2025-08-20 09:31:51 [ERROR   ] src.utils.images: Erro de rede/HTTP ao baixar imagem para SKU 412681 da URL nan: Invalid URL 'nan': No scheme supplied. Perhaps you meant https://nan?
2025-08-20 09:31:51 [ERROR   ] src.utils.images: Erro de rede/HTTP ao baixar imagem para SKU 412685 da URL nan: Invalid URL 'nan': No scheme supplied. Perhaps you meant https://nan?
2025-08-20 09:31:51 [ERROR   ] src.utils.images: Erro de rede/HTTP ao baixar imagem para SKU 12127625 da URL nan: Invalid URL 'nan': No scheme supplied. Perhaps you meant https://nan?
2025-08-20 09:31:51 [ERROR   ] src.utils.images: Erro de rede/HTTP ao baixar imagem para SKU 12105550 da URL nan: Invalid URL 'nan': No scheme supplied. Perhaps you meant https://nan?
2025-08-20 09:31:51 [ERROR   ] src.utils.images: Erro de rede/HTTP ao baixar imagem para SKU 12106251 da URL nan: Invalid URL 'nan': No scheme supplied. Perhaps you meant https://nan?
2025-08-20 09:31:51 [ERROR   ] src.utils.images: Erro de rede/HTTP ao baixar imagem para SKU 12307594 da URL nan: Invalid URL 'nan': No scheme supplied. Perhaps you meant https://nan?
2025-08-20 09:31:51 [ERROR   ] src.utils.images: Erro de rede/HTTP ao baixar imagem para SKU 12106033 da URL nan: Invalid URL 'nan': No scheme supplied. Perhaps you meant https://nan?
2025-08-20 09:31:51 [ERROR   ] src.utils.images: Erro de rede/HTTP ao baixar imagem para SKU 12370783 da URL nan: Invalid URL 'nan': No scheme supplied. Perhaps you meant https://nan?
2025-08-20 09:31:51 [ERROR   ] src.utils.images: Erro de rede/HTTP ao baixar imagem para SKU 414602 da URL nan: Invalid URL 'nan': No scheme supplied. Perhaps you meant https://nan?
2025-08-20 09:31:51 [ERROR   ] src.utils.images: Erro de rede/HTTP ao baixar imagem para SKU 12458810 da URL nan: Invalid URL 'nan': No scheme supplied. Perhaps you meant https://nan?
2025-08-20 09:31:51 [ERROR   ] src.utils.images: Erro de rede/HTTP ao baixar imagem para SKU 12342557 da URL nan: Invalid URL 'nan': No scheme supplied. Perhaps you meant https://nan?
2025-08-20 09:31:51 [ERROR   ] src.utils.images: Erro de rede/HTTP ao baixar imagem para SKU 6220011 da URL nan: Invalid URL 'nan': No scheme supplied. Perhaps you meant https://nan?
2025-08-20 09:31:51 [ERROR   ] src.utils.images: Erro de rede/HTTP ao baixar imagem para SKU 6220211 da URL nan: Invalid URL 'nan': No scheme supplied. Perhaps you meant https://nan?
2025-08-20 09:31:51 [ERROR   ] src.utils.images: Erro de rede/HTTP ao baixar imagem para SKU 6220411 da URL nan: Invalid URL 'nan': No scheme supplied. Perhaps you meant https://nan?
2025-08-20 09:31:51 [ERROR   ] src.utils.images: Erro de rede/HTTP ao baixar imagem para SKU 6220611 da URL nan: Invalid URL 'nan': No scheme supplied. Perhaps you meant https://nan?
2025-08-20 09:31:51 [ERROR   ] src.utils.images: Erro de rede/HTTP ao baixar imagem para SKU 6220711 da URL nan: Invalid URL 'nan': No scheme supplied. Perhaps you meant https://nan?
2025-08-20 09:31:51 [ERROR   ] src.utils.images: Erro de rede/HTTP ao baixar imagem para SKU 12576094 da URL nan: Invalid URL 'nan': No scheme supplied. Perhaps you meant https://nan?
2025-08-20 09:31:51 [ERROR   ] src.utils.images: Erro de rede/HTTP ao baixar imagem para SKU 12550664 da URL nan: Invalid URL 'nan': No scheme supplied. Perhaps you meant https://nan?
2025-08-20 09:31:51 [ERROR   ] src.utils.images: Erro de rede/HTTP ao baixar imagem para SKU 12424192 da URL nan: Invalid URL 'nan': No scheme supplied. Perhaps you meant https://nan?
2025-08-20 09:31:51 [ERROR   ] src.utils.images: Erro de rede/HTTP ao baixar imagem para SKU 12424483 da URL nan: Invalid URL 'nan': No scheme supplied. Perhaps you meant https://nan?
2025-08-20 09:31:51 [ERROR   ] src.utils.images: Erro de rede/HTTP ao baixar imagem para SKU 12613081 da URL nan: Invalid URL 'nan': No scheme supplied. Perhaps you meant https://nan?
2025-08-20 09:31:51 [ERROR   ] src.utils.images: Erro de rede/HTTP ao baixar imagem para SKU 12613109 da URL nan: Invalid URL 'nan': No scheme supplied. Perhaps you meant https://nan?
2025-08-20 09:31:51 [ERROR   ] src.utils.images: Erro de rede/HTTP ao baixar imagem para SKU 12576103 da URL nan: Invalid URL 'nan': No scheme supplied. Perhaps you meant https://nan?
2025-08-20 09:31:51 [ERROR   ] src.utils.images: Erro de rede/HTTP ao baixar imagem para SKU 12598603 da URL nan: Invalid URL 'nan': No scheme supplied. Perhaps you meant https://nan?
2025-08-20 09:31:51 [ERROR   ] src.utils.images: Erro de rede/HTTP ao baixar imagem para SKU 11320331 da URL nan: Invalid URL 'nan': No scheme supplied. Perhaps you meant https://nan?
2025-08-20 09:31:51 [ERROR   ] src.utils.images: Erro de rede/HTTP ao baixar imagem para SKU 11320367 da URL nan: Invalid URL 'nan': No scheme supplied. Perhaps you meant https://nan?
2025-08-20 09:31:51 [ERROR   ] src.utils.images: Erro de rede/HTTP ao baixar imagem para SKU 12273955 da URL nan: Invalid URL 'nan': No scheme supplied. Perhaps you meant https://nan?
2025-08-20 09:31:51 [ERROR   ] src.utils.images: Erro de rede/HTTP ao baixar imagem para SKU 12313896 da URL nan: Invalid URL 'nan': No scheme supplied. Perhaps you meant https://nan?
2025-08-20 09:31:51 [ERROR   ] src.utils.images: Erro de rede/HTTP ao baixar imagem para SKU 12522832 da URL nan: Invalid URL 'nan': No scheme supplied. Perhaps you meant https://nan?
2025-08-20 09:31:52 [ERROR   ] src.utils.images: Erro de rede/HTTP ao baixar imagem para SKU 12508392 da URL nan: Invalid URL 'nan': No scheme supplied. Perhaps you meant https://nan?
2025-08-20 09:31:52 [ERROR   ] src.utils.images: Erro de rede/HTTP ao baixar imagem para SKU 12475946 da URL nan: Invalid URL 'nan': No scheme supplied. Perhaps you meant https://nan?
2025-08-20 09:31:52 [ERROR   ] src.utils.images: Erro de rede/HTTP ao baixar imagem para SKU 12475952 da URL nan: Invalid URL 'nan': No scheme supplied. Perhaps you meant https://nan?
2025-08-20 09:31:52 [ERROR   ] src.utils.images: Erro de rede/HTTP ao baixar imagem para SKU 12475961 da URL nan: Invalid URL 'nan': No scheme supplied. Perhaps you meant https://nan?
2025-08-20 09:31:52 [ERROR   ] src.utils.images: Erro de rede/HTTP ao baixar imagem para SKU 12476875 da URL nan: Invalid URL 'nan': No scheme supplied. Perhaps you meant https://nan?
2025-08-20 09:31:52 [ERROR   ] src.utils.images: Erro de rede/HTTP ao baixar imagem para SKU 411201 da URL nan: Invalid URL 'nan': No scheme supplied. Perhaps you meant https://nan?
2025-08-20 09:31:52 [ERROR   ] src.utils.images: Erro de rede/HTTP ao baixar imagem para SKU 12243344 da URL nan: Invalid URL 'nan': No scheme supplied. Perhaps you meant https://nan?
2025-08-20 09:31:52 [ERROR   ] src.utils.images: Erro de rede/HTTP ao baixar imagem para SKU 12576834 da URL nan: Invalid URL 'nan': No scheme supplied. Perhaps you meant https://nan?
2025-08-20 09:31:52 [ERROR   ] src.utils.images: Erro de rede/HTTP ao baixar imagem para SKU 12494821 da URL nan: Invalid URL 'nan': No scheme supplied. Perhaps you meant https://nan?
2025-08-20 09:31:52 [ERROR   ] src.utils.images: Erro de rede/HTTP ao baixar imagem para SKU 12556241 da URL nan: Invalid URL 'nan': No scheme supplied. Perhaps you meant https://nan?
2025-08-20 09:31:52 [ERROR   ] src.utils.images: Erro de rede/HTTP ao baixar imagem para SKU 12410107 da URL nan: Invalid URL 'nan': No scheme supplied. Perhaps you meant https://nan?
2025-08-20 09:31:52 [ERROR   ] src.utils.images: Erro de rede/HTTP ao baixar imagem para SKU 12344650 da URL nan: Invalid URL 'nan': No scheme supplied. Perhaps you meant https://nan?
2025-08-20 09:31:52 [ERROR   ] src.utils.images: Erro de rede/HTTP ao baixar imagem para SKU 415012 da URL nan: Invalid URL 'nan': No scheme supplied. Perhaps you meant https://nan?
2025-08-20 09:31:52 [ERROR   ] src.utils.images: Erro de rede/HTTP ao baixar imagem para SKU 12571523 da URL nan: Invalid URL 'nan': No scheme supplied. Perhaps you meant https://nan?
2025-08-20 09:31:52 [ERROR   ] src.utils.images: Erro de rede/HTTP ao baixar imagem para SKU 12305178 da URL nan: Invalid URL 'nan': No scheme supplied. Perhaps you meant https://nan?
2025-08-20 09:31:52 [ERROR   ] src.utils.images: Erro de rede/HTTP ao baixar imagem para SKU 12506651 da URL nan: Invalid URL 'nan': No scheme supplied. Perhaps you meant https://nan?
2025-08-20 09:31:52 [ERROR   ] src.utils.images: Erro de rede/HTTP ao baixar imagem para SKU 12520118 da URL nan: Invalid URL 'nan': No scheme supplied. Perhaps you meant https://nan?
2025-08-20 09:31:52 [ERROR   ] src.utils.images: Erro de rede/HTTP ao baixar imagem para SKU 12240801 da URL nan: Invalid URL 'nan': No scheme supplied. Perhaps you meant https://nan?
2025-08-20 09:31:52 [ERROR   ] src.utils.images: Erro de rede/HTTP ao baixar imagem para SKU 12520569 da URL nan: Invalid URL 'nan': No scheme supplied. Perhaps you meant https://nan?
2025-08-20 09:31:52 [ERROR   ] src.utils.images: Erro de rede/HTTP ao baixar imagem para SKU 12521771 da URL nan: Invalid URL 'nan': No scheme supplied. Perhaps you meant https://nan?
2025-08-20 09:31:52 [ERROR   ] src.utils.images: Erro de rede/HTTP ao baixar imagem para SKU 12442206 da URL nan: Invalid URL 'nan': No scheme supplied. Perhaps you meant https://nan?
2025-08-20 09:31:52 [ERROR   ] src.utils.images: Erro de rede/HTTP ao baixar imagem para SKU 12442213 da URL nan: Invalid URL 'nan': No scheme supplied. Perhaps you meant https://nan?
2025-08-20 09:31:52 [ERROR   ] src.utils.images: Erro de rede/HTTP ao baixar imagem para SKU 12028625 da URL nan: Invalid URL 'nan': No scheme supplied. Perhaps you meant https://nan?
2025-08-20 09:31:52 [ERROR   ] src.utils.images: Erro de rede/HTTP ao baixar imagem para SKU 12408256 da URL nan: Invalid URL 'nan': No scheme supplied. Perhaps you meant https://nan?
2025-08-20 09:31:52 [ERROR   ] src.utils.images: Erro de rede/HTTP ao baixar imagem para SKU 12519987 da URL nan: Invalid URL 'nan': No scheme supplied. Perhaps you meant https://nan?
2025-08-20 09:31:52 [ERROR   ] src.utils.images: Erro de rede/HTTP ao baixar imagem para SKU 12571029 da URL nan: Invalid URL 'nan': No scheme supplied. Perhaps you meant https://nan?
2025-08-20 09:31:52 [ERROR   ] src.utils.images: Erro de rede/HTTP ao baixar imagem para SKU 12586544 da URL nan: Invalid URL 'nan': No scheme supplied. Perhaps you meant https://nan?
2025-08-20 09:31:52 [ERROR   ] src.utils.images: Erro de rede/HTTP ao baixar imagem para SKU 12586525 da URL nan: Invalid URL 'nan': No scheme supplied. Perhaps you meant https://nan?
2025-08-20 09:31:52 [ERROR   ] src.utils.images: Erro de rede/HTTP ao baixar imagem para SKU 12425973 da URL nan: Invalid URL 'nan': No scheme supplied. Perhaps you meant https://nan?
2025-08-20 09:31:52 [ERROR   ] src.utils.images: Erro de rede/HTTP ao baixar imagem para SKU 12434564 da URL nan: Invalid URL 'nan': No scheme supplied. Perhaps you meant https://nan?
2025-08-20 09:31:52 [ERROR   ] src.utils.images: Erro de rede/HTTP ao baixar imagem para SKU 12520004 da URL nan: Invalid URL 'nan': No scheme supplied. Perhaps you meant https://nan?
2025-08-20 09:31:52 [ERROR   ] src.utils.images: Erro de rede/HTTP ao baixar imagem para SKU 12520011 da URL nan: Invalid URL 'nan': No scheme supplied. Perhaps you meant https://nan?
2025-08-20 09:31:52 [ERROR   ] src.utils.images: Erro de rede/HTTP ao baixar imagem para SKU 12520012 da URL nan: Invalid URL 'nan': No scheme supplied. Perhaps you meant https://nan?
2025-08-20 09:31:52 [ERROR   ] src.utils.images: Erro de rede/HTTP ao baixar imagem para SKU 12520223 da URL nan: Invalid URL 'nan': No scheme supplied. Perhaps you meant https://nan?
2025-08-20 09:31:52 [ERROR   ] src.utils.images: Erro de rede/HTTP ao baixar imagem para SKU 12520224 da URL nan: Invalid URL 'nan': No scheme supplied. Perhaps you meant https://nan?
2025-08-20 09:31:52 [ERROR   ] src.utils.images: Erro de rede/HTTP ao baixar imagem para SKU 12520234 da URL nan: Invalid URL 'nan': No scheme supplied. Perhaps you meant https://nan?
2025-08-20 09:31:52 [ERROR   ] src.utils.images: Erro de rede/HTTP ao baixar imagem para SKU 12501502 da URL nan: Invalid URL 'nan': No scheme supplied. Perhaps you meant https://nan?
2025-08-20 09:31:52 [ERROR   ] src.utils.images: Erro de rede/HTTP ao baixar imagem para SKU 12562164 da URL nan: Invalid URL 'nan': No scheme supplied. Perhaps you meant https://nan?
2025-08-20 09:31:52 [ERROR   ] src.utils.images: Erro de rede/HTTP ao baixar imagem para SKU 12562410 da URL nan: Invalid URL 'nan': No scheme supplied. Perhaps you meant https://nan?
2025-08-20 09:31:52 [ERROR   ] src.utils.images: Erro de rede/HTTP ao baixar imagem para SKU 12613348 da URL nan: Invalid URL 'nan': No scheme supplied. Perhaps you meant https://nan?
2025-08-20 09:31:52 [ERROR   ] src.utils.images: Erro de rede/HTTP ao baixar imagem para SKU 12501474 da URL nan: Invalid URL 'nan': No scheme supplied. Perhaps you meant https://nan?
2025-08-20 09:31:52 [ERROR   ] src.utils.images: Erro de rede/HTTP ao baixar imagem para SKU 12501505 da URL nan: Invalid URL 'nan': No scheme supplied. Perhaps you meant https://nan?
2025-08-20 09:31:52 [ERROR   ] src.utils.images: Erro de rede/HTTP ao baixar imagem para SKU 12613570 da URL nan: Invalid URL 'nan': No scheme supplied. Perhaps you meant https://nan?
2025-08-20 09:31:52 [ERROR   ] src.utils.images: Erro de rede/HTTP ao baixar imagem para SKU 12624035 da URL nan: Invalid URL 'nan': No scheme supplied. Perhaps you meant https://nan?
2025-08-20 09:31:52 [ERROR   ] src.utils.images: Erro de rede/HTTP ao baixar imagem para SKU 12328050 da URL nan: Invalid URL 'nan': No scheme supplied. Perhaps you meant https://nan?
2025-08-20 09:31:52 [ERROR   ] src.utils.images: Erro de rede/HTTP ao baixar imagem para SKU 12379167 da URL nan: Invalid URL 'nan': No scheme supplied. Perhaps you meant https://nan?
2025-08-20 09:31:52 [ERROR   ] src.utils.images: Erro de rede/HTTP ao baixar imagem para SKU 12405429 da URL nan: Invalid URL 'nan': No scheme supplied. Perhaps you meant https://nan?
2025-08-20 09:31:52 [ERROR   ] src.utils.images: Erro de rede/HTTP ao baixar imagem para SKU 12526276 da URL nan: Invalid URL 'nan': No scheme supplied. Perhaps you meant https://nan?
2025-08-20 09:31:52 [ERROR   ] src.utils.images: Erro de rede/HTTP ao baixar imagem para SKU 12526310 da URL nan: Invalid URL 'nan': No scheme supplied. Perhaps you meant https://nan?
2025-08-20 09:31:52 [ERROR   ] src.utils.images: Erro de rede/HTTP ao baixar imagem para SKU 12526404 da URL nan: Invalid URL 'nan': No scheme supplied. Perhaps you meant https://nan?
2025-08-20 09:31:52 [ERROR   ] src.utils.images: Erro de rede/HTTP ao baixar imagem para SKU 12534475 da URL nan: Invalid URL 'nan': No scheme supplied. Perhaps you meant https://nan?
2025-08-20 09:31:52 [ERROR   ] src.utils.images: Erro de rede/HTTP ao baixar imagem para SKU 12534476 da URL nan: Invalid URL 'nan': No scheme supplied. Perhaps you meant https://nan?
2025-08-20 09:31:52 [ERROR   ] src.utils.images: Erro de rede/HTTP ao baixar imagem para SKU 12534477 da URL nan: Invalid URL 'nan': No scheme supplied. Perhaps you meant https://nan?
2025-08-20 09:31:52 [ERROR   ] src.utils.images: Erro de rede/HTTP ao baixar imagem para SKU 12535685 da URL nan: Invalid URL 'nan': No scheme supplied. Perhaps you meant https://nan?
2025-08-20 09:31:52 [ERROR   ] src.utils.images: Erro de rede/HTTP ao baixar imagem para SKU 12535692 da URL nan: Invalid URL 'nan': No scheme supplied. Perhaps you meant https://nan?
2025-08-20 09:31:52 [ERROR   ] src.utils.images: Erro de rede/HTTP ao baixar imagem para SKU 12613546 da URL nan: Invalid URL 'nan': No scheme supplied. Perhaps you meant https://nan?
2025-08-20 09:31:52 [ERROR   ] src.utils.images: Erro de rede/HTTP ao baixar imagem para SKU 12613556 da URL nan: Invalid URL 'nan': No scheme supplied. Perhaps you meant https://nan?
2025-08-20 09:31:52 [ERROR   ] src.utils.images: Erro de rede/HTTP ao baixar imagem para SKU 413695 da URL nan: Invalid URL 'nan': No scheme supplied. Perhaps you meant https://nan?
2025-08-20 09:31:52 [ERROR   ] src.utils.images: Erro de rede/HTTP ao baixar imagem para SKU 12290967 da URL nan: Invalid URL 'nan': No scheme supplied. Perhaps you meant https://nan?
2025-08-20 09:31:52 [ERROR   ] src.utils.images: Erro de rede/HTTP ao baixar imagem para SKU 12097176 da URL nan: Invalid URL 'nan': No scheme supplied. Perhaps you meant https://nan?
2025-08-20 09:31:52 [ERROR   ] src.utils.images: Erro de rede/HTTP ao baixar imagem para SKU 12187083 da URL nan: Invalid URL 'nan': No scheme supplied. Perhaps you meant https://nan?
2025-08-20 09:31:52 [ERROR   ] src.utils.images: Erro de rede/HTTP ao baixar imagem para SKU 12242943 da URL nan: Invalid URL 'nan': No scheme supplied. Perhaps you meant https://nan?
2025-08-20 09:31:52 [ERROR   ] src.utils.images: Erro de rede/HTTP ao baixar imagem para SKU 12150285 da URL nan: Invalid URL 'nan': No scheme supplied. Perhaps you meant https://nan?
2025-08-20 09:31:52 [ERROR   ] src.utils.images: Erro de rede/HTTP ao baixar imagem para SKU 12514534 da URL nan: Invalid URL 'nan': No scheme supplied. Perhaps you meant https://nan?
2025-08-20 09:31:52 [ERROR   ] src.utils.images: Erro de rede/HTTP ao baixar imagem para SKU 6221011 da URL nan: Invalid URL 'nan': No scheme supplied. Perhaps you meant https://nan?
2025-08-20 09:31:52 [ERROR   ] src.utils.images: Erro de rede/HTTP ao baixar imagem para SKU 12281889 da URL nan: Invalid URL 'nan': No scheme supplied. Perhaps you meant https://nan?
2025-08-20 09:31:52 [ERROR   ] src.utils.images: Erro de rede/HTTP ao baixar imagem para SKU 12551472 da URL nan: Invalid URL 'nan': No scheme supplied. Perhaps you meant https://nan?
2025-08-20 09:31:52 [ERROR   ] src.utils.images: Erro de rede/HTTP ao baixar imagem para SKU 12577175 da URL nan: Invalid URL 'nan': No scheme supplied. Perhaps you meant https://nan?
2025-08-20 09:31:52 [ERROR   ] src.utils.images: Erro de rede/HTTP ao baixar imagem para SKU 12343960 da URL nan: Invalid URL 'nan': No scheme supplied. Perhaps you meant https://nan?
2025-08-20 09:31:52 [ERROR   ] src.utils.images: Erro de rede/HTTP ao baixar imagem para SKU 12447586 da URL nan: Invalid URL 'nan': No scheme supplied. Perhaps you meant https://nan?
2025-08-20 09:31:52 [ERROR   ] src.utils.images: Erro de rede/HTTP ao baixar imagem para SKU 12538907 da URL nan: Invalid URL 'nan': No scheme supplied. Perhaps you meant https://nan?
2025-08-20 09:31:52 [INFO    ] __main__: Produtos processados e ordenados.
