2025-08-14 11:59:31 [INFO    ] utils.images: Logger configurado. Arquivo de log: logs/catalog_20250814_115931.log
2025-08-14 11:59:31 [INFO    ] catalog_builder: Logger configurado. Arquivo de log: logs/catalog_20250814_115931.log
2025-08-14 11:59:31 [INFO    ] __main__: Logger configurado. Arquivo de log: logs/catalog_20250814_115931.log
2025-08-14 11:59:31 [INFO    ] __main__: Iniciando geração do catálogo com layout default
2025-08-14 11:59:31 [INFO    ] catalog_builder: Iniciando geração do catálogo...
2025-08-14 11:59:31 [INFO    ] catalog_builder: Planilha de produtos carregada com 574 itens.
2025-08-14 11:59:32 [INFO    ] catalog_builder: Planilha de links de imagens carregada com 2425 registros.
2025-08-14 11:59:32 [DEBUG   ] catalog_builder: Mesclagem concluída entre produtos e links de imagem.
2025-08-14 11:59:32 [INFO    ] catalog_builder: Baixando imagem para SKU 12608178...
2025-08-14 11:59:32 [WARNING ] utils.images: URL inválida para SKU 12608178: nan
2025-08-14 11:59:32 [INFO    ] catalog_builder: Baixando imagem para SKU 12608573...
2025-08-14 11:59:32 [WARNING ] utils.images: URL inválida para SKU 12608573: nan
2025-08-14 11:59:32 [INFO    ] catalog_builder: Baixando imagem para SKU 12592353...
2025-08-14 11:59:32 [WARNING ] utils.images: URL inválida para SKU 12592353: nan
2025-08-14 11:59:32 [INFO    ] catalog_builder: Baixando imagem para SKU 418872...
2025-08-14 11:59:32 [WARNING ] utils.images: URL inválida para SKU 418872: nan
2025-08-14 11:59:32 [INFO    ] catalog_builder: Baixando imagem para SKU 12228529...
2025-08-14 11:59:32 [WARNING ] utils.images: URL inválida para SKU 12228529: nan
2025-08-14 11:59:32 [INFO    ] catalog_builder: Baixando imagem para SKU 412681...
2025-08-14 11:59:32 [WARNING ] utils.images: URL inválida para SKU 412681: nan
2025-08-14 11:59:32 [INFO    ] catalog_builder: Baixando imagem para SKU 412685...
2025-08-14 11:59:32 [WARNING ] utils.images: URL inválida para SKU 412685: nan
2025-08-14 11:59:32 [INFO    ] catalog_builder: Baixando imagem para SKU 12127625...
2025-08-14 11:59:32 [WARNING ] utils.images: URL inválida para SKU 12127625: nan
2025-08-14 11:59:32 [INFO    ] catalog_builder: Baixando imagem para SKU 12105550...
2025-08-14 11:59:32 [WARNING ] utils.images: URL inválida para SKU 12105550: nan
2025-08-14 11:59:32 [INFO    ] catalog_builder: Baixando imagem para SKU 12106251...
2025-08-14 11:59:32 [WARNING ] utils.images: URL inválida para SKU 12106251: nan
2025-08-14 11:59:32 [INFO    ] catalog_builder: Baixando imagem para SKU 12307594...
2025-08-14 11:59:32 [WARNING ] utils.images: URL inválida para SKU 12307594: nan
2025-08-14 11:59:32 [INFO    ] catalog_builder: Baixando imagem para SKU 12106033...
2025-08-14 11:59:32 [WARNING ] utils.images: URL inválida para SKU 12106033: nan
2025-08-14 11:59:32 [INFO    ] catalog_builder: Baixando imagem para SKU 12370783...
2025-08-14 11:59:32 [WARNING ] utils.images: URL inválida para SKU 12370783: nan
2025-08-14 11:59:32 [INFO    ] catalog_builder: Baixando imagem para SKU 414602...
2025-08-14 11:59:32 [WARNING ] utils.images: URL inválida para SKU 414602: nan
2025-08-14 11:59:32 [INFO    ] catalog_builder: Baixando imagem para SKU 12458810...
2025-08-14 11:59:32 [WARNING ] utils.images: URL inválida para SKU 12458810: nan
2025-08-14 11:59:32 [INFO    ] catalog_builder: Baixando imagem para SKU 12342557...
2025-08-14 11:59:32 [WARNING ] utils.images: URL inválida para SKU 12342557: nan
2025-08-14 11:59:32 [INFO    ] catalog_builder: Baixando imagem para SKU 6220011...
2025-08-14 11:59:32 [WARNING ] utils.images: URL inválida para SKU 6220011: nan
2025-08-14 11:59:32 [INFO    ] catalog_builder: Baixando imagem para SKU 6220211...
2025-08-14 11:59:32 [WARNING ] utils.images: URL inválida para SKU 6220211: nan
2025-08-14 11:59:32 [INFO    ] catalog_builder: Baixando imagem para SKU 6220411...
2025-08-14 11:59:32 [WARNING ] utils.images: URL inválida para SKU 6220411: nan
2025-08-14 11:59:32 [INFO    ] catalog_builder: Baixando imagem para SKU 6220611...
2025-08-14 11:59:32 [WARNING ] utils.images: URL inválida para SKU 6220611: nan
2025-08-14 11:59:32 [INFO    ] catalog_builder: Baixando imagem para SKU 6220711...
2025-08-14 11:59:32 [WARNING ] utils.images: URL inválida para SKU 6220711: nan
2025-08-14 11:59:32 [INFO    ] catalog_builder: Baixando imagem para SKU 12576094...
2025-08-14 11:59:32 [WARNING ] utils.images: URL inválida para SKU 12576094: nan
2025-08-14 11:59:32 [INFO    ] catalog_builder: Baixando imagem para SKU 12550664...
2025-08-14 11:59:32 [WARNING ] utils.images: URL inválida para SKU 12550664: nan
2025-08-14 11:59:32 [INFO    ] catalog_builder: Baixando imagem para SKU 12424192...
2025-08-14 11:59:32 [WARNING ] utils.images: URL inválida para SKU 12424192: nan
2025-08-14 11:59:32 [INFO    ] catalog_builder: Baixando imagem para SKU 12424483...
2025-08-14 11:59:32 [WARNING ] utils.images: URL inválida para SKU 12424483: nan
2025-08-14 11:59:32 [INFO    ] catalog_builder: Baixando imagem para SKU 12613081...
2025-08-14 11:59:32 [WARNING ] utils.images: URL inválida para SKU 12613081: nan
2025-08-14 11:59:32 [INFO    ] catalog_builder: Baixando imagem para SKU 12613109...
2025-08-14 11:59:32 [WARNING ] utils.images: URL inválida para SKU 12613109: nan
2025-08-14 11:59:32 [INFO    ] catalog_builder: Baixando imagem para SKU 12576103...
2025-08-14 11:59:32 [WARNING ] utils.images: URL inválida para SKU 12576103: nan
2025-08-14 11:59:32 [INFO    ] catalog_builder: Baixando imagem para SKU 12598603...
2025-08-14 11:59:32 [WARNING ] utils.images: URL inválida para SKU 12598603: nan
2025-08-14 11:59:32 [INFO    ] catalog_builder: Baixando imagem para SKU 11320331...
2025-08-14 11:59:32 [WARNING ] utils.images: URL inválida para SKU 11320331: nan
2025-08-14 11:59:32 [INFO    ] catalog_builder: Baixando imagem para SKU 11320367...
2025-08-14 11:59:32 [WARNING ] utils.images: URL inválida para SKU 11320367: nan
2025-08-14 11:59:32 [INFO    ] catalog_builder: Baixando imagem para SKU 12273955...
2025-08-14 11:59:32 [WARNING ] utils.images: URL inválida para SKU 12273955: nan
2025-08-14 11:59:32 [INFO    ] catalog_builder: Baixando imagem para SKU 12313896...
2025-08-14 11:59:32 [WARNING ] utils.images: URL inválida para SKU 12313896: nan
2025-08-14 11:59:32 [INFO    ] catalog_builder: Baixando imagem para SKU 12522832...
2025-08-14 11:59:32 [WARNING ] utils.images: URL inválida para SKU 12522832: nan
2025-08-14 11:59:32 [INFO    ] catalog_builder: Baixando imagem para SKU 12508392...
2025-08-14 11:59:32 [WARNING ] utils.images: URL inválida para SKU 12508392: nan
2025-08-14 11:59:32 [INFO    ] catalog_builder: Baixando imagem para SKU 12475946...
2025-08-14 11:59:32 [WARNING ] utils.images: URL inválida para SKU 12475946: nan
2025-08-14 11:59:32 [INFO    ] catalog_builder: Baixando imagem para SKU 12475952...
2025-08-14 11:59:32 [WARNING ] utils.images: URL inválida para SKU 12475952: nan
2025-08-14 11:59:32 [INFO    ] catalog_builder: Baixando imagem para SKU 12475961...
2025-08-14 11:59:32 [WARNING ] utils.images: URL inválida para SKU 12475961: nan
2025-08-14 11:59:32 [INFO    ] catalog_builder: Baixando imagem para SKU 12476875...
2025-08-14 11:59:32 [WARNING ] utils.images: URL inválida para SKU 12476875: nan
2025-08-14 11:59:32 [INFO    ] catalog_builder: Baixando imagem para SKU 411201...
2025-08-14 11:59:32 [WARNING ] utils.images: URL inválida para SKU 411201: nan
2025-08-14 11:59:32 [INFO    ] catalog_builder: Baixando imagem para SKU 12243344...
2025-08-14 11:59:32 [WARNING ] utils.images: URL inválida para SKU 12243344: nan
2025-08-14 11:59:32 [INFO    ] catalog_builder: Baixando imagem para SKU 12576834...
2025-08-14 11:59:32 [WARNING ] utils.images: URL inválida para SKU 12576834: nan
2025-08-14 11:59:32 [INFO    ] catalog_builder: Baixando imagem para SKU 12494821...
2025-08-14 11:59:32 [WARNING ] utils.images: URL inválida para SKU 12494821: nan
2025-08-14 11:59:32 [INFO    ] catalog_builder: Baixando imagem para SKU 12556241...
2025-08-14 11:59:32 [WARNING ] utils.images: URL inválida para SKU 12556241: nan
2025-08-14 11:59:32 [INFO    ] catalog_builder: Baixando imagem para SKU 12410107...
2025-08-14 11:59:32 [WARNING ] utils.images: URL inválida para SKU 12410107: nan
2025-08-14 11:59:32 [INFO    ] catalog_builder: Baixando imagem para SKU 12344650...
2025-08-14 11:59:32 [WARNING ] utils.images: URL inválida para SKU 12344650: nan
2025-08-14 11:59:32 [INFO    ] catalog_builder: Baixando imagem para SKU 415012...
2025-08-14 11:59:32 [WARNING ] utils.images: URL inválida para SKU 415012: nan
2025-08-14 11:59:32 [INFO    ] catalog_builder: Baixando imagem para SKU 12571523...
2025-08-14 11:59:32 [WARNING ] utils.images: URL inválida para SKU 12571523: nan
2025-08-14 11:59:32 [INFO    ] catalog_builder: Baixando imagem para SKU 12305178...
2025-08-14 11:59:32 [WARNING ] utils.images: URL inválida para SKU 12305178: nan
2025-08-14 11:59:32 [INFO    ] catalog_builder: Baixando imagem para SKU 12506651...
2025-08-14 11:59:32 [WARNING ] utils.images: URL inválida para SKU 12506651: nan
2025-08-14 11:59:32 [INFO    ] catalog_builder: Baixando imagem para SKU 12520118...
2025-08-14 11:59:32 [WARNING ] utils.images: URL inválida para SKU 12520118: nan
2025-08-14 11:59:32 [INFO    ] catalog_builder: Baixando imagem para SKU 12240801...
2025-08-14 11:59:32 [WARNING ] utils.images: URL inválida para SKU 12240801: nan
2025-08-14 11:59:32 [INFO    ] catalog_builder: Baixando imagem para SKU 12520569...
2025-08-14 11:59:32 [WARNING ] utils.images: URL inválida para SKU 12520569: nan
2025-08-14 11:59:32 [INFO    ] catalog_builder: Baixando imagem para SKU 12521771...
2025-08-14 11:59:32 [WARNING ] utils.images: URL inválida para SKU 12521771: nan
2025-08-14 11:59:32 [INFO    ] catalog_builder: Baixando imagem para SKU 12442206...
2025-08-14 11:59:32 [WARNING ] utils.images: URL inválida para SKU 12442206: nan
2025-08-14 11:59:32 [INFO    ] catalog_builder: Baixando imagem para SKU 12442213...
2025-08-14 11:59:32 [WARNING ] utils.images: URL inválida para SKU 12442213: nan
2025-08-14 11:59:32 [INFO    ] catalog_builder: Baixando imagem para SKU 12028625...
2025-08-14 11:59:32 [WARNING ] utils.images: URL inválida para SKU 12028625: nan
2025-08-14 11:59:32 [INFO    ] catalog_builder: Baixando imagem para SKU 12408256...
2025-08-14 11:59:32 [WARNING ] utils.images: URL inválida para SKU 12408256: nan
2025-08-14 11:59:32 [INFO    ] catalog_builder: Baixando imagem para SKU 12519987...
2025-08-14 11:59:32 [WARNING ] utils.images: URL inválida para SKU 12519987: nan
2025-08-14 11:59:32 [INFO    ] catalog_builder: Baixando imagem para SKU 12571029...
2025-08-14 11:59:32 [WARNING ] utils.images: URL inválida para SKU 12571029: nan
2025-08-14 11:59:32 [INFO    ] catalog_builder: Baixando imagem para SKU 12586544...
2025-08-14 11:59:32 [WARNING ] utils.images: URL inválida para SKU 12586544: nan
2025-08-14 11:59:32 [INFO    ] catalog_builder: Baixando imagem para SKU 12586525...
2025-08-14 11:59:32 [WARNING ] utils.images: URL inválida para SKU 12586525: nan
2025-08-14 11:59:32 [INFO    ] catalog_builder: Baixando imagem para SKU 12425973...
2025-08-14 11:59:32 [WARNING ] utils.images: URL inválida para SKU 12425973: nan
2025-08-14 11:59:32 [INFO    ] catalog_builder: Baixando imagem para SKU 12434564...
2025-08-14 11:59:32 [WARNING ] utils.images: URL inválida para SKU 12434564: nan
2025-08-14 11:59:32 [INFO    ] catalog_builder: Baixando imagem para SKU 12520004...
2025-08-14 11:59:32 [WARNING ] utils.images: URL inválida para SKU 12520004: nan
2025-08-14 11:59:32 [INFO    ] catalog_builder: Baixando imagem para SKU 12520011...
2025-08-14 11:59:32 [WARNING ] utils.images: URL inválida para SKU 12520011: nan
2025-08-14 11:59:33 [INFO    ] catalog_builder: Baixando imagem para SKU 12520012...
2025-08-14 11:59:33 [WARNING ] utils.images: URL inválida para SKU 12520012: nan
2025-08-14 11:59:33 [INFO    ] catalog_builder: Baixando imagem para SKU 12520223...
2025-08-14 11:59:33 [WARNING ] utils.images: URL inválida para SKU 12520223: nan
2025-08-14 11:59:33 [INFO    ] catalog_builder: Baixando imagem para SKU 12520224...
2025-08-14 11:59:33 [WARNING ] utils.images: URL inválida para SKU 12520224: nan
2025-08-14 11:59:33 [INFO    ] catalog_builder: Baixando imagem para SKU 12520234...
2025-08-14 11:59:33 [WARNING ] utils.images: URL inválida para SKU 12520234: nan
2025-08-14 11:59:33 [INFO    ] catalog_builder: Baixando imagem para SKU 12501502...
2025-08-14 11:59:33 [WARNING ] utils.images: URL inválida para SKU 12501502: nan
2025-08-14 11:59:33 [INFO    ] catalog_builder: Baixando imagem para SKU 12562164...
2025-08-14 11:59:33 [WARNING ] utils.images: URL inválida para SKU 12562164: nan
2025-08-14 11:59:33 [INFO    ] catalog_builder: Baixando imagem para SKU 12562410...
2025-08-14 11:59:33 [WARNING ] utils.images: URL inválida para SKU 12562410: nan
2025-08-14 11:59:33 [INFO    ] catalog_builder: Baixando imagem para SKU 12613348...
2025-08-14 11:59:33 [WARNING ] utils.images: URL inválida para SKU 12613348: nan
2025-08-14 11:59:33 [INFO    ] catalog_builder: Baixando imagem para SKU 12501474...
2025-08-14 11:59:33 [WARNING ] utils.images: URL inválida para SKU 12501474: nan
2025-08-14 11:59:33 [INFO    ] catalog_builder: Baixando imagem para SKU 12501505...
2025-08-14 11:59:33 [WARNING ] utils.images: URL inválida para SKU 12501505: nan
2025-08-14 11:59:33 [INFO    ] catalog_builder: Baixando imagem para SKU 12613570...
2025-08-14 11:59:33 [WARNING ] utils.images: URL inválida para SKU 12613570: nan
2025-08-14 11:59:33 [INFO    ] catalog_builder: Baixando imagem para SKU 12624035...
2025-08-14 11:59:33 [WARNING ] utils.images: URL inválida para SKU 12624035: nan
2025-08-14 11:59:33 [INFO    ] catalog_builder: Baixando imagem para SKU 12328050...
2025-08-14 11:59:33 [WARNING ] utils.images: URL inválida para SKU 12328050: nan
2025-08-14 11:59:33 [INFO    ] catalog_builder: Baixando imagem para SKU 12379167...
2025-08-14 11:59:33 [WARNING ] utils.images: URL inválida para SKU 12379167: nan
2025-08-14 11:59:33 [INFO    ] catalog_builder: Baixando imagem para SKU 12405429...
2025-08-14 11:59:33 [WARNING ] utils.images: URL inválida para SKU 12405429: nan
2025-08-14 11:59:33 [INFO    ] catalog_builder: Baixando imagem para SKU 12526276...
2025-08-14 11:59:33 [WARNING ] utils.images: URL inválida para SKU 12526276: nan
2025-08-14 11:59:33 [INFO    ] catalog_builder: Baixando imagem para SKU 12526310...
2025-08-14 11:59:33 [WARNING ] utils.images: URL inválida para SKU 12526310: nan
2025-08-14 11:59:33 [INFO    ] catalog_builder: Baixando imagem para SKU 12526404...
2025-08-14 11:59:33 [WARNING ] utils.images: URL inválida para SKU 12526404: nan
2025-08-14 11:59:33 [INFO    ] catalog_builder: Baixando imagem para SKU 12534475...
2025-08-14 11:59:33 [WARNING ] utils.images: URL inválida para SKU 12534475: nan
2025-08-14 11:59:33 [INFO    ] catalog_builder: Baixando imagem para SKU 12534476...
2025-08-14 11:59:33 [WARNING ] utils.images: URL inválida para SKU 12534476: nan
2025-08-14 11:59:33 [INFO    ] catalog_builder: Baixando imagem para SKU 12534477...
2025-08-14 11:59:33 [WARNING ] utils.images: URL inválida para SKU 12534477: nan
2025-08-14 11:59:33 [INFO    ] catalog_builder: Baixando imagem para SKU 12535685...
2025-08-14 11:59:33 [WARNING ] utils.images: URL inválida para SKU 12535685: nan
2025-08-14 11:59:33 [INFO    ] catalog_builder: Baixando imagem para SKU 12535692...
2025-08-14 11:59:33 [WARNING ] utils.images: URL inválida para SKU 12535692: nan
2025-08-14 11:59:33 [INFO    ] catalog_builder: Baixando imagem para SKU 12613546...
2025-08-14 11:59:33 [WARNING ] utils.images: URL inválida para SKU 12613546: nan
2025-08-14 11:59:33 [INFO    ] catalog_builder: Baixando imagem para SKU 12613556...
2025-08-14 11:59:33 [WARNING ] utils.images: URL inválida para SKU 12613556: nan
2025-08-14 11:59:33 [INFO    ] catalog_builder: Baixando imagem para SKU 413695...
2025-08-14 11:59:33 [WARNING ] utils.images: URL inválida para SKU 413695: nan
2025-08-14 11:59:33 [INFO    ] catalog_builder: Baixando imagem para SKU 12290967...
2025-08-14 11:59:33 [WARNING ] utils.images: URL inválida para SKU 12290967: nan
2025-08-14 11:59:33 [INFO    ] catalog_builder: Baixando imagem para SKU 12097176...
2025-08-14 11:59:33 [WARNING ] utils.images: URL inválida para SKU 12097176: nan
2025-08-14 11:59:33 [INFO    ] catalog_builder: Baixando imagem para SKU 12187083...
2025-08-14 11:59:33 [WARNING ] utils.images: URL inválida para SKU 12187083: nan
2025-08-14 11:59:33 [INFO    ] catalog_builder: Baixando imagem para SKU 12242943...
2025-08-14 11:59:33 [WARNING ] utils.images: URL inválida para SKU 12242943: nan
2025-08-14 11:59:33 [INFO    ] catalog_builder: Baixando imagem para SKU 12150285...
2025-08-14 11:59:33 [WARNING ] utils.images: URL inválida para SKU 12150285: nan
2025-08-14 11:59:33 [INFO    ] catalog_builder: Baixando imagem para SKU 12514534...
2025-08-14 11:59:33 [WARNING ] utils.images: URL inválida para SKU 12514534: nan
2025-08-14 11:59:33 [INFO    ] catalog_builder: Baixando imagem para SKU 6221011...
2025-08-14 11:59:33 [WARNING ] utils.images: URL inválida para SKU 6221011: nan
2025-08-14 11:59:33 [INFO    ] catalog_builder: Baixando imagem para SKU 12281889...
2025-08-14 11:59:33 [WARNING ] utils.images: URL inválida para SKU 12281889: nan
2025-08-14 11:59:33 [INFO    ] catalog_builder: Baixando imagem para SKU 12551472...
2025-08-14 11:59:33 [WARNING ] utils.images: URL inválida para SKU 12551472: nan
2025-08-14 11:59:33 [INFO    ] catalog_builder: Baixando imagem para SKU 12577175...
2025-08-14 11:59:33 [WARNING ] utils.images: URL inválida para SKU 12577175: nan
2025-08-14 11:59:33 [INFO    ] catalog_builder: Baixando imagem para SKU 12343960...
2025-08-14 11:59:33 [WARNING ] utils.images: URL inválida para SKU 12343960: nan
2025-08-14 11:59:33 [INFO    ] catalog_builder: Baixando imagem para SKU 12447586...
2025-08-14 11:59:33 [WARNING ] utils.images: URL inválida para SKU 12447586: nan
2025-08-14 11:59:33 [INFO    ] catalog_builder: Baixando imagem para SKU 12538907...
2025-08-14 11:59:33 [WARNING ] utils.images: URL inválida para SKU 12538907: nan
2025-08-14 11:59:33 [INFO    ] catalog_builder: Produtos ordenados por categoria/nome/SKU.
2025-08-14 11:59:33 [ERROR   ] __main__: Erro fatal ao gerar catálogo: Package not found at 'C:\Users\gustavo\Documents\Automation project\template\template_catalogo.ppxt'
Traceback (most recent call last):
  File "c:\Users\gustavo\Documents\Automation project\src\main.py", line 66, in main
    build_catalog(args, layout_config)
  File "c:\Users\gustavo\Documents\Automation project\src\catalog_builder.py", line 168, in build_catalog
    prs = Presentation(r"C:\Users\gustavo\Documents\Automation project\template\template_catalogo.ppxt")
          ^^^^^^^^^^^^^^^^^^^^^^^^^^^^^^^^^^^^^^^^^^^^^^^^^^^^^^^^^^^^^^^^^^^^^^^^^^^^^^^^^^^^^^^^^^^^^^
  File "C:\Users\gustavo\AppData\Local\Programs\Python\Python312\Lib\site-packages\pptx\api.py", line 31, in Presentation
    presentation_part = Package.open(pptx).main_document_part
                        ^^^^^^^^^^^^^^^^^^
  File "C:\Users\gustavo\AppData\Local\Programs\Python\Python312\Lib\site-packages\pptx\opc\package.py", line 82, in open
    return cls(pkg_file)._load()
           ^^^^^^^^^^^^^^^^^^^^^
  File "C:\Users\gustavo\AppData\Local\Programs\Python\Python312\Lib\site-packages\pptx\opc\package.py", line 160, in _load
    pkg_xml_rels, parts = _PackageLoader.load(self._pkg_file, cast("Package", self))
                          ^^^^^^^^^^^^^^^^^^^^^^^^^^^^^^^^^^^^^^^^^^^^^^^^^^^^^^^^^^
  File "C:\Users\gustavo\AppData\Local\Programs\Python\Python312\Lib\site-packages\pptx\opc\package.py", line 190, in load
    return cls(pkg_file, package)._load()
           ^^^^^^^^^^^^^^^^^^^^^^^^^^^^^^
  File "C:\Users\gustavo\AppData\Local\Programs\Python\Python312\Lib\site-packages\pptx\opc\package.py", line 194, in _load
    parts, xml_rels = self._parts, self._xml_rels
                      ^^^^^^^^^^^
  File "C:\Users\gustavo\AppData\Local\Programs\Python\Python312\Lib\site-packages\pptx\util.py", line 191, in __get__
    value = self._fget(obj)
            ^^^^^^^^^^^^^^^
  File "C:\Users\gustavo\AppData\Local\Programs\Python\Python312\Lib\site-packages\pptx\opc\package.py", line 222, in _parts
    content_types = self._content_types
                    ^^^^^^^^^^^^^^^^^^^
  File "C:\Users\gustavo\AppData\Local\Programs\Python\Python312\Lib\site-packages\pptx\util.py", line 191, in __get__
    value = self._fget(obj)
            ^^^^^^^^^^^^^^^
  File "C:\Users\gustavo\AppData\Local\Programs\Python\Python312\Lib\site-packages\pptx\opc\package.py", line 207, in _content_types
    return _ContentTypeMap.from_xml(self._package_reader[CONTENT_TYPES_URI])
                                    ~~~~~~~~~~~~~~~~~~~~^^^^^^^^^^^^^^^^^^^
  File "C:\Users\gustavo\AppData\Local\Programs\Python\Python312\Lib\site-packages\pptx\opc\serialized.py", line 38, in __getitem__
    return self._blob_reader[pack_uri]
           ^^^^^^^^^^^^^^^^^
  File "C:\Users\gustavo\AppData\Local\Programs\Python\Python312\Lib\site-packages\pptx\util.py", line 191, in __get__
    value = self._fget(obj)
            ^^^^^^^^^^^^^^^
  File "C:\Users\gustavo\AppData\Local\Programs\Python\Python312\Lib\site-packages\pptx\opc\serialized.py", line 52, in _blob_reader
    return _PhysPkgReader.factory(self._pkg_file)
           ^^^^^^^^^^^^^^^^^^^^^^^^^^^^^^^^^^^^^^
  File "C:\Users\gustavo\AppData\Local\Programs\Python\Python312\Lib\site-packages\pptx\opc\serialized.py", line 144, in factory
    raise PackageNotFoundError("Package not found at '%s'" % pkg_file)
pptx.exc.PackageNotFoundError: Package not found at 'C:\Users\gustavo\Documents\Automation project\template\template_catalogo.ppxt'
