2025-08-18 09:48:09 [INFO    ] src.utils.images: Logger configurado. Arquivo de log: logs/catalog_20250818_094809.log
2025-08-18 09:48:09 [INFO    ] src.catalog_builder: Logger configurado. Arquivo de log: logs/catalog_20250818_094809.log
2025-08-18 09:48:09 [INFO    ] __main__: Logger configurado. Arquivo de log: logs/catalog_20250818_094809.log
2025-08-18 09:48:09 [INFO    ] __main__: Iniciando geração do catálogo com layout default
2025-08-18 09:48:09 [INFO    ] src.catalog_builder: Iniciando geração do catálogo...
2025-08-18 09:48:09 [DEBUG   ] src.catalog_builder: Argumentos: {'excel': 'data/produtos.xlsx', 'img_excel': 'data/base_imagens.xlsx', 'imagens': 'data/imagens', 'template': 'template/template_catalogo.pptx', 'out': 'catalogo_gerado.pptx', 'layout': 'default', 'cols': None, 'rows': None, 'skip_download': False, 'include_no_image': False, 'max_products': 0}
2025-08-18 09:48:09 [INFO    ] src.catalog_builder: Produtos carregados: 574 linhas válidas.
2025-08-18 09:48:10 [INFO    ] src.catalog_builder: Base de imagens carregada: 1228 SKUs com URL.
2025-08-18 09:48:10 [INFO    ] src.catalog_builder: Após LEFT JOIN, continuamos com 574 produtos.
2025-08-18 09:48:10 [INFO    ] src.catalog_builder: SKUs com URL disponível para download: 469
2025-08-18 09:48:10 [INFO    ] src.catalog_builder: Baixando imagem para SKU 412884...
2025-08-18 09:48:11 [DEBUG   ] src.utils.images: Imagem salva: data/imagens\412884.jpg
2025-08-18 09:48:11 [INFO    ] src.catalog_builder: Baixando imagem para SKU 12153428...
2025-08-18 09:48:12 [DEBUG   ] src.utils.images: Imagem salva: data/imagens\12153428.jpg
2025-08-18 09:48:12 [INFO    ] src.catalog_builder: Baixando imagem para SKU 12157199...
2025-08-18 09:48:12 [DEBUG   ] src.utils.images: Imagem salva: data/imagens\12157199.jpg
2025-08-18 09:48:12 [INFO    ] src.catalog_builder: Baixando imagem para SKU 12189531...
2025-08-18 09:48:13 [DEBUG   ] src.utils.images: Imagem salva: data/imagens\12189531.jpg
2025-08-18 09:48:13 [INFO    ] src.catalog_builder: Baixando imagem para SKU 12257968...
2025-08-18 09:48:15 [DEBUG   ] src.utils.images: Imagem salva: data/imagens\12257968.jpg
2025-08-18 09:48:15 [INFO    ] src.catalog_builder: Baixando imagem para SKU 12302038...
2025-08-18 09:48:15 [DEBUG   ] src.utils.images: Imagem salva: data/imagens\12302038.jpg
2025-08-18 09:48:15 [INFO    ] src.catalog_builder: Baixando imagem para SKU 12338492...
2025-08-18 09:48:16 [DEBUG   ] src.utils.images: Imagem salva: data/imagens\12338492.jpg
2025-08-18 09:48:16 [INFO    ] src.catalog_builder: Baixando imagem para SKU 12551154...
2025-08-18 09:48:17 [DEBUG   ] src.utils.images: Imagem salva: data/imagens\12551154.jpg
2025-08-18 09:48:17 [INFO    ] src.catalog_builder: Baixando imagem para SKU 12551184...
2025-08-18 09:48:19 [DEBUG   ] src.utils.images: Imagem salva: data/imagens\12551184.jpg
2025-08-18 09:48:19 [INFO    ] src.catalog_builder: Baixando imagem para SKU 12555551...
2025-08-18 09:48:20 [DEBUG   ] src.utils.images: Imagem salva: data/imagens\12555551.jpg
2025-08-18 09:48:20 [INFO    ] src.catalog_builder: Baixando imagem para SKU 12556035...
2025-08-18 09:48:21 [DEBUG   ] src.utils.images: Imagem salva: data/imagens\12556035.jpg
2025-08-18 09:48:21 [INFO    ] src.catalog_builder: Baixando imagem para SKU 12572694...
2025-08-18 09:48:22 [DEBUG   ] src.utils.images: Imagem salva: data/imagens\12572694.jpg
2025-08-18 09:48:22 [INFO    ] src.catalog_builder: Baixando imagem para SKU 12604964...
2025-08-18 09:48:23 [DEBUG   ] src.utils.images: Imagem salva: data/imagens\12604964.jpg
2025-08-18 09:48:23 [INFO    ] src.catalog_builder: Baixando imagem para SKU 12385658...
2025-08-18 09:48:24 [DEBUG   ] src.utils.images: Imagem salva: data/imagens\12385658.jpg
2025-08-18 09:48:24 [INFO    ] src.catalog_builder: Baixando imagem para SKU 12477866...
2025-08-18 09:48:25 [DEBUG   ] src.utils.images: Imagem salva: data/imagens\12477866.jpg
2025-08-18 09:48:25 [INFO    ] src.catalog_builder: Baixando imagem para SKU 12477871...
2025-08-18 09:48:26 [DEBUG   ] src.utils.images: Imagem salva: data/imagens\12477871.jpg
2025-08-18 09:48:26 [INFO    ] src.catalog_builder: Baixando imagem para SKU 12250611...
2025-08-18 09:48:28 [DEBUG   ] src.utils.images: Imagem salva: data/imagens\12250611.jpg
2025-08-18 09:48:28 [INFO    ] src.catalog_builder: Baixando imagem para SKU 12493320...
2025-08-18 09:48:29 [DEBUG   ] src.utils.images: Imagem salva: data/imagens\12493320.jpg
2025-08-18 09:48:29 [INFO    ] src.catalog_builder: Baixando imagem para SKU 12592511...
2025-08-18 09:48:30 [DEBUG   ] src.utils.images: Imagem salva: data/imagens\12592511.jpg
2025-08-18 09:48:30 [INFO    ] src.catalog_builder: Baixando imagem para SKU 12604954...
2025-08-18 09:48:31 [DEBUG   ] src.utils.images: Imagem salva: data/imagens\12604954.jpg
2025-08-18 09:48:31 [INFO    ] src.catalog_builder: Baixando imagem para SKU 12609048...
2025-08-18 09:48:32 [DEBUG   ] src.utils.images: Imagem salva: data/imagens\12609048.jpg
2025-08-18 09:48:32 [INFO    ] src.catalog_builder: Baixando imagem para SKU 12609059...
2025-08-18 09:48:33 [DEBUG   ] src.utils.images: Imagem salva: data/imagens\12609059.jpg
2025-08-18 09:48:33 [INFO    ] src.catalog_builder: Baixando imagem para SKU 12609061...
2025-08-18 09:48:34 [DEBUG   ] src.utils.images: Imagem salva: data/imagens\12609061.jpg
2025-08-18 09:48:34 [INFO    ] src.catalog_builder: Baixando imagem para SKU 12609164...
2025-08-18 09:48:35 [DEBUG   ] src.utils.images: Imagem salva: data/imagens\12609164.jpg
2025-08-18 09:48:35 [INFO    ] src.catalog_builder: Baixando imagem para SKU 12612400...
2025-08-18 09:48:36 [DEBUG   ] src.utils.images: Imagem salva: data/imagens\12612400.jpg
2025-08-18 09:48:36 [INFO    ] src.catalog_builder: Baixando imagem para SKU 418897...
2025-08-18 09:48:37 [DEBUG   ] src.utils.images: Imagem salva: data/imagens\418897.jpg
2025-08-18 09:48:37 [INFO    ] src.catalog_builder: Baixando imagem para SKU 12525704...
2025-08-18 09:48:38 [DEBUG   ] src.utils.images: Imagem salva: data/imagens\12525704.jpg
2025-08-18 09:48:38 [INFO    ] src.catalog_builder: Baixando imagem para SKU 12278536...
2025-08-18 09:48:39 [DEBUG   ] src.utils.images: Imagem salva: data/imagens\12278536.jpg
2025-08-18 09:48:39 [INFO    ] src.catalog_builder: Baixando imagem para SKU 12340089...
2025-08-18 09:48:40 [DEBUG   ] src.utils.images: Imagem salva: data/imagens\12340089.jpg
2025-08-18 09:48:40 [INFO    ] src.catalog_builder: Baixando imagem para SKU 12340110...
2025-08-18 09:48:42 [DEBUG   ] src.utils.images: Imagem salva: data/imagens\12340110.jpg
2025-08-18 09:48:42 [INFO    ] src.catalog_builder: Baixando imagem para SKU 12360716...
2025-08-18 09:48:43 [DEBUG   ] src.utils.images: Imagem salva: data/imagens\12360716.jpg
2025-08-18 09:48:43 [INFO    ] src.catalog_builder: Baixando imagem para SKU 12479709...
2025-08-18 09:48:44 [DEBUG   ] src.utils.images: Imagem salva: data/imagens\12479709.jpg
2025-08-18 09:48:44 [INFO    ] src.catalog_builder: Baixando imagem para SKU 12479850...
2025-08-18 09:48:45 [DEBUG   ] src.utils.images: Imagem salva: data/imagens\12479850.jpg
2025-08-18 09:48:45 [INFO    ] src.catalog_builder: Baixando imagem para SKU 12479852...
2025-08-18 09:48:47 [DEBUG   ] src.utils.images: Imagem salva: data/imagens\12479852.jpg
2025-08-18 09:48:47 [INFO    ] src.catalog_builder: Baixando imagem para SKU 12495822...
2025-08-18 09:48:48 [DEBUG   ] src.utils.images: Imagem salva: data/imagens\12495822.jpg
2025-08-18 09:48:48 [INFO    ] src.catalog_builder: Baixando imagem para SKU 12591961...
2025-08-18 09:48:49 [DEBUG   ] src.utils.images: Imagem salva: data/imagens\12591961.jpg
2025-08-18 09:48:49 [INFO    ] src.catalog_builder: Baixando imagem para SKU 12591962...
2025-08-18 09:48:50 [DEBUG   ] src.utils.images: Imagem salva: data/imagens\12591962.jpg
2025-08-18 09:48:50 [INFO    ] src.catalog_builder: Baixando imagem para SKU 12613367...
2025-08-18 09:48:51 [DEBUG   ] src.utils.images: Imagem salva: data/imagens\12613367.jpg
2025-08-18 09:48:51 [INFO    ] src.catalog_builder: Baixando imagem para SKU 12420220...
2025-08-18 09:48:53 [DEBUG   ] src.utils.images: Imagem salva: data/imagens\12420220.jpg
2025-08-18 09:48:53 [INFO    ] src.catalog_builder: Baixando imagem para SKU 12420221...
2025-08-18 09:48:54 [DEBUG   ] src.utils.images: Imagem salva: data/imagens\12420221.jpg
2025-08-18 09:48:54 [INFO    ] src.catalog_builder: Baixando imagem para SKU 12439442...
2025-08-18 09:48:55 [DEBUG   ] src.utils.images: Imagem salva: data/imagens\12439442.jpg
2025-08-18 09:48:55 [INFO    ] src.catalog_builder: Baixando imagem para SKU 12439444...
2025-08-18 09:48:56 [DEBUG   ] src.utils.images: Imagem salva: data/imagens\12439444.jpg
2025-08-18 09:48:56 [INFO    ] src.catalog_builder: Baixando imagem para SKU 12439451...
2025-08-18 09:48:57 [DEBUG   ] src.utils.images: Imagem salva: data/imagens\12439451.jpg
2025-08-18 09:48:57 [INFO    ] src.catalog_builder: Baixando imagem para SKU 12439453...
2025-08-18 09:48:58 [DEBUG   ] src.utils.images: Imagem salva: data/imagens\12439453.jpg
2025-08-18 09:48:58 [INFO    ] src.catalog_builder: Baixando imagem para SKU 12439496...
2025-08-18 09:49:00 [DEBUG   ] src.utils.images: Imagem salva: data/imagens\12439496.jpg
2025-08-18 09:49:00 [INFO    ] src.catalog_builder: Baixando imagem para SKU 12439508...
2025-08-18 09:49:01 [DEBUG   ] src.utils.images: Imagem salva: data/imagens\12439508.jpg
2025-08-18 09:49:01 [INFO    ] src.catalog_builder: Baixando imagem para SKU 12045051...
2025-08-18 09:49:02 [DEBUG   ] src.utils.images: Imagem salva: data/imagens\12045051.jpg
2025-08-18 09:49:02 [INFO    ] src.catalog_builder: Baixando imagem para SKU 12407266...
2025-08-18 09:49:03 [DEBUG   ] src.utils.images: Imagem salva: data/imagens\12407266.jpg
2025-08-18 09:49:03 [INFO    ] src.catalog_builder: Baixando imagem para SKU 12521363...
2025-08-18 09:49:04 [DEBUG   ] src.utils.images: Imagem salva: data/imagens\12521363.jpg
2025-08-18 09:49:04 [INFO    ] src.catalog_builder: Baixando imagem para SKU 12521371...
2025-08-18 09:49:05 [DEBUG   ] src.utils.images: Imagem salva: data/imagens\12521371.jpg
2025-08-18 09:49:05 [INFO    ] src.catalog_builder: Baixando imagem para SKU 12463859...
2025-08-18 09:49:06 [DEBUG   ] src.utils.images: Imagem salva: data/imagens\12463859.jpg
2025-08-18 09:49:06 [INFO    ] src.catalog_builder: Baixando imagem para SKU 12463873...
2025-08-18 09:49:08 [DEBUG   ] src.utils.images: Imagem salva: data/imagens\12463873.jpg
2025-08-18 09:49:08 [INFO    ] src.catalog_builder: Baixando imagem para SKU 12586084...
2025-08-18 09:49:09 [DEBUG   ] src.utils.images: Imagem salva: data/imagens\12586084.jpg
2025-08-18 09:49:09 [INFO    ] src.catalog_builder: Baixando imagem para SKU 12606771...
2025-08-18 09:49:10 [DEBUG   ] src.utils.images: Imagem salva: data/imagens\12606771.jpg
2025-08-18 09:49:10 [INFO    ] src.catalog_builder: Baixando imagem para SKU 418817...
2025-08-18 09:49:10 [DEBUG   ] src.utils.images: Imagem salva: data/imagens\418817.jpg
2025-08-18 09:49:10 [INFO    ] src.catalog_builder: Baixando imagem para SKU 12439521...
2025-08-18 09:49:11 [DEBUG   ] src.utils.images: Imagem salva: data/imagens\12439521.jpg
2025-08-18 09:49:11 [INFO    ] src.catalog_builder: Baixando imagem para SKU 12520002...
2025-08-18 09:49:12 [DEBUG   ] src.utils.images: Imagem salva: data/imagens\12520002.jpg
2025-08-18 09:49:12 [INFO    ] src.catalog_builder: Baixando imagem para SKU 12549982...
2025-08-18 09:49:13 [DEBUG   ] src.utils.images: Imagem salva: data/imagens\12549982.jpg
2025-08-18 09:49:13 [INFO    ] src.catalog_builder: Baixando imagem para SKU 12549995...
2025-08-18 09:49:15 [DEBUG   ] src.utils.images: Imagem salva: data/imagens\12549995.jpg
2025-08-18 09:49:15 [INFO    ] src.catalog_builder: Baixando imagem para SKU 12550004...
2025-08-18 09:49:16 [DEBUG   ] src.utils.images: Imagem salva: data/imagens\12550004.jpg
2025-08-18 09:49:16 [INFO    ] src.catalog_builder: Baixando imagem para SKU 12550128...
2025-08-18 09:49:17 [DEBUG   ] src.utils.images: Imagem salva: data/imagens\12550128.jpg
2025-08-18 09:49:17 [INFO    ] src.catalog_builder: Baixando imagem para SKU 12511795...
2025-08-18 09:49:18 [DEBUG   ] src.utils.images: Imagem salva: data/imagens\12511795.jpg
2025-08-18 09:49:18 [INFO    ] src.catalog_builder: Baixando imagem para SKU 12549968...
2025-08-18 09:49:19 [DEBUG   ] src.utils.images: Imagem salva: data/imagens\12549968.jpg
2025-08-18 09:49:19 [INFO    ] src.catalog_builder: Baixando imagem para SKU 12549969...
2025-08-18 09:49:20 [DEBUG   ] src.utils.images: Imagem salva: data/imagens\12549969.jpg
2025-08-18 09:49:20 [INFO    ] src.catalog_builder: Baixando imagem para SKU 12550520...
2025-08-18 09:49:21 [DEBUG   ] src.utils.images: Imagem salva: data/imagens\12550520.jpg
2025-08-18 09:49:21 [INFO    ] src.catalog_builder: Baixando imagem para SKU 12550648...
2025-08-18 09:49:22 [DEBUG   ] src.utils.images: Imagem salva: data/imagens\12550648.jpg
2025-08-18 09:49:22 [INFO    ] src.catalog_builder: Baixando imagem para SKU 12579688...
2025-08-18 09:49:24 [DEBUG   ] src.utils.images: Imagem salva: data/imagens\12579688.jpg
2025-08-18 09:49:24 [INFO    ] src.catalog_builder: Baixando imagem para SKU 12182407...
2025-08-18 09:49:25 [DEBUG   ] src.utils.images: Imagem salva: data/imagens\12182407.jpg
2025-08-18 09:49:25 [INFO    ] src.catalog_builder: Baixando imagem para SKU 12182408...
2025-08-18 09:49:26 [DEBUG   ] src.utils.images: Imagem salva: data/imagens\12182408.jpg
2025-08-18 09:49:26 [INFO    ] src.catalog_builder: Baixando imagem para SKU 12182409...
2025-08-18 09:49:27 [DEBUG   ] src.utils.images: Imagem salva: data/imagens\12182409.jpg
2025-08-18 09:49:27 [INFO    ] src.catalog_builder: Baixando imagem para SKU 12182430...
2025-08-18 09:49:28 [DEBUG   ] src.utils.images: Imagem salva: data/imagens\12182430.jpg
2025-08-18 09:49:28 [INFO    ] src.catalog_builder: Baixando imagem para SKU 12612894...
2025-08-18 09:49:29 [DEBUG   ] src.utils.images: Imagem salva: data/imagens\12612894.jpg
2025-08-18 09:49:29 [INFO    ] src.catalog_builder: Baixando imagem para SKU 12616029...
2025-08-18 09:49:30 [DEBUG   ] src.utils.images: Imagem salva: data/imagens\12616029.jpg
2025-08-18 09:49:30 [INFO    ] src.catalog_builder: Baixando imagem para SKU 12325104...
2025-08-18 09:49:31 [DEBUG   ] src.utils.images: Imagem salva: data/imagens\12325104.jpg
2025-08-18 09:49:31 [INFO    ] src.catalog_builder: Baixando imagem para SKU 12325231...
2025-08-18 09:49:32 [DEBUG   ] src.utils.images: Imagem salva: data/imagens\12325231.jpg
2025-08-18 09:49:32 [INFO    ] src.catalog_builder: Baixando imagem para SKU 12325232...
2025-08-18 09:49:33 [DEBUG   ] src.utils.images: Imagem salva: data/imagens\12325232.jpg
2025-08-18 09:49:33 [INFO    ] src.catalog_builder: Baixando imagem para SKU 12379776...
2025-08-18 09:49:34 [DEBUG   ] src.utils.images: Imagem salva: data/imagens\12379776.jpg
2025-08-18 09:49:34 [INFO    ] src.catalog_builder: Baixando imagem para SKU 12379785...
2025-08-18 09:49:35 [DEBUG   ] src.utils.images: Imagem salva: data/imagens\12379785.jpg
2025-08-18 09:49:35 [INFO    ] src.catalog_builder: Baixando imagem para SKU 12571027...
2025-08-18 09:49:36 [DEBUG   ] src.utils.images: Imagem salva: data/imagens\12571027.jpg
2025-08-18 09:49:36 [INFO    ] src.catalog_builder: Baixando imagem para SKU 12591933...
2025-08-18 09:49:38 [DEBUG   ] src.utils.images: Imagem salva: data/imagens\12591933.jpg
2025-08-18 09:49:38 [INFO    ] src.catalog_builder: Baixando imagem para SKU 12591944...
2025-08-18 09:49:39 [DEBUG   ] src.utils.images: Imagem salva: data/imagens\12591944.jpg
2025-08-18 09:49:39 [INFO    ] src.catalog_builder: Baixando imagem para SKU 12136357...
2025-08-18 09:49:40 [DEBUG   ] src.utils.images: Imagem salva: data/imagens\12136357.jpg
2025-08-18 09:49:40 [INFO    ] src.catalog_builder: Baixando imagem para SKU 12136358...
2025-08-18 09:49:41 [DEBUG   ] src.utils.images: Imagem salva: data/imagens\12136358.jpg
2025-08-18 09:49:41 [INFO    ] src.catalog_builder: Baixando imagem para SKU 12136359...
2025-08-18 09:49:42 [DEBUG   ] src.utils.images: Imagem salva: data/imagens\12136359.jpg
2025-08-18 09:49:42 [INFO    ] src.catalog_builder: Baixando imagem para SKU 12146794...
2025-08-18 09:49:44 [DEBUG   ] src.utils.images: Imagem salva: data/imagens\12146794.jpg
2025-08-18 09:49:44 [INFO    ] src.catalog_builder: Baixando imagem para SKU 12146795...
2025-08-18 09:49:45 [DEBUG   ] src.utils.images: Imagem salva: data/imagens\12146795.jpg
2025-08-18 09:49:45 [INFO    ] src.catalog_builder: Baixando imagem para SKU 12463773...
2025-08-18 09:49:46 [DEBUG   ] src.utils.images: Imagem salva: data/imagens\12463773.jpg
2025-08-18 09:49:46 [INFO    ] src.catalog_builder: Baixando imagem para SKU 12520001...
2025-08-18 09:49:47 [DEBUG   ] src.utils.images: Imagem salva: data/imagens\12520001.jpg
2025-08-18 09:49:47 [INFO    ] src.catalog_builder: Baixando imagem para SKU 12534256...
2025-08-18 09:49:49 [DEBUG   ] src.utils.images: Imagem salva: data/imagens\12534256.jpg
2025-08-18 09:49:49 [INFO    ] src.catalog_builder: Baixando imagem para SKU 12534263...
2025-08-18 09:49:50 [DEBUG   ] src.utils.images: Imagem salva: data/imagens\12534263.jpg
2025-08-18 09:49:50 [INFO    ] src.catalog_builder: Baixando imagem para SKU 12534547...
2025-08-18 09:49:51 [DEBUG   ] src.utils.images: Imagem salva: data/imagens\12534547.jpg
2025-08-18 09:49:51 [INFO    ] src.catalog_builder: Baixando imagem para SKU 12138557...
2025-08-18 09:49:52 [DEBUG   ] src.utils.images: Imagem salva: data/imagens\12138557.jpg
2025-08-18 09:49:52 [INFO    ] src.catalog_builder: Baixando imagem para SKU 12513225...
2025-08-18 09:49:54 [DEBUG   ] src.utils.images: Imagem salva: data/imagens\12513225.jpg
2025-08-18 09:49:54 [INFO    ] src.catalog_builder: Baixando imagem para SKU 12527418...
2025-08-18 09:49:55 [DEBUG   ] src.utils.images: Imagem salva: data/imagens\12527418.jpg
2025-08-18 09:49:55 [INFO    ] src.catalog_builder: Baixando imagem para SKU 12246308...
2025-08-18 09:49:56 [DEBUG   ] src.utils.images: Imagem salva: data/imagens\12246308.jpg
2025-08-18 09:49:56 [INFO    ] src.catalog_builder: Baixando imagem para SKU 12246309...
2025-08-18 09:49:58 [DEBUG   ] src.utils.images: Imagem salva: data/imagens\12246309.jpg
2025-08-18 09:49:58 [INFO    ] src.catalog_builder: Baixando imagem para SKU 12531076...
2025-08-18 09:49:59 [DEBUG   ] src.utils.images: Imagem salva: data/imagens\12531076.jpg
2025-08-18 09:49:59 [INFO    ] src.catalog_builder: Baixando imagem para SKU 12531077...
2025-08-18 09:49:59 [DEBUG   ] src.utils.images: Imagem salva: data/imagens\12531077.jpg
2025-08-18 09:49:59 [INFO    ] src.catalog_builder: Baixando imagem para SKU 12558277...
2025-08-18 09:50:00 [DEBUG   ] src.utils.images: Imagem salva: data/imagens\12558277.jpg
2025-08-18 09:50:00 [INFO    ] src.catalog_builder: Baixando imagem para SKU 12558286...
2025-08-18 09:50:02 [DEBUG   ] src.utils.images: Imagem salva: data/imagens\12558286.jpg
2025-08-18 09:50:02 [INFO    ] src.catalog_builder: Baixando imagem para SKU 12559766...
2025-08-18 09:50:03 [DEBUG   ] src.utils.images: Imagem salva: data/imagens\12559766.jpg
2025-08-18 09:50:03 [INFO    ] src.catalog_builder: Baixando imagem para SKU 12559794...
2025-08-18 09:50:03 [DEBUG   ] src.utils.images: Imagem salva: data/imagens\12559794.jpg
2025-08-18 09:50:03 [INFO    ] src.catalog_builder: Baixando imagem para SKU 12513226...
2025-08-18 09:50:04 [DEBUG   ] src.utils.images: Imagem salva: data/imagens\12513226.jpg
2025-08-18 09:50:04 [INFO    ] src.catalog_builder: Baixando imagem para SKU 12228413...
2025-08-18 09:50:06 [DEBUG   ] src.utils.images: Imagem salva: data/imagens\12228413.jpg
2025-08-18 09:50:06 [INFO    ] src.catalog_builder: Baixando imagem para SKU 12241562...
2025-08-18 09:50:07 [DEBUG   ] src.utils.images: Imagem salva: data/imagens\12241562.jpg
2025-08-18 09:50:07 [INFO    ] src.catalog_builder: Baixando imagem para SKU 12418204...
2025-08-18 09:50:08 [DEBUG   ] src.utils.images: Imagem salva: data/imagens\12418204.jpg
2025-08-18 09:50:08 [INFO    ] src.catalog_builder: Baixando imagem para SKU 12510108...
2025-08-18 09:50:08 [DEBUG   ] src.utils.images: Imagem salva: data/imagens\12510108.jpg
2025-08-18 09:50:08 [INFO    ] src.catalog_builder: Baixando imagem para SKU 12510167...
2025-08-18 09:50:09 [DEBUG   ] src.utils.images: Imagem salva: data/imagens\12510167.jpg
2025-08-18 09:50:09 [INFO    ] src.catalog_builder: Baixando imagem para SKU 12510168...
2025-08-18 09:50:10 [DEBUG   ] src.utils.images: Imagem salva: data/imagens\12510168.jpg
2025-08-18 09:50:10 [INFO    ] src.catalog_builder: Baixando imagem para SKU 12510173...
2025-08-18 09:50:11 [DEBUG   ] src.utils.images: Imagem salva: data/imagens\12510173.jpg
2025-08-18 09:50:11 [INFO    ] src.catalog_builder: Baixando imagem para SKU 12171055...
2025-08-18 09:50:13 [DEBUG   ] src.utils.images: Imagem salva: data/imagens\12171055.jpg
2025-08-18 09:50:13 [INFO    ] src.catalog_builder: Baixando imagem para SKU 12610213...
2025-08-18 09:50:14 [DEBUG   ] src.utils.images: Imagem salva: data/imagens\12610213.jpg
2025-08-18 09:50:14 [INFO    ] src.catalog_builder: Baixando imagem para SKU 12303027...
2025-08-18 09:50:15 [DEBUG   ] src.utils.images: Imagem salva: data/imagens\12303027.jpg
2025-08-18 09:50:15 [INFO    ] src.catalog_builder: Baixando imagem para SKU 12453854...
2025-08-18 09:50:17 [DEBUG   ] src.utils.images: Imagem salva: data/imagens\12453854.jpg
2025-08-18 09:50:17 [INFO    ] src.catalog_builder: Baixando imagem para SKU 12453855...
2025-08-18 09:50:18 [DEBUG   ] src.utils.images: Imagem salva: data/imagens\12453855.jpg
2025-08-18 09:50:18 [INFO    ] src.catalog_builder: Baixando imagem para SKU 12453868...
2025-08-18 09:50:19 [DEBUG   ] src.utils.images: Imagem salva: data/imagens\12453868.jpg
2025-08-18 09:50:19 [INFO    ] src.catalog_builder: Baixando imagem para SKU 12453877...
2025-08-18 09:50:20 [DEBUG   ] src.utils.images: Imagem salva: data/imagens\12453877.jpg
2025-08-18 09:50:20 [INFO    ] src.catalog_builder: Baixando imagem para SKU 12526259...
2025-08-18 09:50:21 [DEBUG   ] src.utils.images: Imagem salva: data/imagens\12526259.jpg
2025-08-18 09:50:21 [INFO    ] src.catalog_builder: Baixando imagem para SKU 12526285...
2025-08-18 09:50:22 [DEBUG   ] src.utils.images: Imagem salva: data/imagens\12526285.jpg
2025-08-18 09:50:22 [INFO    ] src.catalog_builder: Baixando imagem para SKU 12454355...
2025-08-18 09:50:24 [DEBUG   ] src.utils.images: Imagem salva: data/imagens\12454355.jpg
2025-08-18 09:50:24 [INFO    ] src.catalog_builder: Baixando imagem para SKU 12454380...
2025-08-18 09:50:25 [DEBUG   ] src.utils.images: Imagem salva: data/imagens\12454380.jpg
2025-08-18 09:50:25 [INFO    ] src.catalog_builder: Baixando imagem para SKU 12561091...
2025-08-18 09:50:26 [DEBUG   ] src.utils.images: Imagem salva: data/imagens\12561091.jpg
2025-08-18 09:50:26 [INFO    ] src.catalog_builder: Baixando imagem para SKU 12105545...
2025-08-18 09:50:28 [DEBUG   ] src.utils.images: Imagem salva: data/imagens\12105545.jpg
2025-08-18 09:50:28 [INFO    ] src.catalog_builder: Baixando imagem para SKU 12492194...
2025-08-18 09:50:29 [DEBUG   ] src.utils.images: Imagem salva: data/imagens\12492194.jpg
2025-08-18 09:50:29 [INFO    ] src.catalog_builder: Baixando imagem para SKU 12394435...
2025-08-18 09:50:31 [DEBUG   ] src.utils.images: Imagem salva: data/imagens\12394435.jpg
2025-08-18 09:50:31 [INFO    ] src.catalog_builder: Baixando imagem para SKU 12610403...
2025-08-18 09:50:32 [DEBUG   ] src.utils.images: Imagem salva: data/imagens\12610403.jpg
2025-08-18 09:50:32 [INFO    ] src.catalog_builder: Baixando imagem para SKU 12365022...
2025-08-18 09:50:33 [DEBUG   ] src.utils.images: Imagem salva: data/imagens\12365022.jpg
2025-08-18 09:50:33 [INFO    ] src.catalog_builder: Baixando imagem para SKU 12510020...
2025-08-18 09:50:35 [DEBUG   ] src.utils.images: Imagem salva: data/imagens\12510020.jpg
2025-08-18 09:50:35 [INFO    ] src.catalog_builder: Baixando imagem para SKU 12510030...
2025-08-18 09:50:36 [DEBUG   ] src.utils.images: Imagem salva: data/imagens\12510030.jpg
2025-08-18 09:50:36 [INFO    ] src.catalog_builder: Baixando imagem para SKU 12511794...
2025-08-18 09:50:37 [DEBUG   ] src.utils.images: Imagem salva: data/imagens\12511794.jpg
2025-08-18 09:50:37 [INFO    ] src.catalog_builder: Baixando imagem para SKU 12566987...
2025-08-18 09:50:38 [DEBUG   ] src.utils.images: Imagem salva: data/imagens\12566987.jpg
2025-08-18 09:50:38 [INFO    ] src.catalog_builder: Baixando imagem para SKU 12580999...
2025-08-18 09:50:40 [DEBUG   ] src.utils.images: Imagem salva: data/imagens\12580999.jpg
2025-08-18 09:50:40 [INFO    ] src.catalog_builder: Baixando imagem para SKU 12584239...
2025-08-18 09:50:41 [DEBUG   ] src.utils.images: Imagem salva: data/imagens\12584239.jpg
2025-08-18 09:50:41 [INFO    ] src.catalog_builder: Baixando imagem para SKU 12615709...
2025-08-18 09:50:42 [DEBUG   ] src.utils.images: Imagem salva: data/imagens\12615709.jpg
2025-08-18 09:50:42 [INFO    ] src.catalog_builder: Baixando imagem para SKU 12517524...
2025-08-18 09:50:43 [DEBUG   ] src.utils.images: Imagem salva: data/imagens\12517524.jpg
2025-08-18 09:50:43 [INFO    ] src.catalog_builder: Baixando imagem para SKU 12307595...
2025-08-18 09:50:44 [DEBUG   ] src.utils.images: Imagem salva: data/imagens\12307595.jpg
2025-08-18 09:50:44 [INFO    ] src.catalog_builder: Baixando imagem para SKU 12378133...
2025-08-18 09:50:45 [DEBUG   ] src.utils.images: Imagem salva: data/imagens\12378133.jpg
2025-08-18 09:50:45 [INFO    ] src.catalog_builder: Baixando imagem para SKU 12518098...
2025-08-18 09:50:46 [DEBUG   ] src.utils.images: Imagem salva: data/imagens\12518098.jpg
2025-08-18 09:50:46 [INFO    ] src.catalog_builder: Baixando imagem para SKU 12533669...
2025-08-18 09:50:47 [DEBUG   ] src.utils.images: Imagem salva: data/imagens\12533669.jpg
2025-08-18 09:50:47 [INFO    ] src.catalog_builder: Baixando imagem para SKU 12492195...
2025-08-18 09:50:48 [DEBUG   ] src.utils.images: Imagem salva: data/imagens\12492195.jpg
2025-08-18 09:50:48 [INFO    ] src.catalog_builder: Baixando imagem para SKU 12560459...
2025-08-18 09:50:50 [DEBUG   ] src.utils.images: Imagem salva: data/imagens\12560459.jpg
2025-08-18 09:50:50 [INFO    ] src.catalog_builder: Baixando imagem para SKU 12307596...
2025-08-18 09:50:51 [DEBUG   ] src.utils.images: Imagem salva: data/imagens\12307596.jpg
2025-08-18 09:50:51 [INFO    ] src.catalog_builder: Baixando imagem para SKU 12510643...
2025-08-18 09:50:52 [DEBUG   ] src.utils.images: Imagem salva: data/imagens\12510643.jpg
2025-08-18 09:50:52 [INFO    ] src.catalog_builder: Baixando imagem para SKU 12618462...
2025-08-18 09:50:54 [DEBUG   ] src.utils.images: Imagem salva: data/imagens\12618462.jpg
2025-08-18 09:50:54 [INFO    ] src.catalog_builder: Baixando imagem para SKU 414216...
2025-08-18 09:50:55 [DEBUG   ] src.utils.images: Imagem salva: data/imagens\414216.jpg
2025-08-18 09:50:55 [INFO    ] src.catalog_builder: Baixando imagem para SKU 12099104...
2025-08-18 09:50:56 [DEBUG   ] src.utils.images: Imagem salva: data/imagens\12099104.jpg
2025-08-18 09:50:56 [INFO    ] src.catalog_builder: Baixando imagem para SKU 12316706...
2025-08-18 09:50:57 [DEBUG   ] src.utils.images: Imagem salva: data/imagens\12316706.jpg
2025-08-18 09:50:57 [INFO    ] src.catalog_builder: Baixando imagem para SKU 12350191...
2025-08-18 09:50:58 [DEBUG   ] src.utils.images: Imagem salva: data/imagens\12350191.jpg
2025-08-18 09:50:58 [INFO    ] src.catalog_builder: Baixando imagem para SKU 12368428...
2025-08-18 09:50:59 [DEBUG   ] src.utils.images: Imagem salva: data/imagens\12368428.jpg
2025-08-18 09:50:59 [INFO    ] src.catalog_builder: Baixando imagem para SKU 12377691...
2025-08-18 09:51:00 [DEBUG   ] src.utils.images: Imagem salva: data/imagens\12377691.jpg
2025-08-18 09:51:00 [INFO    ] src.catalog_builder: Baixando imagem para SKU 12377692...
2025-08-18 09:51:01 [DEBUG   ] src.utils.images: Imagem salva: data/imagens\12377692.jpg
2025-08-18 09:51:01 [INFO    ] src.catalog_builder: Baixando imagem para SKU 12590631...
2025-08-18 09:51:02 [DEBUG   ] src.utils.images: Imagem salva: data/imagens\12590631.jpg
2025-08-18 09:51:02 [INFO    ] src.catalog_builder: Baixando imagem para SKU 12492201...
2025-08-18 09:51:03 [DEBUG   ] src.utils.images: Imagem salva: data/imagens\12492201.jpg
2025-08-18 09:51:03 [INFO    ] src.catalog_builder: Baixando imagem para SKU 12478287...
2025-08-18 09:51:04 [DEBUG   ] src.utils.images: Imagem salva: data/imagens\12478287.jpg
2025-08-18 09:51:04 [INFO    ] src.catalog_builder: Baixando imagem para SKU 12550953...
2025-08-18 09:51:05 [DEBUG   ] src.utils.images: Imagem salva: data/imagens\12550953.jpg
2025-08-18 09:51:05 [INFO    ] src.catalog_builder: Baixando imagem para SKU 12614177...
2025-08-18 09:51:07 [DEBUG   ] src.utils.images: Imagem salva: data/imagens\12614177.jpg
2025-08-18 09:51:07 [INFO    ] src.catalog_builder: Baixando imagem para SKU 12513468...
2025-08-18 09:51:08 [DEBUG   ] src.utils.images: Imagem salva: data/imagens\12513468.jpg
2025-08-18 09:51:08 [INFO    ] src.catalog_builder: Baixando imagem para SKU 12513483...
2025-08-18 09:51:09 [DEBUG   ] src.utils.images: Imagem salva: data/imagens\12513483.jpg
2025-08-18 09:51:09 [INFO    ] src.catalog_builder: Baixando imagem para SKU 12517928...
2025-08-18 09:51:10 [DEBUG   ] src.utils.images: Imagem salva: data/imagens\12517928.jpg
2025-08-18 09:51:10 [INFO    ] src.catalog_builder: Baixando imagem para SKU 12447216...
2025-08-18 09:51:10 [DEBUG   ] src.utils.images: Imagem salva: data/imagens\12447216.jpg
2025-08-18 09:51:10 [INFO    ] src.catalog_builder: Baixando imagem para SKU 12447223...
2025-08-18 09:51:11 [DEBUG   ] src.utils.images: Imagem salva: data/imagens\12447223.jpg
2025-08-18 09:51:11 [INFO    ] src.catalog_builder: Baixando imagem para SKU 12464177...
2025-08-18 09:51:12 [DEBUG   ] src.utils.images: Imagem salva: data/imagens\12464177.jpg
2025-08-18 09:51:12 [INFO    ] src.catalog_builder: Baixando imagem para SKU 12464249...
2025-08-18 09:51:13 [DEBUG   ] src.utils.images: Imagem salva: data/imagens\12464249.jpg
2025-08-18 09:51:13 [INFO    ] src.catalog_builder: Baixando imagem para SKU 12526304...
2025-08-18 09:51:14 [DEBUG   ] src.utils.images: Imagem salva: data/imagens\12526304.jpg
2025-08-18 09:51:14 [INFO    ] src.catalog_builder: Baixando imagem para SKU 12526305...
2025-08-18 09:51:15 [DEBUG   ] src.utils.images: Imagem salva: data/imagens\12526305.jpg
2025-08-18 09:51:15 [INFO    ] src.catalog_builder: Baixando imagem para SKU 12526320...
2025-08-18 09:51:16 [DEBUG   ] src.utils.images: Imagem salva: data/imagens\12526320.jpg
2025-08-18 09:51:16 [INFO    ] src.catalog_builder: Baixando imagem para SKU 12527297...
2025-08-18 09:51:17 [DEBUG   ] src.utils.images: Imagem salva: data/imagens\12527297.jpg
2025-08-18 09:51:17 [INFO    ] src.catalog_builder: Baixando imagem para SKU 12527298...
2025-08-18 09:51:18 [DEBUG   ] src.utils.images: Imagem salva: data/imagens\12527298.jpg
2025-08-18 09:51:18 [INFO    ] src.catalog_builder: Baixando imagem para SKU 12489996...
2025-08-18 09:51:20 [DEBUG   ] src.utils.images: Imagem salva: data/imagens\12489996.jpg
2025-08-18 09:51:20 [INFO    ] src.catalog_builder: Baixando imagem para SKU 12527322...
2025-08-18 09:51:21 [DEBUG   ] src.utils.images: Imagem salva: data/imagens\12527322.jpg
2025-08-18 09:51:21 [INFO    ] src.catalog_builder: Baixando imagem para SKU 12527434...
2025-08-18 09:51:22 [DEBUG   ] src.utils.images: Imagem salva: data/imagens\12527434.jpg
2025-08-18 09:51:22 [INFO    ] src.catalog_builder: Baixando imagem para SKU 12343630...
2025-08-18 09:51:22 [DEBUG   ] src.utils.images: Imagem salva: data/imagens\12343630.jpg
2025-08-18 09:51:22 [INFO    ] src.catalog_builder: Baixando imagem para SKU 12495098...
2025-08-18 09:51:23 [DEBUG   ] src.utils.images: Imagem salva: data/imagens\12495098.jpg
2025-08-18 09:51:23 [INFO    ] src.catalog_builder: Baixando imagem para SKU 12492196...
2025-08-18 09:51:24 [DEBUG   ] src.utils.images: Imagem salva: data/imagens\12492196.jpg
2025-08-18 09:51:24 [INFO    ] src.catalog_builder: Baixando imagem para SKU 12342558...
2025-08-18 09:51:25 [DEBUG   ] src.utils.images: Imagem salva: data/imagens\12342558.jpg
2025-08-18 09:51:25 [INFO    ] src.catalog_builder: Baixando imagem para SKU 414513...
2025-08-18 09:51:26 [DEBUG   ] src.utils.images: Imagem salva: data/imagens\414513.jpg
2025-08-18 09:51:26 [INFO    ] src.catalog_builder: Baixando imagem para SKU 12321616...
2025-08-18 09:51:27 [DEBUG   ] src.utils.images: Imagem salva: data/imagens\12321616.jpg
2025-08-18 09:51:27 [INFO    ] src.catalog_builder: Baixando imagem para SKU 12196210...
2025-08-18 09:51:29 [DEBUG   ] src.utils.images: Imagem salva: data/imagens\12196210.jpg
2025-08-18 09:51:29 [INFO    ] src.catalog_builder: Baixando imagem para SKU 414050...
2025-08-18 09:51:30 [DEBUG   ] src.utils.images: Imagem salva: data/imagens\414050.jpg
2025-08-18 09:51:30 [INFO    ] src.catalog_builder: Baixando imagem para SKU 414057...
2025-08-18 09:51:31 [DEBUG   ] src.utils.images: Imagem salva: data/imagens\414057.jpg
2025-08-18 09:51:31 [INFO    ] src.catalog_builder: Baixando imagem para SKU 12227748...
2025-08-18 09:51:32 [DEBUG   ] src.utils.images: Imagem salva: data/imagens\12227748.jpg
2025-08-18 09:51:32 [INFO    ] src.catalog_builder: Baixando imagem para SKU 12272482...
2025-08-18 09:51:32 [DEBUG   ] src.utils.images: Imagem salva: data/imagens\12272482.jpg
2025-08-18 09:51:32 [INFO    ] src.catalog_builder: Baixando imagem para SKU 12310601...
2025-08-18 09:51:33 [DEBUG   ] src.utils.images: Imagem salva: data/imagens\12310601.jpg
2025-08-18 09:51:33 [INFO    ] src.catalog_builder: Baixando imagem para SKU 6220511...
2025-08-18 09:51:34 [DEBUG   ] src.utils.images: Imagem salva: data/imagens\6220511.jpg
2025-08-18 09:51:34 [INFO    ] src.catalog_builder: Baixando imagem para SKU 12414266...
2025-08-18 09:51:35 [DEBUG   ] src.utils.images: Imagem salva: data/imagens\12414266.jpg
2025-08-18 09:51:35 [INFO    ] src.catalog_builder: Baixando imagem para SKU 12576093...
2025-08-18 09:51:37 [DEBUG   ] src.utils.images: Imagem salva: data/imagens\12576093.jpg
2025-08-18 09:51:37 [INFO    ] src.catalog_builder: Baixando imagem para SKU 12576102...
2025-08-18 09:51:38 [DEBUG   ] src.utils.images: Imagem salva: data/imagens\12576102.jpg
2025-08-18 09:51:38 [INFO    ] src.catalog_builder: Baixando imagem para SKU 12549161...
2025-08-18 09:51:39 [DEBUG   ] src.utils.images: Imagem salva: data/imagens\12549161.jpg
2025-08-18 09:51:39 [INFO    ] src.catalog_builder: Baixando imagem para SKU 12571372...
2025-08-18 09:51:40 [DEBUG   ] src.utils.images: Imagem salva: data/imagens\12571372.jpg
2025-08-18 09:51:40 [INFO    ] src.catalog_builder: Baixando imagem para SKU 12519484...
2025-08-18 09:51:42 [DEBUG   ] src.utils.images: Imagem salva: data/imagens\12519484.jpg
2025-08-18 09:51:42 [INFO    ] src.catalog_builder: Baixando imagem para SKU 12155337...
2025-08-18 09:51:42 [DEBUG   ] src.utils.images: Imagem salva: data/imagens\12155337.jpg
2025-08-18 09:51:42 [INFO    ] src.catalog_builder: Baixando imagem para SKU 12368980...
2025-08-18 09:51:43 [DEBUG   ] src.utils.images: Imagem salva: data/imagens\12368980.jpg
2025-08-18 09:51:43 [INFO    ] src.catalog_builder: Baixando imagem para SKU 12416237...
2025-08-18 09:51:44 [DEBUG   ] src.utils.images: Imagem salva: data/imagens\12416237.jpg
2025-08-18 09:51:44 [INFO    ] src.catalog_builder: Baixando imagem para SKU 12458949...
2025-08-18 09:51:46 [DEBUG   ] src.utils.images: Imagem salva: data/imagens\12458949.jpg
2025-08-18 09:51:46 [INFO    ] src.catalog_builder: Baixando imagem para SKU 12570879...
2025-08-18 09:51:47 [DEBUG   ] src.utils.images: Imagem salva: data/imagens\12570879.jpg
2025-08-18 09:51:47 [INFO    ] src.catalog_builder: Baixando imagem para SKU 12603891...
2025-08-18 09:51:48 [DEBUG   ] src.utils.images: Imagem salva: data/imagens\12603891.jpg
2025-08-18 09:51:48 [INFO    ] src.catalog_builder: Baixando imagem para SKU 12482821...
2025-08-18 09:51:50 [DEBUG   ] src.utils.images: Imagem salva: data/imagens\12482821.jpg
2025-08-18 09:51:50 [INFO    ] src.catalog_builder: Baixando imagem para SKU 12522825...
2025-08-18 09:51:51 [DEBUG   ] src.utils.images: Imagem salva: data/imagens\12522825.jpg
2025-08-18 09:51:51 [INFO    ] src.catalog_builder: Baixando imagem para SKU 12522826...
2025-08-18 09:51:52 [DEBUG   ] src.utils.images: Imagem salva: data/imagens\12522826.jpg
2025-08-18 09:51:52 [INFO    ] src.catalog_builder: Baixando imagem para SKU 12522835...
2025-08-18 09:51:53 [DEBUG   ] src.utils.images: Imagem salva: data/imagens\12522835.jpg
2025-08-18 09:51:53 [INFO    ] src.catalog_builder: Baixando imagem para SKU 12526311...
2025-08-18 09:51:55 [DEBUG   ] src.utils.images: Imagem salva: data/imagens\12526311.jpg
2025-08-18 09:51:55 [INFO    ] src.catalog_builder: Baixando imagem para SKU 12527435...
2025-08-18 09:51:56 [DEBUG   ] src.utils.images: Imagem salva: data/imagens\12527435.jpg
2025-08-18 09:51:56 [INFO    ] src.catalog_builder: Baixando imagem para SKU 12584392...
2025-08-18 09:51:57 [DEBUG   ] src.utils.images: Imagem salva: data/imagens\12584392.jpg
2025-08-18 09:51:57 [INFO    ] src.catalog_builder: Baixando imagem para SKU 12581702...
2025-08-18 09:51:57 [DEBUG   ] src.utils.images: Imagem salva: data/imagens\12581702.jpg
2025-08-18 09:51:57 [INFO    ] src.catalog_builder: Baixando imagem para SKU 12601436...
2025-08-18 09:51:58 [DEBUG   ] src.utils.images: Imagem salva: data/imagens\12601436.jpg
2025-08-18 09:51:58 [INFO    ] src.catalog_builder: Baixando imagem para SKU 12522829...
2025-08-18 09:51:59 [DEBUG   ] src.utils.images: Imagem salva: data/imagens\12522829.jpg
2025-08-18 09:51:59 [INFO    ] src.catalog_builder: Baixando imagem para SKU 12533720...
2025-08-18 09:52:01 [DEBUG   ] src.utils.images: Imagem salva: data/imagens\12533720.jpg
2025-08-18 09:52:01 [INFO    ] src.catalog_builder: Baixando imagem para SKU 12581976...
2025-08-18 09:52:02 [DEBUG   ] src.utils.images: Imagem salva: data/imagens\12581976.jpg
2025-08-18 09:52:02 [INFO    ] src.catalog_builder: Baixando imagem para SKU 12581977...
2025-08-18 09:52:03 [DEBUG   ] src.utils.images: Imagem salva: data/imagens\12581977.jpg
2025-08-18 09:52:03 [INFO    ] src.catalog_builder: Baixando imagem para SKU 11322004...
2025-08-18 09:52:05 [DEBUG   ] src.utils.images: Imagem salva: data/imagens\11322004.jpg
2025-08-18 09:52:05 [INFO    ] src.catalog_builder: Baixando imagem para SKU 12460205...
2025-08-18 09:52:06 [DEBUG   ] src.utils.images: Imagem salva: data/imagens\12460205.jpg
2025-08-18 09:52:06 [INFO    ] src.catalog_builder: Baixando imagem para SKU 12460228...
2025-08-18 09:52:07 [DEBUG   ] src.utils.images: Imagem salva: data/imagens\12460228.jpg
2025-08-18 09:52:07 [INFO    ] src.catalog_builder: Baixando imagem para SKU 11320040...
2025-08-18 09:52:08 [DEBUG   ] src.utils.images: Imagem salva: data/imagens\11320040.jpg
2025-08-18 09:52:08 [INFO    ] src.catalog_builder: Baixando imagem para SKU 11320042...
2025-08-18 09:52:09 [DEBUG   ] src.utils.images: Imagem salva: data/imagens\11320042.jpg
2025-08-18 09:52:09 [INFO    ] src.catalog_builder: Baixando imagem para SKU 11320197...
2025-08-18 09:52:11 [DEBUG   ] src.utils.images: Imagem salva: data/imagens\11320197.jpg
2025-08-18 09:52:11 [INFO    ] src.catalog_builder: Baixando imagem para SKU 11320198...
2025-08-18 09:52:12 [DEBUG   ] src.utils.images: Imagem salva: data/imagens\11320198.jpg
2025-08-18 09:52:12 [INFO    ] src.catalog_builder: Baixando imagem para SKU 11320199...
2025-08-18 09:52:13 [DEBUG   ] src.utils.images: Imagem salva: data/imagens\11320199.jpg
2025-08-18 09:52:13 [INFO    ] src.catalog_builder: Baixando imagem para SKU 11320209...
2025-08-18 09:52:15 [DEBUG   ] src.utils.images: Imagem salva: data/imagens\11320209.jpg
2025-08-18 09:52:15 [INFO    ] src.catalog_builder: Baixando imagem para SKU 11324001...
2025-08-18 09:52:16 [DEBUG   ] src.utils.images: Imagem salva: data/imagens\11324001.jpg
2025-08-18 09:52:16 [INFO    ] src.catalog_builder: Baixando imagem para SKU 12277350...
2025-08-18 09:52:17 [DEBUG   ] src.utils.images: Imagem salva: data/imagens\12277350.jpg
2025-08-18 09:52:17 [INFO    ] src.catalog_builder: Baixando imagem para SKU 12492197...
2025-08-18 09:52:17 [DEBUG   ] src.utils.images: Imagem salva: data/imagens\12492197.jpg
2025-08-18 09:52:17 [INFO    ] src.catalog_builder: Baixando imagem para SKU 12492199...
2025-08-18 09:52:19 [DEBUG   ] src.utils.images: Imagem salva: data/imagens\12492199.jpg
2025-08-18 09:52:19 [INFO    ] src.catalog_builder: Baixando imagem para SKU 12492202...
2025-08-18 09:52:20 [DEBUG   ] src.utils.images: Imagem salva: data/imagens\12492202.jpg
2025-08-18 09:52:20 [INFO    ] src.catalog_builder: Baixando imagem para SKU 12492203...
2025-08-18 09:52:21 [DEBUG   ] src.utils.images: Imagem salva: data/imagens\12492203.jpg
2025-08-18 09:52:21 [INFO    ] src.catalog_builder: Baixando imagem para SKU 12492209...
2025-08-18 09:52:21 [DEBUG   ] src.utils.images: Imagem salva: data/imagens\12492209.jpg
2025-08-18 09:52:21 [INFO    ] src.catalog_builder: Baixando imagem para SKU 12492210...
2025-08-18 09:52:22 [DEBUG   ] src.utils.images: Imagem salva: data/imagens\12492210.jpg
2025-08-18 09:52:22 [INFO    ] src.catalog_builder: Baixando imagem para SKU 12492216...
2025-08-18 09:52:24 [DEBUG   ] src.utils.images: Imagem salva: data/imagens\12492216.jpg
2025-08-18 09:52:24 [INFO    ] src.catalog_builder: Baixando imagem para SKU 12414389...
2025-08-18 09:52:25 [DEBUG   ] src.utils.images: Imagem salva: data/imagens\12414389.jpg
2025-08-18 09:52:25 [INFO    ] src.catalog_builder: Baixando imagem para SKU 412340...
2025-08-18 09:52:25 [DEBUG   ] src.utils.images: Imagem salva: data/imagens\412340.jpg
2025-08-18 09:52:25 [INFO    ] src.catalog_builder: Baixando imagem para SKU 412341...
2025-08-18 09:52:27 [DEBUG   ] src.utils.images: Imagem salva: data/imagens\412341.jpg
2025-08-18 09:52:27 [INFO    ] src.catalog_builder: Baixando imagem para SKU 412342...
2025-08-18 09:52:28 [DEBUG   ] src.utils.images: Imagem salva: data/imagens\412342.jpg
2025-08-18 09:52:28 [INFO    ] src.catalog_builder: Baixando imagem para SKU 12429007...
2025-08-18 09:52:29 [DEBUG   ] src.utils.images: Imagem salva: data/imagens\12429007.jpg
2025-08-18 09:52:29 [INFO    ] src.catalog_builder: Baixando imagem para SKU 12595377...
2025-08-18 09:52:30 [DEBUG   ] src.utils.images: Imagem salva: data/imagens\12595377.jpg
2025-08-18 09:52:30 [INFO    ] src.catalog_builder: Baixando imagem para SKU 12595468...
2025-08-18 09:52:31 [DEBUG   ] src.utils.images: Imagem salva: data/imagens\12595468.jpg
2025-08-18 09:52:31 [INFO    ] src.catalog_builder: Baixando imagem para SKU 12177187...
2025-08-18 09:52:32 [DEBUG   ] src.utils.images: Imagem salva: data/imagens\12177187.jpg
2025-08-18 09:52:32 [INFO    ] src.catalog_builder: Baixando imagem para SKU 12177188...
2025-08-18 09:52:33 [DEBUG   ] src.utils.images: Imagem salva: data/imagens\12177188.jpg
2025-08-18 09:52:33 [INFO    ] src.catalog_builder: Baixando imagem para SKU 12185378...
2025-08-18 09:52:34 [DEBUG   ] src.utils.images: Imagem salva: data/imagens\12185378.jpg
2025-08-18 09:52:34 [INFO    ] src.catalog_builder: Baixando imagem para SKU 12248107...
2025-08-18 09:52:35 [DEBUG   ] src.utils.images: Imagem salva: data/imagens\12248107.jpg
2025-08-18 09:52:35 [INFO    ] src.catalog_builder: Baixando imagem para SKU 12416339...
2025-08-18 09:52:37 [DEBUG   ] src.utils.images: Imagem salva: data/imagens\12416339.jpg
2025-08-18 09:52:37 [INFO    ] src.catalog_builder: Baixando imagem para SKU 12416364...
2025-08-18 09:52:38 [DEBUG   ] src.utils.images: Imagem salva: data/imagens\12416364.jpg
2025-08-18 09:52:38 [INFO    ] src.catalog_builder: Baixando imagem para SKU 411269...
2025-08-18 09:52:39 [DEBUG   ] src.utils.images: Imagem salva: data/imagens\411269.jpg
2025-08-18 09:52:39 [INFO    ] src.catalog_builder: Baixando imagem para SKU 12413903...
2025-08-18 09:52:40 [DEBUG   ] src.utils.images: Imagem salva: data/imagens\12413903.jpg
2025-08-18 09:52:40 [INFO    ] src.catalog_builder: Baixando imagem para SKU 12091059...
2025-08-18 09:52:42 [DEBUG   ] src.utils.images: Imagem salva: data/imagens\12091059.jpg
2025-08-18 09:52:42 [INFO    ] src.catalog_builder: Baixando imagem para SKU 12440848...
2025-08-18 09:52:43 [DEBUG   ] src.utils.images: Imagem salva: data/imagens\12440848.jpg
2025-08-18 09:52:43 [INFO    ] src.catalog_builder: Baixando imagem para SKU 12451066...
2025-08-18 09:52:44 [DEBUG   ] src.utils.images: Imagem salva: data/imagens\12451066.jpg
2025-08-18 09:52:44 [INFO    ] src.catalog_builder: Baixando imagem para SKU 12549150...
2025-08-18 09:52:45 [DEBUG   ] src.utils.images: Imagem salva: data/imagens\12549150.jpg
2025-08-18 09:52:45 [INFO    ] src.catalog_builder: Baixando imagem para SKU 12549142...
2025-08-18 09:52:47 [DEBUG   ] src.utils.images: Imagem salva: data/imagens\12549142.jpg
2025-08-18 09:52:47 [INFO    ] src.catalog_builder: Baixando imagem para SKU 12329921...
2025-08-18 09:52:48 [DEBUG   ] src.utils.images: Imagem salva: data/imagens\12329921.jpg
2025-08-18 09:52:48 [INFO    ] src.catalog_builder: Baixando imagem para SKU 12329922...
2025-08-18 09:52:49 [DEBUG   ] src.utils.images: Imagem salva: data/imagens\12329922.jpg
2025-08-18 09:52:49 [INFO    ] src.catalog_builder: Baixando imagem para SKU 12344609...
2025-08-18 09:52:50 [DEBUG   ] src.utils.images: Imagem salva: data/imagens\12344609.jpg
2025-08-18 09:52:50 [INFO    ] src.catalog_builder: Baixando imagem para SKU 12344651...
2025-08-18 09:52:51 [DEBUG   ] src.utils.images: Imagem salva: data/imagens\12344651.jpg
2025-08-18 09:52:51 [INFO    ] src.catalog_builder: Baixando imagem para SKU 12346031...
2025-08-18 09:52:53 [DEBUG   ] src.utils.images: Imagem salva: data/imagens\12346031.jpg
2025-08-18 09:52:53 [INFO    ] src.catalog_builder: Baixando imagem para SKU 12349928...
2025-08-18 09:52:54 [DEBUG   ] src.utils.images: Imagem salva: data/imagens\12349928.jpg
2025-08-18 09:52:54 [INFO    ] src.catalog_builder: Baixando imagem para SKU 12350064...
2025-08-18 09:52:55 [DEBUG   ] src.utils.images: Imagem salva: data/imagens\12350064.jpg
2025-08-18 09:52:55 [INFO    ] src.catalog_builder: Baixando imagem para SKU 12350073...
2025-08-18 09:52:56 [DEBUG   ] src.utils.images: Imagem salva: data/imagens\12350073.jpg
2025-08-18 09:52:56 [INFO    ] src.catalog_builder: Baixando imagem para SKU 12350074...
2025-08-18 09:52:57 [DEBUG   ] src.utils.images: Imagem salva: data/imagens\12350074.jpg
2025-08-18 09:52:57 [INFO    ] src.catalog_builder: Baixando imagem para SKU 12350100...
2025-08-18 09:52:58 [DEBUG   ] src.utils.images: Imagem salva: data/imagens\12350100.jpg
2025-08-18 09:52:58 [INFO    ] src.catalog_builder: Baixando imagem para SKU 12355785...
2025-08-18 09:53:00 [DEBUG   ] src.utils.images: Imagem salva: data/imagens\12355785.jpg
2025-08-18 09:53:00 [INFO    ] src.catalog_builder: Baixando imagem para SKU 12355788...
2025-08-18 09:53:01 [DEBUG   ] src.utils.images: Imagem salva: data/imagens\12355788.jpg
2025-08-18 09:53:01 [INFO    ] src.catalog_builder: Baixando imagem para SKU 12355789...
2025-08-18 09:53:02 [DEBUG   ] src.utils.images: Imagem salva: data/imagens\12355789.jpg
2025-08-18 09:53:02 [INFO    ] src.catalog_builder: Baixando imagem para SKU 12355810...
2025-08-18 09:53:03 [DEBUG   ] src.utils.images: Imagem salva: data/imagens\12355810.jpg
2025-08-18 09:53:03 [INFO    ] src.catalog_builder: Baixando imagem para SKU 12417921...
2025-08-18 09:53:04 [DEBUG   ] src.utils.images: Imagem salva: data/imagens\12417921.jpg
2025-08-18 09:53:04 [INFO    ] src.catalog_builder: Baixando imagem para SKU 415306...
2025-08-18 09:53:06 [DEBUG   ] src.utils.images: Imagem salva: data/imagens\415306.jpg
2025-08-18 09:53:06 [INFO    ] src.catalog_builder: Baixando imagem para SKU 415385...
2025-08-18 09:53:07 [DEBUG   ] src.utils.images: Imagem salva: data/imagens\415385.jpg
2025-08-18 09:53:07 [INFO    ] src.catalog_builder: Baixando imagem para SKU 12400662...
2025-08-18 09:53:08 [DEBUG   ] src.utils.images: Imagem salva: data/imagens\12400662.jpg
2025-08-18 09:53:08 [INFO    ] src.catalog_builder: Baixando imagem para SKU 415400...
2025-08-18 09:53:09 [DEBUG   ] src.utils.images: Imagem salva: data/imagens\415400.jpg
2025-08-18 09:53:09 [INFO    ] src.catalog_builder: Baixando imagem para SKU 415820...
2025-08-18 09:53:11 [DEBUG   ] src.utils.images: Imagem salva: data/imagens\415820.jpg
2025-08-18 09:53:11 [INFO    ] src.catalog_builder: Baixando imagem para SKU 415821...
2025-08-18 09:53:12 [DEBUG   ] src.utils.images: Imagem salva: data/imagens\415821.jpg
2025-08-18 09:53:12 [INFO    ] src.catalog_builder: Baixando imagem para SKU 12041117...
2025-08-18 09:53:13 [DEBUG   ] src.utils.images: Imagem salva: data/imagens\12041117.jpg
2025-08-18 09:53:13 [INFO    ] src.catalog_builder: Baixando imagem para SKU 12223291...
2025-08-18 09:53:14 [DEBUG   ] src.utils.images: Imagem salva: data/imagens\12223291.jpg
2025-08-18 09:53:14 [INFO    ] src.catalog_builder: Baixando imagem para SKU 12392354...
2025-08-18 09:53:15 [DEBUG   ] src.utils.images: Imagem salva: data/imagens\12392354.jpg
2025-08-18 09:53:15 [INFO    ] src.catalog_builder: Baixando imagem para SKU 12392355...
2025-08-18 09:53:17 [DEBUG   ] src.utils.images: Imagem salva: data/imagens\12392355.jpg
2025-08-18 09:53:17 [INFO    ] src.catalog_builder: Baixando imagem para SKU 415084...
2025-08-18 09:53:18 [DEBUG   ] src.utils.images: Imagem salva: data/imagens\415084.jpg
2025-08-18 09:53:18 [INFO    ] src.catalog_builder: Baixando imagem para SKU 12480738...
2025-08-18 09:53:19 [DEBUG   ] src.utils.images: Imagem salva: data/imagens\12480738.jpg
2025-08-18 09:53:19 [INFO    ] src.catalog_builder: Baixando imagem para SKU 12480745...
2025-08-18 09:53:20 [DEBUG   ] src.utils.images: Imagem salva: data/imagens\12480745.jpg
2025-08-18 09:53:20 [INFO    ] src.catalog_builder: Baixando imagem para SKU 12480752...
2025-08-18 09:53:22 [DEBUG   ] src.utils.images: Imagem salva: data/imagens\12480752.jpg
2025-08-18 09:53:22 [INFO    ] src.catalog_builder: Baixando imagem para SKU 12611501...
2025-08-18 09:53:22 [DEBUG   ] src.utils.images: Imagem salva: data/imagens\12611501.jpg
2025-08-18 09:53:22 [INFO    ] src.catalog_builder: Baixando imagem para SKU 12611512...
2025-08-18 09:53:23 [DEBUG   ] src.utils.images: Imagem salva: data/imagens\12611512.jpg
2025-08-18 09:53:23 [INFO    ] src.catalog_builder: Baixando imagem para SKU 12612574...
2025-08-18 09:53:25 [DEBUG   ] src.utils.images: Imagem salva: data/imagens\12612574.jpg
2025-08-18 09:53:25 [INFO    ] src.catalog_builder: Baixando imagem para SKU 12583426...
2025-08-18 09:53:25 [DEBUG   ] src.utils.images: Imagem salva: data/imagens\12583426.jpg
2025-08-18 09:53:25 [INFO    ] src.catalog_builder: Baixando imagem para SKU 12600478...
2025-08-18 09:53:26 [DEBUG   ] src.utils.images: Imagem salva: data/imagens\12600478.jpg
2025-08-18 09:53:26 [INFO    ] src.catalog_builder: Baixando imagem para SKU 12600497...
2025-08-18 09:53:27 [DEBUG   ] src.utils.images: Imagem salva: data/imagens\12600497.jpg
2025-08-18 09:53:27 [INFO    ] src.catalog_builder: Baixando imagem para SKU 12600503...
2025-08-18 09:53:29 [DEBUG   ] src.utils.images: Imagem salva: data/imagens\12600503.jpg
2025-08-18 09:53:29 [INFO    ] src.catalog_builder: Baixando imagem para SKU 415013...
2025-08-18 09:53:30 [DEBUG   ] src.utils.images: Imagem salva: data/imagens\415013.jpg
2025-08-18 09:53:30 [INFO    ] src.catalog_builder: Baixando imagem para SKU 415014...
2025-08-18 09:53:31 [DEBUG   ] src.utils.images: Imagem salva: data/imagens\415014.jpg
2025-08-18 09:53:31 [INFO    ] src.catalog_builder: Baixando imagem para SKU 12571524...
2025-08-18 09:53:32 [DEBUG   ] src.utils.images: Imagem salva: data/imagens\12571524.jpg
2025-08-18 09:53:32 [INFO    ] src.catalog_builder: Baixando imagem para SKU 12384866...
2025-08-18 09:53:33 [DEBUG   ] src.utils.images: Imagem salva: data/imagens\12384866.jpg
2025-08-18 09:53:33 [INFO    ] src.catalog_builder: Baixando imagem para SKU 12384867...
2025-08-18 09:53:35 [DEBUG   ] src.utils.images: Imagem salva: data/imagens\12384867.jpg
2025-08-18 09:53:35 [INFO    ] src.catalog_builder: Baixando imagem para SKU 12384868...
2025-08-18 09:53:36 [DEBUG   ] src.utils.images: Imagem salva: data/imagens\12384868.jpg
2025-08-18 09:53:36 [INFO    ] src.catalog_builder: Baixando imagem para SKU 12519868...
2025-08-18 09:53:37 [DEBUG   ] src.utils.images: Imagem salva: data/imagens\12519868.jpg
2025-08-18 09:53:37 [INFO    ] src.catalog_builder: Baixando imagem para SKU 12519873...
2025-08-18 09:53:39 [DEBUG   ] src.utils.images: Imagem salva: data/imagens\12519873.jpg
2025-08-18 09:53:39 [INFO    ] src.catalog_builder: Baixando imagem para SKU 12520225...
2025-08-18 09:53:40 [DEBUG   ] src.utils.images: Imagem salva: data/imagens\12520225.jpg
2025-08-18 09:53:40 [INFO    ] src.catalog_builder: Baixando imagem para SKU 12520226...
2025-08-18 09:53:41 [DEBUG   ] src.utils.images: Imagem salva: data/imagens\12520226.jpg
2025-08-18 09:53:41 [INFO    ] src.catalog_builder: Baixando imagem para SKU 12520229...
2025-08-18 09:53:43 [DEBUG   ] src.utils.images: Imagem salva: data/imagens\12520229.jpg
2025-08-18 09:53:43 [INFO    ] src.catalog_builder: Baixando imagem para SKU 12351488...
2025-08-18 09:53:44 [DEBUG   ] src.utils.images: Imagem salva: data/imagens\12351488.jpg
2025-08-18 09:53:44 [INFO    ] src.catalog_builder: Baixando imagem para SKU 12408826...
2025-08-18 09:53:45 [DEBUG   ] src.utils.images: Imagem salva: data/imagens\12408826.jpg
2025-08-18 09:53:45 [INFO    ] src.catalog_builder: Baixando imagem para SKU 12240800...
2025-08-18 09:53:46 [DEBUG   ] src.utils.images: Imagem salva: data/imagens\12240800.jpg
2025-08-18 09:53:46 [INFO    ] src.catalog_builder: Baixando imagem para SKU 12520236...
2025-08-18 09:53:47 [DEBUG   ] src.utils.images: Imagem salva: data/imagens\12520236.jpg
2025-08-18 09:53:47 [INFO    ] src.catalog_builder: Baixando imagem para SKU 12501811...
2025-08-18 09:53:47 [DEBUG   ] src.utils.images: Imagem salva: data/imagens\12501811.jpg
2025-08-18 09:53:47 [INFO    ] src.catalog_builder: Baixando imagem para SKU 12521749...
2025-08-18 09:53:49 [DEBUG   ] src.utils.images: Imagem salva: data/imagens\12521749.jpg
2025-08-18 09:53:49 [INFO    ] src.catalog_builder: Baixando imagem para SKU 12442256...
2025-08-18 09:53:50 [DEBUG   ] src.utils.images: Imagem salva: data/imagens\12442256.jpg
2025-08-18 09:53:50 [INFO    ] src.catalog_builder: Baixando imagem para SKU 12561814...
2025-08-18 09:53:51 [DEBUG   ] src.utils.images: Imagem salva: data/imagens\12561814.jpg
2025-08-18 09:53:51 [INFO    ] src.catalog_builder: Baixando imagem para SKU 12561840...
2025-08-18 09:53:52 [DEBUG   ] src.utils.images: Imagem salva: data/imagens\12561840.jpg
2025-08-18 09:53:52 [INFO    ] src.catalog_builder: Baixando imagem para SKU 12609999...
2025-08-18 09:53:53 [DEBUG   ] src.utils.images: Imagem salva: data/imagens\12609999.jpg
2025-08-18 09:53:53 [INFO    ] src.catalog_builder: Baixando imagem para SKU 12610012...
2025-08-18 09:53:55 [DEBUG   ] src.utils.images: Imagem salva: data/imagens\12610012.jpg
2025-08-18 09:53:55 [INFO    ] src.catalog_builder: Baixando imagem para SKU 12612342...
2025-08-18 09:53:56 [DEBUG   ] src.utils.images: Imagem salva: data/imagens\12612342.jpg
2025-08-18 09:53:56 [INFO    ] src.catalog_builder: Baixando imagem para SKU 6621511...
2025-08-18 09:53:57 [DEBUG   ] src.utils.images: Imagem salva: data/imagens\6621511.jpg
2025-08-18 09:53:57 [INFO    ] src.catalog_builder: Baixando imagem para SKU 12519758...
2025-08-18 09:53:57 [DEBUG   ] src.utils.images: Imagem salva: data/imagens\12519758.jpg
2025-08-18 09:53:57 [INFO    ] src.catalog_builder: Baixando imagem para SKU 6620911...
2025-08-18 09:53:58 [DEBUG   ] src.utils.images: Imagem salva: data/imagens\6620911.jpg
2025-08-18 09:53:58 [INFO    ] src.catalog_builder: Baixando imagem para SKU 6621011...
2025-08-18 09:53:59 [DEBUG   ] src.utils.images: Imagem salva: data/imagens\6621011.jpg
2025-08-18 09:53:59 [INFO    ] src.catalog_builder: Baixando imagem para SKU 12029565...
2025-08-18 09:54:00 [DEBUG   ] src.utils.images: Imagem salva: data/imagens\12029565.jpg
2025-08-18 09:54:00 [INFO    ] src.catalog_builder: Baixando imagem para SKU 12029252...
2025-08-18 09:54:02 [DEBUG   ] src.utils.images: Imagem salva: data/imagens\12029252.jpg
2025-08-18 09:54:02 [INFO    ] src.catalog_builder: Baixando imagem para SKU 12535219...
2025-08-18 09:54:03 [DEBUG   ] src.utils.images: Imagem salva: data/imagens\12535219.jpg
2025-08-18 09:54:03 [INFO    ] src.catalog_builder: Baixando imagem para SKU 12535237...
2025-08-18 09:54:04 [DEBUG   ] src.utils.images: Imagem salva: data/imagens\12535237.jpg
2025-08-18 09:54:04 [INFO    ] src.catalog_builder: Baixando imagem para SKU 12535260...
2025-08-18 09:54:05 [DEBUG   ] src.utils.images: Imagem salva: data/imagens\12535260.jpg
2025-08-18 09:54:05 [INFO    ] src.catalog_builder: Baixando imagem para SKU 12562738...
2025-08-18 09:54:07 [DEBUG   ] src.utils.images: Imagem salva: data/imagens\12562738.jpg
2025-08-18 09:54:07 [INFO    ] src.catalog_builder: Baixando imagem para SKU 12562754...
2025-08-18 09:54:08 [DEBUG   ] src.utils.images: Imagem salva: data/imagens\12562754.jpg
2025-08-18 09:54:08 [INFO    ] src.catalog_builder: Baixando imagem para SKU 12562774...
2025-08-18 09:54:09 [DEBUG   ] src.utils.images: Imagem salva: data/imagens\12562774.jpg
2025-08-18 09:54:09 [INFO    ] src.catalog_builder: Baixando imagem para SKU 12519762...
2025-08-18 09:54:10 [DEBUG   ] src.utils.images: Imagem salva: data/imagens\12519762.jpg
2025-08-18 09:54:10 [INFO    ] src.catalog_builder: Baixando imagem para SKU 12447487...
2025-08-18 09:54:12 [DEBUG   ] src.utils.images: Imagem salva: data/imagens\12447487.jpg
2025-08-18 09:54:12 [INFO    ] src.catalog_builder: Baixando imagem para SKU 12406967...
2025-08-18 09:54:13 [DEBUG   ] src.utils.images: Imagem salva: data/imagens\12406967.jpg
2025-08-18 09:54:13 [INFO    ] src.catalog_builder: Baixando imagem para SKU 12406968...
2025-08-18 09:54:14 [DEBUG   ] src.utils.images: Imagem salva: data/imagens\12406968.jpg
2025-08-18 09:54:14 [INFO    ] src.catalog_builder: Baixando imagem para SKU 12406969...
2025-08-18 09:54:15 [DEBUG   ] src.utils.images: Imagem salva: data/imagens\12406969.jpg
2025-08-18 09:54:15 [INFO    ] src.catalog_builder: Baixando imagem para SKU 12519988...
2025-08-18 09:54:16 [DEBUG   ] src.utils.images: Imagem salva: data/imagens\12519988.jpg
2025-08-18 09:54:16 [INFO    ] src.catalog_builder: Baixando imagem para SKU 12584369...
2025-08-18 09:54:18 [DEBUG   ] src.utils.images: Imagem salva: data/imagens\12584369.jpg
2025-08-18 09:54:18 [INFO    ] src.catalog_builder: Baixando imagem para SKU 12558433...
2025-08-18 09:54:19 [DEBUG   ] src.utils.images: Imagem salva: data/imagens\12558433.jpg
2025-08-18 09:54:19 [INFO    ] src.catalog_builder: Baixando imagem para SKU 12587774...
2025-08-18 09:54:20 [DEBUG   ] src.utils.images: Imagem salva: data/imagens\12587774.jpg
2025-08-18 09:54:20 [INFO    ] src.catalog_builder: Baixando imagem para SKU 12589528...
2025-08-18 09:54:21 [DEBUG   ] src.utils.images: Imagem salva: data/imagens\12589528.jpg
2025-08-18 09:54:21 [INFO    ] src.catalog_builder: Baixando imagem para SKU 12584504...
2025-08-18 09:54:23 [DEBUG   ] src.utils.images: Imagem salva: data/imagens\12584504.jpg
2025-08-18 09:54:23 [INFO    ] src.catalog_builder: Baixando imagem para SKU 12584520...
2025-08-18 09:54:24 [DEBUG   ] src.utils.images: Imagem salva: data/imagens\12584520.jpg
2025-08-18 09:54:24 [INFO    ] src.catalog_builder: Baixando imagem para SKU 12577839...
2025-08-18 09:54:25 [DEBUG   ] src.utils.images: Imagem salva: data/imagens\12577839.jpg
2025-08-18 09:54:25 [INFO    ] src.catalog_builder: Baixando imagem para SKU 12582848...
2025-08-18 09:54:26 [DEBUG   ] src.utils.images: Imagem salva: data/imagens\12582848.jpg
2025-08-18 09:54:26 [INFO    ] src.catalog_builder: Baixando imagem para SKU 12582856...
2025-08-18 09:54:27 [DEBUG   ] src.utils.images: Imagem salva: data/imagens\12582856.jpg
2025-08-18 09:54:27 [INFO    ] src.catalog_builder: Baixando imagem para SKU 12582874...
2025-08-18 09:54:29 [DEBUG   ] src.utils.images: Imagem salva: data/imagens\12582874.jpg
2025-08-18 09:54:29 [INFO    ] src.catalog_builder: Baixando imagem para SKU 12583436...
2025-08-18 09:54:30 [DEBUG   ] src.utils.images: Imagem salva: data/imagens\12583436.jpg
2025-08-18 09:54:30 [INFO    ] src.catalog_builder: Baixando imagem para SKU 12586515...
2025-08-18 09:54:30 [DEBUG   ] src.utils.images: Imagem salva: data/imagens\12586515.jpg
2025-08-18 09:54:30 [INFO    ] src.catalog_builder: Baixando imagem para SKU 12586516...
2025-08-18 09:54:31 [DEBUG   ] src.utils.images: Imagem salva: data/imagens\12586516.jpg
2025-08-18 09:54:31 [INFO    ] src.catalog_builder: Baixando imagem para SKU 12607311...
2025-08-18 09:54:32 [DEBUG   ] src.utils.images: Imagem salva: data/imagens\12607311.jpg
2025-08-18 09:54:32 [INFO    ] src.catalog_builder: Baixando imagem para SKU 419489...
2025-08-18 09:54:34 [DEBUG   ] src.utils.images: Imagem salva: data/imagens\419489.jpg
2025-08-18 09:54:34 [INFO    ] src.catalog_builder: Baixando imagem para SKU 12519989...
2025-08-18 09:54:35 [DEBUG   ] src.utils.images: Imagem salva: data/imagens\12519989.jpg
2025-08-18 09:54:35 [INFO    ] src.catalog_builder: Baixando imagem para SKU 414530...
2025-08-18 09:54:36 [DEBUG   ] src.utils.images: Imagem salva: data/imagens\414530.jpg
2025-08-18 09:54:36 [INFO    ] src.catalog_builder: Baixando imagem para SKU 12520104...
2025-08-18 09:54:37 [DEBUG   ] src.utils.images: Imagem salva: data/imagens\12520104.jpg
2025-08-18 09:54:37 [INFO    ] src.catalog_builder: Baixando imagem para SKU 12520114...
2025-08-18 09:54:39 [DEBUG   ] src.utils.images: Imagem salva: data/imagens\12520114.jpg
2025-08-18 09:54:39 [INFO    ] src.catalog_builder: Baixando imagem para SKU 11320309...
2025-08-18 09:54:40 [DEBUG   ] src.utils.images: Imagem salva: data/imagens\11320309.jpg
2025-08-18 09:54:40 [INFO    ] src.catalog_builder: Baixando imagem para SKU 12144488...
2025-08-18 09:54:41 [DEBUG   ] src.utils.images: Imagem salva: data/imagens\12144488.jpg
2025-08-18 09:54:41 [INFO    ] src.catalog_builder: Baixando imagem para SKU 12144708...
2025-08-18 09:54:42 [DEBUG   ] src.utils.images: Imagem salva: data/imagens\12144708.jpg
2025-08-18 09:54:42 [INFO    ] src.catalog_builder: Baixando imagem para SKU 11320308...
2025-08-18 09:54:43 [DEBUG   ] src.utils.images: Imagem salva: data/imagens\11320308.jpg
2025-08-18 09:54:43 [INFO    ] src.catalog_builder: Baixando imagem para SKU 12144489...
2025-08-18 09:54:45 [DEBUG   ] src.utils.images: Imagem salva: data/imagens\12144489.jpg
2025-08-18 09:54:45 [INFO    ] src.catalog_builder: Baixando imagem para SKU 12144515...
2025-08-18 09:54:46 [DEBUG   ] src.utils.images: Imagem salva: data/imagens\12144515.jpg
2025-08-18 09:54:46 [INFO    ] src.catalog_builder: Baixando imagem para SKU 412234...
2025-08-18 09:54:47 [DEBUG   ] src.utils.images: Imagem salva: data/imagens\412234.jpg
2025-08-18 09:54:47 [INFO    ] src.catalog_builder: Baixando imagem para SKU 12351872...
2025-08-18 09:54:48 [DEBUG   ] src.utils.images: Imagem salva: data/imagens\12351872.jpg
2025-08-18 09:54:48 [INFO    ] src.catalog_builder: Baixando imagem para SKU 12351873...
2025-08-18 09:54:49 [DEBUG   ] src.utils.images: Imagem salva: data/imagens\12351873.jpg
2025-08-18 09:54:49 [INFO    ] src.catalog_builder: Baixando imagem para SKU 12351874...
2025-08-18 09:54:50 [DEBUG   ] src.utils.images: Imagem salva: data/imagens\12351874.jpg
2025-08-18 09:54:50 [INFO    ] src.catalog_builder: Baixando imagem para SKU 12255799...
2025-08-18 09:54:51 [DEBUG   ] src.utils.images: Imagem salva: data/imagens\12255799.jpg
2025-08-18 09:54:51 [INFO    ] src.catalog_builder: Baixando imagem para SKU 12255810...
2025-08-18 09:54:52 [DEBUG   ] src.utils.images: Imagem salva: data/imagens\12255810.jpg
2025-08-18 09:54:52 [INFO    ] src.catalog_builder: Baixando imagem para SKU 12255811...
2025-08-18 09:54:54 [DEBUG   ] src.utils.images: Imagem salva: data/imagens\12255811.jpg
2025-08-18 09:54:54 [INFO    ] src.catalog_builder: Baixando imagem para SKU 12255812...
2025-08-18 09:54:55 [DEBUG   ] src.utils.images: Imagem salva: data/imagens\12255812.jpg
2025-08-18 09:54:55 [INFO    ] src.catalog_builder: Baixando imagem para SKU 12351875...
2025-08-18 09:54:56 [DEBUG   ] src.utils.images: Imagem salva: data/imagens\12351875.jpg
2025-08-18 09:54:56 [INFO    ] src.catalog_builder: Baixando imagem para SKU 12611191...
2025-08-18 09:54:57 [DEBUG   ] src.utils.images: Imagem salva: data/imagens\12611191.jpg
2025-08-18 09:54:57 [INFO    ] src.catalog_builder: Baixando imagem para SKU 12611545...
2025-08-18 09:54:59 [DEBUG   ] src.utils.images: Imagem salva: data/imagens\12611545.jpg
2025-08-18 09:54:59 [INFO    ] src.catalog_builder: Baixando imagem para SKU 12073778...
2025-08-18 09:55:00 [DEBUG   ] src.utils.images: Imagem salva: data/imagens\12073778.jpg
2025-08-18 09:55:00 [INFO    ] src.catalog_builder: Baixando imagem para SKU 12439522...
2025-08-18 09:55:01 [DEBUG   ] src.utils.images: Imagem salva: data/imagens\12439522.jpg
2025-08-18 09:55:01 [INFO    ] src.catalog_builder: Baixando imagem para SKU 12462203...
2025-08-18 09:55:02 [DEBUG   ] src.utils.images: Imagem salva: data/imagens\12462203.jpg
2025-08-18 09:55:02 [INFO    ] src.catalog_builder: Baixando imagem para SKU 12581664...
2025-08-18 09:55:03 [DEBUG   ] src.utils.images: Imagem salva: data/imagens\12581664.jpg
2025-08-18 09:55:03 [INFO    ] src.catalog_builder: Baixando imagem para SKU 12320781...
2025-08-18 09:55:05 [DEBUG   ] src.utils.images: Imagem salva: data/imagens\12320781.jpg
2025-08-18 09:55:05 [INFO    ] src.catalog_builder: Baixando imagem para SKU 12320782...
2025-08-18 09:55:06 [DEBUG   ] src.utils.images: Imagem salva: data/imagens\12320782.jpg
2025-08-18 09:55:06 [INFO    ] src.catalog_builder: Baixando imagem para SKU 415328...
2025-08-18 09:55:07 [DEBUG   ] src.utils.images: Imagem salva: data/imagens\415328.jpg
2025-08-18 09:55:07 [INFO    ] src.catalog_builder: Baixando imagem para SKU 12575461...
2025-08-18 09:55:08 [DEBUG   ] src.utils.images: Imagem salva: data/imagens\12575461.jpg
2025-08-18 09:55:08 [INFO    ] src.catalog_builder: Baixando imagem para SKU 12168360...
2025-08-18 09:55:08 [DEBUG   ] src.utils.images: Imagem salva: data/imagens\12168360.jpg
2025-08-18 09:55:08 [INFO    ] src.catalog_builder: Baixando imagem para SKU 12168361...
2025-08-18 09:55:10 [DEBUG   ] src.utils.images: Imagem salva: data/imagens\12168361.jpg
2025-08-18 09:55:10 [INFO    ] src.catalog_builder: Baixando imagem para SKU 12168362...
2025-08-18 09:55:11 [DEBUG   ] src.utils.images: Imagem salva: data/imagens\12168362.jpg
2025-08-18 09:55:11 [INFO    ] src.catalog_builder: Baixando imagem para SKU 12133009...
2025-08-18 09:55:12 [DEBUG   ] src.utils.images: Imagem salva: data/imagens\12133009.jpg
2025-08-18 09:55:12 [INFO    ] src.catalog_builder: Baixando imagem para SKU 411059...
2025-08-18 09:55:13 [DEBUG   ] src.utils.images: Imagem salva: data/imagens\411059.jpg
2025-08-18 09:55:13 [INFO    ] src.catalog_builder: Baixando imagem para SKU 12554556...
2025-08-18 09:55:14 [DEBUG   ] src.utils.images: Imagem salva: data/imagens\12554556.jpg
2025-08-18 09:55:14 [INFO    ] src.catalog_builder: Baixando imagem para SKU 12267768...
2025-08-18 09:55:16 [DEBUG   ] src.utils.images: Imagem salva: data/imagens\12267768.jpg
2025-08-18 09:55:16 [INFO    ] src.catalog_builder: Baixando imagem para SKU 12133134...
2025-08-18 09:55:17 [DEBUG   ] src.utils.images: Imagem salva: data/imagens\12133134.jpg
2025-08-18 09:55:17 [INFO    ] src.catalog_builder: Baixando imagem para SKU 411526...
2025-08-18 09:55:18 [DEBUG   ] src.utils.images: Imagem salva: data/imagens\411526.jpg
2025-08-18 09:55:18 [INFO    ] src.catalog_builder: Baixando imagem para SKU 415533...
2025-08-18 09:55:19 [DEBUG   ] src.utils.images: Imagem salva: data/imagens\415533.jpg
2025-08-18 09:55:19 [INFO    ] src.catalog_builder: Baixando imagem para SKU 12133006...
2025-08-18 09:55:20 [DEBUG   ] src.utils.images: Imagem salva: data/imagens\12133006.jpg
2025-08-18 09:55:20 [INFO    ] src.catalog_builder: Baixando imagem para SKU 411522...
2025-08-18 09:55:21 [DEBUG   ] src.utils.images: Imagem salva: data/imagens\411522.jpg
2025-08-18 09:55:21 [INFO    ] src.catalog_builder: Baixando imagem para SKU 411524...
2025-08-18 09:55:23 [DEBUG   ] src.utils.images: Imagem salva: data/imagens\411524.jpg
2025-08-18 09:55:23 [INFO    ] src.catalog_builder: Baixando imagem para SKU 12209621...
2025-08-18 09:55:24 [DEBUG   ] src.utils.images: Imagem salva: data/imagens\12209621.jpg
2025-08-18 09:55:24 [INFO    ] src.catalog_builder: Baixando imagem para SKU 12220263...
2025-08-18 09:55:25 [DEBUG   ] src.utils.images: Imagem salva: data/imagens\12220263.jpg
2025-08-18 09:55:25 [INFO    ] src.catalog_builder: Baixando imagem para SKU 12318446...
2025-08-18 09:55:25 [DEBUG   ] src.utils.images: Imagem salva: data/imagens\12318446.jpg
2025-08-18 09:55:25 [INFO    ] src.catalog_builder: Baixando imagem para SKU 12346804...
2025-08-18 09:55:26 [DEBUG   ] src.utils.images: Imagem salva: data/imagens\12346804.jpg
2025-08-18 09:55:26 [INFO    ] src.catalog_builder: Baixando imagem para SKU 12479825...
2025-08-18 09:55:27 [DEBUG   ] src.utils.images: Imagem salva: data/imagens\12479825.jpg
2025-08-18 09:55:27 [INFO    ] src.catalog_builder: Baixando imagem para SKU 12479830...
2025-08-18 09:55:29 [DEBUG   ] src.utils.images: Imagem salva: data/imagens\12479830.jpg
2025-08-18 09:55:29 [INFO    ] src.catalog_builder: Baixando imagem para SKU 12524409...
2025-08-18 09:55:30 [DEBUG   ] src.utils.images: Imagem salva: data/imagens\12524409.jpg
2025-08-18 09:55:30 [INFO    ] src.catalog_builder: Baixando imagem para SKU 12608991...
2025-08-18 09:55:30 [DEBUG   ] src.utils.images: Imagem salva: data/imagens\12608991.jpg
2025-08-18 09:55:30 [INFO    ] src.catalog_builder: Baixando imagem para SKU 413522...
2025-08-18 09:55:31 [DEBUG   ] src.utils.images: Imagem salva: data/imagens\413522.jpg
2025-08-18 09:55:31 [INFO    ] src.catalog_builder: Baixando imagem para SKU 12383806...
2025-08-18 09:55:32 [DEBUG   ] src.utils.images: Imagem salva: data/imagens\12383806.jpg
2025-08-18 09:55:32 [INFO    ] src.catalog_builder: Baixando imagem para SKU 12496010...
2025-08-18 09:55:34 [DEBUG   ] src.utils.images: Imagem salva: data/imagens\12496010.jpg
2025-08-18 09:55:34 [INFO    ] src.catalog_builder: Baixando imagem para SKU 12496013...
2025-08-18 09:55:34 [DEBUG   ] src.utils.images: Imagem salva: data/imagens\12496013.jpg
2025-08-18 09:55:34 [INFO    ] src.catalog_builder: Baixando imagem para SKU 12330469...
2025-08-18 09:55:35 [DEBUG   ] src.utils.images: Imagem salva: data/imagens\12330469.jpg
2025-08-18 09:55:35 [INFO    ] src.catalog_builder: Baixando imagem para SKU 12383770...
2025-08-18 09:55:36 [DEBUG   ] src.utils.images: Imagem salva: data/imagens\12383770.jpg
2025-08-18 09:55:36 [INFO    ] src.catalog_builder: Baixando imagem para SKU 12496089...
2025-08-18 09:55:36 [DEBUG   ] src.utils.images: Imagem salva: data/imagens\12496089.jpg
2025-08-18 09:55:36 [INFO    ] src.catalog_builder: Baixando imagem para SKU 12562153...
2025-08-18 09:55:37 [DEBUG   ] src.utils.images: Imagem salva: data/imagens\12562153.jpg
2025-08-18 09:55:37 [INFO    ] src.catalog_builder: Baixando imagem para SKU 12562154...
2025-08-18 09:55:38 [DEBUG   ] src.utils.images: Imagem salva: data/imagens\12562154.jpg
2025-08-18 09:55:38 [INFO    ] src.catalog_builder: Baixando imagem para SKU 12496082...
2025-08-18 09:55:40 [DEBUG   ] src.utils.images: Imagem salva: data/imagens\12496082.jpg
2025-08-18 09:55:40 [INFO    ] src.catalog_builder: Baixando imagem para SKU 12562286...
2025-08-18 09:55:40 [DEBUG   ] src.utils.images: Imagem salva: data/imagens\12562286.jpg
2025-08-18 09:55:40 [INFO    ] src.catalog_builder: Baixando imagem para SKU 12562302...
2025-08-18 09:55:40 [DEBUG   ] src.utils.images: Imagem salva: data/imagens\12562302.jpg
2025-08-18 09:55:40 [INFO    ] src.catalog_builder: Baixando imagem para SKU 12562402...
2025-08-18 09:55:41 [DEBUG   ] src.utils.images: Imagem salva: data/imagens\12562402.jpg
2025-08-18 09:55:41 [INFO    ] src.catalog_builder: Baixando imagem para SKU 12590501...
2025-08-18 09:55:43 [DEBUG   ] src.utils.images: Imagem salva: data/imagens\12590501.jpg
2025-08-18 09:55:43 [INFO    ] src.catalog_builder: Baixando imagem para SKU 12592351...
2025-08-18 09:55:44 [DEBUG   ] src.utils.images: Imagem salva: data/imagens\12592351.jpg
2025-08-18 09:55:44 [INFO    ] src.catalog_builder: Baixando imagem para SKU 12592352...
2025-08-18 09:55:45 [DEBUG   ] src.utils.images: Imagem salva: data/imagens\12592352.jpg
2025-08-18 09:55:45 [INFO    ] src.catalog_builder: Baixando imagem para SKU 12598146...
2025-08-18 09:55:46 [DEBUG   ] src.utils.images: Imagem salva: data/imagens\12598146.jpg
2025-08-18 09:55:46 [INFO    ] src.catalog_builder: Baixando imagem para SKU 12598254...
2025-08-18 09:55:48 [DEBUG   ] src.utils.images: Imagem salva: data/imagens\12598254.jpg
2025-08-18 09:55:48 [INFO    ] src.catalog_builder: Baixando imagem para SKU 12598255...
2025-08-18 09:55:49 [DEBUG   ] src.utils.images: Imagem salva: data/imagens\12598255.jpg
2025-08-18 09:55:49 [INFO    ] src.catalog_builder: Baixando imagem para SKU 12454127...
2025-08-18 09:55:49 [DEBUG   ] src.utils.images: Imagem salva: data/imagens\12454127.jpg
2025-08-18 09:55:49 [INFO    ] src.catalog_builder: Baixando imagem para SKU 12405428...
2025-08-18 09:55:50 [DEBUG   ] src.utils.images: Imagem salva: data/imagens\12405428.jpg
2025-08-18 09:55:50 [INFO    ] src.catalog_builder: Baixando imagem para SKU 12405432...
2025-08-18 09:55:50 [DEBUG   ] src.utils.images: Imagem salva: data/imagens\12405432.jpg
2025-08-18 09:55:50 [INFO    ] src.catalog_builder: Baixando imagem para SKU 12405471...
2025-08-18 09:55:52 [DEBUG   ] src.utils.images: Imagem salva: data/imagens\12405471.jpg
2025-08-18 09:55:52 [INFO    ] src.catalog_builder: Baixando imagem para SKU 12405472...
2025-08-18 09:55:53 [DEBUG   ] src.utils.images: Imagem salva: data/imagens\12405472.jpg
2025-08-18 09:55:53 [INFO    ] src.catalog_builder: Baixando imagem para SKU 12405475...
2025-08-18 09:55:54 [DEBUG   ] src.utils.images: Imagem salva: data/imagens\12405475.jpg
2025-08-18 09:55:54 [INFO    ] src.catalog_builder: Baixando imagem para SKU 12601967...
2025-08-18 09:55:55 [DEBUG   ] src.utils.images: Imagem salva: data/imagens\12601967.jpg
2025-08-18 09:55:55 [INFO    ] src.catalog_builder: Baixando imagem para SKU 12352836...
2025-08-18 09:55:56 [DEBUG   ] src.utils.images: Imagem salva: data/imagens\12352836.jpg
2025-08-18 09:55:56 [INFO    ] src.catalog_builder: Baixando imagem para SKU 12380253...
2025-08-18 09:55:57 [DEBUG   ] src.utils.images: Imagem salva: data/imagens\12380253.jpg
2025-08-18 09:55:57 [INFO    ] src.catalog_builder: Baixando imagem para SKU 12528243...
2025-08-18 09:55:58 [DEBUG   ] src.utils.images: Imagem salva: data/imagens\12528243.jpg
2025-08-18 09:55:58 [INFO    ] src.catalog_builder: Baixando imagem para SKU 12528254...
2025-08-18 09:55:59 [DEBUG   ] src.utils.images: Imagem salva: data/imagens\12528254.jpg
2025-08-18 09:55:59 [INFO    ] src.catalog_builder: Baixando imagem para SKU 12531949...
2025-08-18 09:55:59 [DEBUG   ] src.utils.images: Imagem salva: data/imagens\12531949.jpg
2025-08-18 09:55:59 [INFO    ] src.catalog_builder: Baixando imagem para SKU 12571139...
2025-08-18 09:55:59 [DEBUG   ] src.utils.images: Imagem salva: data/imagens\12571139.jpg
2025-08-18 09:55:59 [INFO    ] src.catalog_builder: Baixando imagem para SKU 12571160...
2025-08-18 09:56:01 [DEBUG   ] src.utils.images: Imagem salva: data/imagens\12571160.jpg
2025-08-18 09:56:01 [INFO    ] src.catalog_builder: Baixando imagem para SKU 12571161...
2025-08-18 09:56:02 [DEBUG   ] src.utils.images: Imagem salva: data/imagens\12571161.jpg
2025-08-18 09:56:02 [INFO    ] src.catalog_builder: Baixando imagem para SKU 12610745...
2025-08-18 09:56:03 [DEBUG   ] src.utils.images: Imagem salva: data/imagens\12610745.jpg
2025-08-18 09:56:03 [INFO    ] src.catalog_builder: Baixando imagem para SKU 12610767...
2025-08-18 09:56:04 [DEBUG   ] src.utils.images: Imagem salva: data/imagens\12610767.jpg
2025-08-18 09:56:04 [INFO    ] src.catalog_builder: Baixando imagem para SKU 12610829...
2025-08-18 09:56:05 [DEBUG   ] src.utils.images: Imagem salva: data/imagens\12610829.jpg
2025-08-18 09:56:05 [INFO    ] src.catalog_builder: Baixando imagem para SKU 12591179...
2025-08-18 09:56:06 [DEBUG   ] src.utils.images: Imagem salva: data/imagens\12591179.jpg
2025-08-18 09:56:06 [INFO    ] src.catalog_builder: Baixando imagem para SKU 12523120...
2025-08-18 09:56:07 [DEBUG   ] src.utils.images: Imagem salva: data/imagens\12523120.jpg
2025-08-18 09:56:07 [INFO    ] src.catalog_builder: Baixando imagem para SKU 12558441...
2025-08-18 09:56:09 [DEBUG   ] src.utils.images: Imagem salva: data/imagens\12558441.jpg
2025-08-18 09:56:09 [INFO    ] src.catalog_builder: Baixando imagem para SKU 12551303...
2025-08-18 09:56:10 [DEBUG   ] src.utils.images: Imagem salva: data/imagens\12551303.jpg
2025-08-18 09:56:10 [INFO    ] src.catalog_builder: Baixando imagem para SKU 12551448...
2025-08-18 09:56:11 [DEBUG   ] src.utils.images: Imagem salva: data/imagens\12551448.jpg
2025-08-18 09:56:11 [INFO    ] src.catalog_builder: Baixando imagem para SKU 12551473...
2025-08-18 09:56:12 [DEBUG   ] src.utils.images: Imagem salva: data/imagens\12551473.jpg
2025-08-18 09:56:12 [INFO    ] src.catalog_builder: Baixando imagem para SKU 12527302...
2025-08-18 09:56:13 [DEBUG   ] src.utils.images: Imagem salva: data/imagens\12527302.jpg
2025-08-18 09:56:13 [INFO    ] src.catalog_builder: Baixando imagem para SKU 12495099...
2025-08-18 09:56:14 [DEBUG   ] src.utils.images: Imagem salva: data/imagens\12495099.jpg
2025-08-18 09:56:14 [INFO    ] src.catalog_builder: Baixando imagem para SKU 12496085...
2025-08-18 09:56:15 [DEBUG   ] src.utils.images: Imagem salva: data/imagens\12496085.jpg
2025-08-18 09:56:15 [INFO    ] src.catalog_builder: Baixando imagem para SKU 12603785...
2025-08-18 09:56:16 [DEBUG   ] src.utils.images: Imagem salva: data/imagens\12603785.jpg
2025-08-18 09:56:16 [INFO    ] src.catalog_builder: Baixando imagem para SKU 12447686...
2025-08-18 09:56:17 [DEBUG   ] src.utils.images: Imagem salva: data/imagens\12447686.jpg
2025-08-18 09:56:17 [INFO    ] src.catalog_builder: Baixando imagem para SKU 12551246...
2025-08-18 09:56:18 [DEBUG   ] src.utils.images: Imagem salva: data/imagens\12551246.jpg
2025-08-18 09:56:18 [INFO    ] src.catalog_builder: Baixando imagem para SKU 12551301...
2025-08-18 09:56:19 [DEBUG   ] src.utils.images: Imagem salva: data/imagens\12551301.jpg
2025-08-18 09:56:19 [INFO    ] src.catalog_builder: Baixando imagem para SKU 12551459...
2025-08-18 09:56:20 [DEBUG   ] src.utils.images: Imagem salva: data/imagens\12551459.jpg
2025-08-18 09:56:20 [INFO    ] src.catalog_builder: Baixando imagem para SKU 12551265...
2025-08-18 09:56:21 [DEBUG   ] src.utils.images: Imagem salva: data/imagens\12551265.jpg
2025-08-18 09:56:21 [INFO    ] src.catalog_builder: Baixando imagem para SKU 12572613...
2025-08-18 09:56:22 [DEBUG   ] src.utils.images: Imagem salva: data/imagens\12572613.jpg
2025-08-18 09:56:22 [INFO    ] src.catalog_builder: Baixando imagem para SKU 12574654...
2025-08-18 09:56:23 [DEBUG   ] src.utils.images: Imagem salva: data/imagens\12574654.jpg
2025-08-18 09:56:23 [INFO    ] src.catalog_builder: Baixando imagem para SKU 12551249...
2025-08-18 09:56:24 [DEBUG   ] src.utils.images: Imagem salva: data/imagens\12551249.jpg
2025-08-18 09:56:24 [INFO    ] src.catalog_builder: Baixando imagem para SKU 12551257...
2025-08-18 09:56:25 [DEBUG   ] src.utils.images: Imagem salva: data/imagens\12551257.jpg
2025-08-18 09:56:25 [INFO    ] src.catalog_builder: Baixando imagem para SKU 12551271...
2025-08-18 09:56:26 [DEBUG   ] src.utils.images: Imagem salva: data/imagens\12551271.jpg
2025-08-18 09:56:26 [INFO    ] src.catalog_builder: Baixando imagem para SKU 12551463...
2025-08-18 09:56:27 [DEBUG   ] src.utils.images: Imagem salva: data/imagens\12551463.jpg
2025-08-18 09:56:27 [INFO    ] src.catalog_builder: Baixando imagem para SKU 12552456...
2025-08-18 09:56:28 [DEBUG   ] src.utils.images: Imagem salva: data/imagens\12552456.jpg
2025-08-18 09:56:28 [INFO    ] src.catalog_builder: Baixando imagem para SKU 12591103...
2025-08-18 09:56:29 [DEBUG   ] src.utils.images: Imagem salva: data/imagens\12591103.jpg
2025-08-18 09:56:29 [INFO    ] src.catalog_builder: Baixando imagem para SKU 6600110...
2025-08-18 09:56:30 [DEBUG   ] src.utils.images: Imagem salva: data/imagens\6600110.jpg
2025-08-18 09:56:30 [INFO    ] src.catalog_builder: Baixando imagem para SKU 12447561...
2025-08-18 09:56:31 [DEBUG   ] src.utils.images: Imagem salva: data/imagens\12447561.jpg
2025-08-18 09:56:31 [INFO    ] src.catalog_builder: Baixando imagem para SKU 12465559...
2025-08-18 09:56:32 [DEBUG   ] src.utils.images: Imagem salva: data/imagens\12465559.jpg
2025-08-18 09:56:32 [INFO    ] src.catalog_builder: Baixando imagem para SKU 11320339...
2025-08-18 09:56:33 [DEBUG   ] src.utils.images: Imagem salva: data/imagens\11320339.jpg
2025-08-18 09:56:33 [INFO    ] src.catalog_builder: Baixando imagem para SKU 11321851...
2025-08-18 09:56:35 [DEBUG   ] src.utils.images: Imagem salva: data/imagens\11321851.jpg
2025-08-18 09:56:35 [INFO    ] src.catalog_builder: Baixando imagem para SKU 12492697...
2025-08-18 09:56:36 [DEBUG   ] src.utils.images: Imagem salva: data/imagens\12492697.jpg
2025-08-18 09:56:36 [INFO    ] src.catalog_builder: Baixando imagem para SKU 12537264...
2025-08-18 09:56:37 [DEBUG   ] src.utils.images: Imagem salva: data/imagens\12537264.jpg
2025-08-18 09:56:37 [INFO    ] src.catalog_builder: Baixando imagem para SKU 9522889...
2025-08-18 09:56:37 [DEBUG   ] src.utils.images: Imagem salva: data/imagens\9522889.jpg
2025-08-18 09:56:37 [INFO    ] src.catalog_builder: Baixando imagem para SKU 12494461...
2025-08-18 09:56:38 [DEBUG   ] src.utils.images: Imagem salva: data/imagens\12494461.jpg
2025-08-18 09:56:38 [INFO    ] src.catalog_builder: Baixando imagem para SKU 12527441...
2025-08-18 09:56:39 [DEBUG   ] src.utils.images: Imagem salva: data/imagens\12527441.jpg
2025-08-18 09:56:39 [INFO    ] src.catalog_builder: Baixando imagem para SKU 12595044...
2025-08-18 09:56:40 [DEBUG   ] src.utils.images: Imagem salva: data/imagens\12595044.jpg
2025-08-18 09:56:40 [INFO    ] src.catalog_builder: Baixando imagem para SKU 12583425...
2025-08-18 09:56:41 [DEBUG   ] src.utils.images: Imagem salva: data/imagens\12583425.jpg
2025-08-18 09:56:41 [INFO    ] src.catalog_builder: Baixando imagem para SKU 12383749...
2025-08-18 09:56:42 [DEBUG   ] src.utils.images: Imagem salva: data/imagens\12383749.jpg
2025-08-18 09:56:42 [INFO    ] src.catalog_builder: Baixando imagem para SKU 12496103...
2025-08-18 09:56:43 [DEBUG   ] src.utils.images: Imagem salva: data/imagens\12496103.jpg
2025-08-18 09:56:43 [INFO    ] src.catalog_builder: Baixando imagem para SKU 12555193...
2025-08-18 09:56:44 [DEBUG   ] src.utils.images: Imagem salva: data/imagens\12555193.jpg
2025-08-18 09:56:44 [INFO    ] src.catalog_builder: Baixando imagem para SKU 12558494...
2025-08-18 09:56:45 [DEBUG   ] src.utils.images: Imagem salva: data/imagens\12558494.jpg
2025-08-18 09:56:45 [INFO    ] src.catalog_builder: Baixando imagem para SKU 12577926...
2025-08-18 09:56:45 [DEBUG   ] src.utils.images: Imagem salva: data/imagens\12577926.jpg
2025-08-18 09:56:45 [INFO    ] src.catalog_builder: Baixando imagem para SKU 12601139...
2025-08-18 09:56:46 [DEBUG   ] src.utils.images: Imagem salva: data/imagens\12601139.jpg
2025-08-18 09:56:46 [INFO    ] src.catalog_builder: Baixando imagem para SKU 12603778...
2025-08-18 09:56:48 [DEBUG   ] src.utils.images: Imagem salva: data/imagens\12603778.jpg
2025-08-18 09:56:48 [INFO    ] src.catalog_builder: Baixando imagem para SKU 12586548...
2025-08-18 09:56:49 [DEBUG   ] src.utils.images: Imagem salva: data/imagens\12586548.jpg
2025-08-18 09:56:49 [INFO    ] src.catalog_builder: Downloads concluídos. Sucesso: 469 | Pulados: 0 | Falhas: 0
2025-08-18 09:56:49 [ERROR   ] __main__: Erro fatal ao gerar catálogo: Package not found at 'template/template_catalogo.pptx'
Traceback (most recent call last):
  File "C:\Users\gustavo\Documents\Automation project\Catalogue-Automation\src\main.py", line 71, in main
    build_catalog(args, layout_config)
  File "C:\Users\gustavo\Documents\Automation project\Catalogue-Automation\src\catalog_builder.py", line 126, in build_catalog
    prs = Presentation(args.template)
          ^^^^^^^^^^^^^^^^^^^^^^^^^^^
  File "C:\Users\gustavo\AppData\Local\Programs\Python\Python312\Lib\site-packages\pptx\api.py", line 31, in Presentation
    presentation_part = Package.open(pptx).main_document_part
                        ^^^^^^^^^^^^^^^^^^
  File "C:\Users\gustavo\AppData\Local\Programs\Python\Python312\Lib\site-packages\pptx\opc\package.py", line 82, in open
    return cls(pkg_file)._load()
           ^^^^^^^^^^^^^^^^^^^^^
  File "C:\Users\gustavo\AppData\Local\Programs\Python\Python312\Lib\site-packages\pptx\opc\package.py", line 160, in _load
    pkg_xml_rels, parts = _PackageLoader.load(self._pkg_file, cast("Package", self))
                          ^^^^^^^^^^^^^^^^^^^^^^^^^^^^^^^^^^^^^^^^^^^^^^^^^^^^^^^^^^
  File "C:\Users\gustavo\AppData\Local\Programs\Python\Python312\Lib\site-packages\pptx\opc\package.py", line 190, in load
    return cls(pkg_file, package)._load()
           ^^^^^^^^^^^^^^^^^^^^^^^^^^^^^^
  File "C:\Users\gustavo\AppData\Local\Programs\Python\Python312\Lib\site-packages\pptx\opc\package.py", line 194, in _load
    parts, xml_rels = self._parts, self._xml_rels
                      ^^^^^^^^^^^
  File "C:\Users\gustavo\AppData\Local\Programs\Python\Python312\Lib\site-packages\pptx\util.py", line 191, in __get__
    value = self._fget(obj)
            ^^^^^^^^^^^^^^^
  File "C:\Users\gustavo\AppData\Local\Programs\Python\Python312\Lib\site-packages\pptx\opc\package.py", line 222, in _parts
    content_types = self._content_types
                    ^^^^^^^^^^^^^^^^^^^
  File "C:\Users\gustavo\AppData\Local\Programs\Python\Python312\Lib\site-packages\pptx\util.py", line 191, in __get__
    value = self._fget(obj)
            ^^^^^^^^^^^^^^^
  File "C:\Users\gustavo\AppData\Local\Programs\Python\Python312\Lib\site-packages\pptx\opc\package.py", line 207, in _content_types
    return _ContentTypeMap.from_xml(self._package_reader[CONTENT_TYPES_URI])
                                    ~~~~~~~~~~~~~~~~~~~~^^^^^^^^^^^^^^^^^^^
  File "C:\Users\gustavo\AppData\Local\Programs\Python\Python312\Lib\site-packages\pptx\opc\serialized.py", line 38, in __getitem__
    return self._blob_reader[pack_uri]
           ^^^^^^^^^^^^^^^^^
  File "C:\Users\gustavo\AppData\Local\Programs\Python\Python312\Lib\site-packages\pptx\util.py", line 191, in __get__
    value = self._fget(obj)
            ^^^^^^^^^^^^^^^
  File "C:\Users\gustavo\AppData\Local\Programs\Python\Python312\Lib\site-packages\pptx\opc\serialized.py", line 52, in _blob_reader
    return _PhysPkgReader.factory(self._pkg_file)
           ^^^^^^^^^^^^^^^^^^^^^^^^^^^^^^^^^^^^^^
  File "C:\Users\gustavo\AppData\Local\Programs\Python\Python312\Lib\site-packages\pptx\opc\serialized.py", line 144, in factory
    raise PackageNotFoundError("Package not found at '%s'" % pkg_file)
pptx.exc.PackageNotFoundError: Package not found at 'template/template_catalogo.pptx'
