2025-08-20 08:09:26 [INFO    ] src.utils.excel: Logger configurado. Arquivo de log: logs/catalog_20250820_080926.log
2025-08-20 08:09:26 [INFO    ] src.utils.images: Logger configurado. Arquivo de log: logs/catalog_20250820_080926.log
2025-08-20 08:09:26 [INFO    ] src.catalog_builder: Logger configurado. Arquivo de log: logs/catalog_20250820_080926.log
2025-08-20 08:09:26 [INFO    ] __main__: Logger configurado. Arquivo de log: logs/catalog_20250820_080926.log
2025-08-20 08:09:26 [INFO    ] __main__: Iniciando geração do catálogo com layout default
2025-08-20 08:09:26 [INFO    ] src.catalog_builder: Iniciando geração do catálogo...
2025-08-20 08:09:26 [DEBUG   ] src.catalog_builder: Argumentos: {'excel': 'data/produtos.xlsx', 'img_excel': 'data/base_imagens.xlsx', 'imagens': 'data/imagens', 'template': 'template/template_catalogo.pptx', 'out': 'catalogo_gerado.pptx', 'layout': 'default', 'cols': None, 'rows': None, 'skip_download': False, 'include_no_image': False, 'max_products': 0}
2025-08-20 08:09:26 [INFO    ] src.utils.excel: Carregando planilha: data/produtos.xlsx
2025-08-20 08:09:27 [INFO    ] src.utils.excel: 575 produtos após remover valores nulos
2025-08-20 08:09:27 [INFO    ] src.catalog_builder: Produtos carregados: 575 linhas válidas.
2025-08-20 08:09:27 [INFO    ] src.utils.excel: Carregando planilha de imagens: data/base_imagens.xlsx
2025-08-20 08:09:28 [WARNING ] src.utils.excel: Foram encontradas e removidas 1197 SKUs duplicadas na base de imagens.
2025-08-20 08:09:28 [INFO    ] src.utils.excel: 1228 links de imagem e fornecedor válidos encontrados
2025-08-20 08:09:28 [INFO    ] src.catalog_builder: Base de imagens carregada: 1228 SKUs com URL.
2025-08-20 08:09:28 [INFO    ] src.catalog_builder: Após LEFT JOIN, continuamos com 575 produtos.
2025-08-20 08:09:28 [INFO    ] src.catalog_builder: SKUs com URL disponível para download: 470
2025-08-20 08:09:28 [DEBUG   ] src.catalog_builder: Imagem já existe localmente para SKU 412884, pulando download.
2025-08-20 08:09:28 [DEBUG   ] src.catalog_builder: Imagem já existe localmente para SKU 12153428, pulando download.
2025-08-20 08:09:28 [DEBUG   ] src.catalog_builder: Imagem já existe localmente para SKU 12157199, pulando download.
2025-08-20 08:09:28 [DEBUG   ] src.catalog_builder: Imagem já existe localmente para SKU 12189531, pulando download.
2025-08-20 08:09:28 [DEBUG   ] src.catalog_builder: Imagem já existe localmente para SKU 12257968, pulando download.
2025-08-20 08:09:28 [DEBUG   ] src.catalog_builder: Imagem já existe localmente para SKU 12302038, pulando download.
2025-08-20 08:09:28 [DEBUG   ] src.catalog_builder: Imagem já existe localmente para SKU 12338492, pulando download.
2025-08-20 08:09:28 [DEBUG   ] src.catalog_builder: Imagem já existe localmente para SKU 12551154, pulando download.
2025-08-20 08:09:28 [DEBUG   ] src.catalog_builder: Imagem já existe localmente para SKU 12551184, pulando download.
2025-08-20 08:09:28 [DEBUG   ] src.catalog_builder: Imagem já existe localmente para SKU 12555551, pulando download.
2025-08-20 08:09:28 [DEBUG   ] src.catalog_builder: Imagem já existe localmente para SKU 12556035, pulando download.
2025-08-20 08:09:28 [DEBUG   ] src.catalog_builder: Imagem já existe localmente para SKU 12572694, pulando download.
2025-08-20 08:09:28 [DEBUG   ] src.catalog_builder: Imagem já existe localmente para SKU 12604964, pulando download.
2025-08-20 08:09:28 [DEBUG   ] src.catalog_builder: Imagem já existe localmente para SKU 12385658, pulando download.
2025-08-20 08:09:28 [DEBUG   ] src.catalog_builder: Imagem já existe localmente para SKU 12477866, pulando download.
2025-08-20 08:09:28 [DEBUG   ] src.catalog_builder: Imagem já existe localmente para SKU 12477871, pulando download.
2025-08-20 08:09:28 [DEBUG   ] src.catalog_builder: Imagem já existe localmente para SKU 12250611, pulando download.
2025-08-20 08:09:28 [DEBUG   ] src.catalog_builder: Imagem já existe localmente para SKU 12493320, pulando download.
2025-08-20 08:09:28 [DEBUG   ] src.catalog_builder: Imagem já existe localmente para SKU 12592511, pulando download.
2025-08-20 08:09:28 [DEBUG   ] src.catalog_builder: Imagem já existe localmente para SKU 12604954, pulando download.
2025-08-20 08:09:28 [DEBUG   ] src.catalog_builder: Imagem já existe localmente para SKU 12609048, pulando download.
2025-08-20 08:09:28 [DEBUG   ] src.catalog_builder: Imagem já existe localmente para SKU 12609059, pulando download.
2025-08-20 08:09:28 [DEBUG   ] src.catalog_builder: Imagem já existe localmente para SKU 12609061, pulando download.
2025-08-20 08:09:28 [DEBUG   ] src.catalog_builder: Imagem já existe localmente para SKU 12609164, pulando download.
2025-08-20 08:09:28 [DEBUG   ] src.catalog_builder: Imagem já existe localmente para SKU 12612400, pulando download.
2025-08-20 08:09:28 [DEBUG   ] src.catalog_builder: Imagem já existe localmente para SKU 418897, pulando download.
2025-08-20 08:09:28 [DEBUG   ] src.catalog_builder: Imagem já existe localmente para SKU 12525704, pulando download.
2025-08-20 08:09:28 [DEBUG   ] src.catalog_builder: Imagem já existe localmente para SKU 12278536, pulando download.
2025-08-20 08:09:28 [DEBUG   ] src.catalog_builder: Imagem já existe localmente para SKU 12340089, pulando download.
2025-08-20 08:09:28 [DEBUG   ] src.catalog_builder: Imagem já existe localmente para SKU 12340110, pulando download.
2025-08-20 08:09:28 [DEBUG   ] src.catalog_builder: Imagem já existe localmente para SKU 12360716, pulando download.
2025-08-20 08:09:28 [DEBUG   ] src.catalog_builder: Imagem já existe localmente para SKU 12479709, pulando download.
2025-08-20 08:09:28 [DEBUG   ] src.catalog_builder: Imagem já existe localmente para SKU 12479850, pulando download.
2025-08-20 08:09:28 [DEBUG   ] src.catalog_builder: Imagem já existe localmente para SKU 12479852, pulando download.
2025-08-20 08:09:28 [DEBUG   ] src.catalog_builder: Imagem já existe localmente para SKU 12495822, pulando download.
2025-08-20 08:09:28 [DEBUG   ] src.catalog_builder: Imagem já existe localmente para SKU 12591961, pulando download.
2025-08-20 08:09:28 [DEBUG   ] src.catalog_builder: Imagem já existe localmente para SKU 12591962, pulando download.
2025-08-20 08:09:28 [DEBUG   ] src.catalog_builder: Imagem já existe localmente para SKU 12613367, pulando download.
2025-08-20 08:09:28 [DEBUG   ] src.catalog_builder: Imagem já existe localmente para SKU 12420220, pulando download.
2025-08-20 08:09:28 [DEBUG   ] src.catalog_builder: Imagem já existe localmente para SKU 12420221, pulando download.
2025-08-20 08:09:28 [DEBUG   ] src.catalog_builder: Imagem já existe localmente para SKU 12439442, pulando download.
2025-08-20 08:09:28 [DEBUG   ] src.catalog_builder: Imagem já existe localmente para SKU 12439444, pulando download.
2025-08-20 08:09:28 [DEBUG   ] src.catalog_builder: Imagem já existe localmente para SKU 12439451, pulando download.
2025-08-20 08:09:28 [DEBUG   ] src.catalog_builder: Imagem já existe localmente para SKU 12439453, pulando download.
2025-08-20 08:09:28 [DEBUG   ] src.catalog_builder: Imagem já existe localmente para SKU 12439496, pulando download.
2025-08-20 08:09:28 [DEBUG   ] src.catalog_builder: Imagem já existe localmente para SKU 12439508, pulando download.
2025-08-20 08:09:28 [DEBUG   ] src.catalog_builder: Imagem já existe localmente para SKU 12045051, pulando download.
2025-08-20 08:09:28 [DEBUG   ] src.catalog_builder: Imagem já existe localmente para SKU 12407266, pulando download.
2025-08-20 08:09:28 [DEBUG   ] src.catalog_builder: Imagem já existe localmente para SKU 12521363, pulando download.
2025-08-20 08:09:28 [DEBUG   ] src.catalog_builder: Imagem já existe localmente para SKU 12521371, pulando download.
2025-08-20 08:09:28 [DEBUG   ] src.catalog_builder: Imagem já existe localmente para SKU 12463859, pulando download.
2025-08-20 08:09:28 [DEBUG   ] src.catalog_builder: Imagem já existe localmente para SKU 12463873, pulando download.
2025-08-20 08:09:28 [DEBUG   ] src.catalog_builder: Imagem já existe localmente para SKU 12586084, pulando download.
2025-08-20 08:09:28 [DEBUG   ] src.catalog_builder: Imagem já existe localmente para SKU 12606771, pulando download.
2025-08-20 08:09:28 [DEBUG   ] src.catalog_builder: Imagem já existe localmente para SKU 418817, pulando download.
2025-08-20 08:09:28 [DEBUG   ] src.catalog_builder: Imagem já existe localmente para SKU 12439521, pulando download.
2025-08-20 08:09:28 [DEBUG   ] src.catalog_builder: Imagem já existe localmente para SKU 12520002, pulando download.
2025-08-20 08:09:28 [DEBUG   ] src.catalog_builder: Imagem já existe localmente para SKU 12549982, pulando download.
2025-08-20 08:09:28 [DEBUG   ] src.catalog_builder: Imagem já existe localmente para SKU 12549995, pulando download.
2025-08-20 08:09:28 [DEBUG   ] src.catalog_builder: Imagem já existe localmente para SKU 12550004, pulando download.
2025-08-20 08:09:28 [DEBUG   ] src.catalog_builder: Imagem já existe localmente para SKU 12550128, pulando download.
2025-08-20 08:09:28 [DEBUG   ] src.catalog_builder: Imagem já existe localmente para SKU 12511795, pulando download.
2025-08-20 08:09:28 [DEBUG   ] src.catalog_builder: Imagem já existe localmente para SKU 12549968, pulando download.
2025-08-20 08:09:28 [DEBUG   ] src.catalog_builder: Imagem já existe localmente para SKU 12549969, pulando download.
2025-08-20 08:09:28 [DEBUG   ] src.catalog_builder: Imagem já existe localmente para SKU 12550520, pulando download.
2025-08-20 08:09:28 [DEBUG   ] src.catalog_builder: Imagem já existe localmente para SKU 12550648, pulando download.
2025-08-20 08:09:28 [DEBUG   ] src.catalog_builder: Imagem já existe localmente para SKU 12579688, pulando download.
2025-08-20 08:09:28 [DEBUG   ] src.catalog_builder: Imagem já existe localmente para SKU 12182407, pulando download.
2025-08-20 08:09:28 [DEBUG   ] src.catalog_builder: Imagem já existe localmente para SKU 12182408, pulando download.
2025-08-20 08:09:28 [DEBUG   ] src.catalog_builder: Imagem já existe localmente para SKU 12182409, pulando download.
2025-08-20 08:09:28 [DEBUG   ] src.catalog_builder: Imagem já existe localmente para SKU 12182430, pulando download.
2025-08-20 08:09:28 [DEBUG   ] src.catalog_builder: Imagem já existe localmente para SKU 12612894, pulando download.
2025-08-20 08:09:28 [DEBUG   ] src.catalog_builder: Imagem já existe localmente para SKU 12616029, pulando download.
2025-08-20 08:09:28 [DEBUG   ] src.catalog_builder: Imagem já existe localmente para SKU 12325104, pulando download.
2025-08-20 08:09:28 [DEBUG   ] src.catalog_builder: Imagem já existe localmente para SKU 12325231, pulando download.
2025-08-20 08:09:28 [DEBUG   ] src.catalog_builder: Imagem já existe localmente para SKU 12325232, pulando download.
2025-08-20 08:09:28 [DEBUG   ] src.catalog_builder: Imagem já existe localmente para SKU 12379776, pulando download.
2025-08-20 08:09:28 [DEBUG   ] src.catalog_builder: Imagem já existe localmente para SKU 12379785, pulando download.
2025-08-20 08:09:28 [DEBUG   ] src.catalog_builder: Imagem já existe localmente para SKU 12571027, pulando download.
2025-08-20 08:09:28 [DEBUG   ] src.catalog_builder: Imagem já existe localmente para SKU 12591933, pulando download.
2025-08-20 08:09:28 [DEBUG   ] src.catalog_builder: Imagem já existe localmente para SKU 12591944, pulando download.
2025-08-20 08:09:28 [DEBUG   ] src.catalog_builder: Imagem já existe localmente para SKU 12136357, pulando download.
2025-08-20 08:09:28 [DEBUG   ] src.catalog_builder: Imagem já existe localmente para SKU 12136358, pulando download.
2025-08-20 08:09:28 [DEBUG   ] src.catalog_builder: Imagem já existe localmente para SKU 12136359, pulando download.
2025-08-20 08:09:28 [DEBUG   ] src.catalog_builder: Imagem já existe localmente para SKU 12146794, pulando download.
2025-08-20 08:09:28 [DEBUG   ] src.catalog_builder: Imagem já existe localmente para SKU 12146795, pulando download.
2025-08-20 08:09:28 [DEBUG   ] src.catalog_builder: Imagem já existe localmente para SKU 12463773, pulando download.
2025-08-20 08:09:28 [DEBUG   ] src.catalog_builder: Imagem já existe localmente para SKU 12520001, pulando download.
2025-08-20 08:09:28 [DEBUG   ] src.catalog_builder: Imagem já existe localmente para SKU 12534256, pulando download.
2025-08-20 08:09:28 [DEBUG   ] src.catalog_builder: Imagem já existe localmente para SKU 12534263, pulando download.
2025-08-20 08:09:28 [DEBUG   ] src.catalog_builder: Imagem já existe localmente para SKU 12534547, pulando download.
2025-08-20 08:09:28 [DEBUG   ] src.catalog_builder: Imagem já existe localmente para SKU 12138557, pulando download.
2025-08-20 08:09:28 [DEBUG   ] src.catalog_builder: Imagem já existe localmente para SKU 12513225, pulando download.
2025-08-20 08:09:28 [DEBUG   ] src.catalog_builder: Imagem já existe localmente para SKU 12527418, pulando download.
2025-08-20 08:09:28 [DEBUG   ] src.catalog_builder: Imagem já existe localmente para SKU 12246308, pulando download.
2025-08-20 08:09:28 [DEBUG   ] src.catalog_builder: Imagem já existe localmente para SKU 12246309, pulando download.
2025-08-20 08:09:28 [DEBUG   ] src.catalog_builder: Imagem já existe localmente para SKU 12531076, pulando download.
2025-08-20 08:09:28 [DEBUG   ] src.catalog_builder: Imagem já existe localmente para SKU 12531077, pulando download.
2025-08-20 08:09:28 [DEBUG   ] src.catalog_builder: Imagem já existe localmente para SKU 12558277, pulando download.
2025-08-20 08:09:28 [DEBUG   ] src.catalog_builder: Imagem já existe localmente para SKU 12558286, pulando download.
2025-08-20 08:09:28 [DEBUG   ] src.catalog_builder: Imagem já existe localmente para SKU 12559766, pulando download.
2025-08-20 08:09:28 [DEBUG   ] src.catalog_builder: Imagem já existe localmente para SKU 12559794, pulando download.
2025-08-20 08:09:28 [DEBUG   ] src.catalog_builder: Imagem já existe localmente para SKU 12513226, pulando download.
2025-08-20 08:09:28 [DEBUG   ] src.catalog_builder: Imagem já existe localmente para SKU 12228413, pulando download.
2025-08-20 08:09:28 [DEBUG   ] src.catalog_builder: Imagem já existe localmente para SKU 12241562, pulando download.
2025-08-20 08:09:28 [DEBUG   ] src.catalog_builder: Imagem já existe localmente para SKU 12418204, pulando download.
2025-08-20 08:09:28 [DEBUG   ] src.catalog_builder: Imagem já existe localmente para SKU 12510108, pulando download.
2025-08-20 08:09:28 [DEBUG   ] src.catalog_builder: Imagem já existe localmente para SKU 12510167, pulando download.
2025-08-20 08:09:28 [DEBUG   ] src.catalog_builder: Imagem já existe localmente para SKU 12510168, pulando download.
2025-08-20 08:09:28 [DEBUG   ] src.catalog_builder: Imagem já existe localmente para SKU 12510173, pulando download.
2025-08-20 08:09:28 [DEBUG   ] src.catalog_builder: Imagem já existe localmente para SKU 12171055, pulando download.
2025-08-20 08:09:28 [DEBUG   ] src.catalog_builder: Imagem já existe localmente para SKU 12610213, pulando download.
2025-08-20 08:09:28 [DEBUG   ] src.catalog_builder: Imagem já existe localmente para SKU 12303027, pulando download.
2025-08-20 08:09:28 [DEBUG   ] src.catalog_builder: Imagem já existe localmente para SKU 12453854, pulando download.
2025-08-20 08:09:28 [DEBUG   ] src.catalog_builder: Imagem já existe localmente para SKU 12453855, pulando download.
2025-08-20 08:09:28 [DEBUG   ] src.catalog_builder: Imagem já existe localmente para SKU 12453868, pulando download.
2025-08-20 08:09:28 [DEBUG   ] src.catalog_builder: Imagem já existe localmente para SKU 12453877, pulando download.
2025-08-20 08:09:28 [DEBUG   ] src.catalog_builder: Imagem já existe localmente para SKU 12526259, pulando download.
2025-08-20 08:09:28 [DEBUG   ] src.catalog_builder: Imagem já existe localmente para SKU 12526285, pulando download.
2025-08-20 08:09:28 [DEBUG   ] src.catalog_builder: Imagem já existe localmente para SKU 12454355, pulando download.
2025-08-20 08:09:28 [DEBUG   ] src.catalog_builder: Imagem já existe localmente para SKU 12454380, pulando download.
2025-08-20 08:09:28 [DEBUG   ] src.catalog_builder: Imagem já existe localmente para SKU 12561091, pulando download.
2025-08-20 08:09:28 [DEBUG   ] src.catalog_builder: Imagem já existe localmente para SKU 12105545, pulando download.
2025-08-20 08:09:28 [DEBUG   ] src.catalog_builder: Imagem já existe localmente para SKU 12492194, pulando download.
2025-08-20 08:09:28 [DEBUG   ] src.catalog_builder: Imagem já existe localmente para SKU 12394435, pulando download.
2025-08-20 08:09:28 [DEBUG   ] src.catalog_builder: Imagem já existe localmente para SKU 12610403, pulando download.
2025-08-20 08:09:28 [DEBUG   ] src.catalog_builder: Imagem já existe localmente para SKU 12365022, pulando download.
2025-08-20 08:09:28 [DEBUG   ] src.catalog_builder: Imagem já existe localmente para SKU 12510020, pulando download.
2025-08-20 08:09:28 [DEBUG   ] src.catalog_builder: Imagem já existe localmente para SKU 12510030, pulando download.
2025-08-20 08:09:28 [DEBUG   ] src.catalog_builder: Imagem já existe localmente para SKU 12511794, pulando download.
2025-08-20 08:09:28 [DEBUG   ] src.catalog_builder: Imagem já existe localmente para SKU 12566987, pulando download.
2025-08-20 08:09:28 [DEBUG   ] src.catalog_builder: Imagem já existe localmente para SKU 12580999, pulando download.
2025-08-20 08:09:28 [DEBUG   ] src.catalog_builder: Imagem já existe localmente para SKU 12584239, pulando download.
2025-08-20 08:09:28 [DEBUG   ] src.catalog_builder: Imagem já existe localmente para SKU 12615709, pulando download.
2025-08-20 08:09:28 [DEBUG   ] src.catalog_builder: Imagem já existe localmente para SKU 12517524, pulando download.
2025-08-20 08:09:28 [DEBUG   ] src.catalog_builder: Imagem já existe localmente para SKU 12307595, pulando download.
2025-08-20 08:09:28 [DEBUG   ] src.catalog_builder: Imagem já existe localmente para SKU 12378133, pulando download.
2025-08-20 08:09:28 [DEBUG   ] src.catalog_builder: Imagem já existe localmente para SKU 12518098, pulando download.
2025-08-20 08:09:28 [DEBUG   ] src.catalog_builder: Imagem já existe localmente para SKU 12533669, pulando download.
2025-08-20 08:09:28 [DEBUG   ] src.catalog_builder: Imagem já existe localmente para SKU 12492195, pulando download.
2025-08-20 08:09:28 [DEBUG   ] src.catalog_builder: Imagem já existe localmente para SKU 12560459, pulando download.
2025-08-20 08:09:28 [DEBUG   ] src.catalog_builder: Imagem já existe localmente para SKU 12307596, pulando download.
2025-08-20 08:09:28 [DEBUG   ] src.catalog_builder: Imagem já existe localmente para SKU 12510643, pulando download.
2025-08-20 08:09:28 [DEBUG   ] src.catalog_builder: Imagem já existe localmente para SKU 12618462, pulando download.
2025-08-20 08:09:28 [DEBUG   ] src.catalog_builder: Imagem já existe localmente para SKU 414216, pulando download.
2025-08-20 08:09:28 [DEBUG   ] src.catalog_builder: Imagem já existe localmente para SKU 12099104, pulando download.
2025-08-20 08:09:28 [DEBUG   ] src.catalog_builder: Imagem já existe localmente para SKU 12316706, pulando download.
2025-08-20 08:09:28 [DEBUG   ] src.catalog_builder: Imagem já existe localmente para SKU 12350191, pulando download.
2025-08-20 08:09:28 [DEBUG   ] src.catalog_builder: Imagem já existe localmente para SKU 12368428, pulando download.
2025-08-20 08:09:28 [DEBUG   ] src.catalog_builder: Imagem já existe localmente para SKU 12377691, pulando download.
2025-08-20 08:09:28 [DEBUG   ] src.catalog_builder: Imagem já existe localmente para SKU 12377692, pulando download.
2025-08-20 08:09:28 [DEBUG   ] src.catalog_builder: Imagem já existe localmente para SKU 12590631, pulando download.
2025-08-20 08:09:28 [DEBUG   ] src.catalog_builder: Imagem já existe localmente para SKU 12492201, pulando download.
2025-08-20 08:09:28 [DEBUG   ] src.catalog_builder: Imagem já existe localmente para SKU 12478287, pulando download.
2025-08-20 08:09:28 [DEBUG   ] src.catalog_builder: Imagem já existe localmente para SKU 12550953, pulando download.
2025-08-20 08:09:28 [DEBUG   ] src.catalog_builder: Imagem já existe localmente para SKU 12614177, pulando download.
2025-08-20 08:09:28 [DEBUG   ] src.catalog_builder: Imagem já existe localmente para SKU 12513468, pulando download.
2025-08-20 08:09:28 [DEBUG   ] src.catalog_builder: Imagem já existe localmente para SKU 12513483, pulando download.
2025-08-20 08:09:28 [DEBUG   ] src.catalog_builder: Imagem já existe localmente para SKU 12517928, pulando download.
2025-08-20 08:09:28 [DEBUG   ] src.catalog_builder: Imagem já existe localmente para SKU 12447216, pulando download.
2025-08-20 08:09:28 [DEBUG   ] src.catalog_builder: Imagem já existe localmente para SKU 12447223, pulando download.
2025-08-20 08:09:28 [DEBUG   ] src.catalog_builder: Imagem já existe localmente para SKU 12464177, pulando download.
2025-08-20 08:09:28 [DEBUG   ] src.catalog_builder: Imagem já existe localmente para SKU 12464249, pulando download.
2025-08-20 08:09:28 [DEBUG   ] src.catalog_builder: Imagem já existe localmente para SKU 12526304, pulando download.
2025-08-20 08:09:28 [DEBUG   ] src.catalog_builder: Imagem já existe localmente para SKU 12526305, pulando download.
2025-08-20 08:09:28 [DEBUG   ] src.catalog_builder: Imagem já existe localmente para SKU 12526320, pulando download.
2025-08-20 08:09:28 [DEBUG   ] src.catalog_builder: Imagem já existe localmente para SKU 12527297, pulando download.
2025-08-20 08:09:28 [DEBUG   ] src.catalog_builder: Imagem já existe localmente para SKU 12527298, pulando download.
2025-08-20 08:09:28 [DEBUG   ] src.catalog_builder: Imagem já existe localmente para SKU 12489996, pulando download.
2025-08-20 08:09:28 [DEBUG   ] src.catalog_builder: Imagem já existe localmente para SKU 12527322, pulando download.
2025-08-20 08:09:28 [DEBUG   ] src.catalog_builder: Imagem já existe localmente para SKU 12527434, pulando download.
2025-08-20 08:09:28 [DEBUG   ] src.catalog_builder: Imagem já existe localmente para SKU 12343630, pulando download.
2025-08-20 08:09:28 [DEBUG   ] src.catalog_builder: Imagem já existe localmente para SKU 12495098, pulando download.
2025-08-20 08:09:28 [DEBUG   ] src.catalog_builder: Imagem já existe localmente para SKU 12492196, pulando download.
2025-08-20 08:09:28 [DEBUG   ] src.catalog_builder: Imagem já existe localmente para SKU 12342558, pulando download.
2025-08-20 08:09:28 [DEBUG   ] src.catalog_builder: Imagem já existe localmente para SKU 414513, pulando download.
2025-08-20 08:09:28 [DEBUG   ] src.catalog_builder: Imagem já existe localmente para SKU 12321616, pulando download.
2025-08-20 08:09:28 [DEBUG   ] src.catalog_builder: Imagem já existe localmente para SKU 12196210, pulando download.
2025-08-20 08:09:28 [DEBUG   ] src.catalog_builder: Imagem já existe localmente para SKU 414050, pulando download.
2025-08-20 08:09:28 [DEBUG   ] src.catalog_builder: Imagem já existe localmente para SKU 414057, pulando download.
2025-08-20 08:09:28 [DEBUG   ] src.catalog_builder: Imagem já existe localmente para SKU 12227748, pulando download.
2025-08-20 08:09:28 [DEBUG   ] src.catalog_builder: Imagem já existe localmente para SKU 12272482, pulando download.
2025-08-20 08:09:28 [DEBUG   ] src.catalog_builder: Imagem já existe localmente para SKU 12310601, pulando download.
2025-08-20 08:09:28 [DEBUG   ] src.catalog_builder: Imagem já existe localmente para SKU 6220511, pulando download.
2025-08-20 08:09:28 [DEBUG   ] src.catalog_builder: Imagem já existe localmente para SKU 12414266, pulando download.
2025-08-20 08:09:28 [DEBUG   ] src.catalog_builder: Imagem já existe localmente para SKU 12576093, pulando download.
2025-08-20 08:09:28 [DEBUG   ] src.catalog_builder: Imagem já existe localmente para SKU 12576102, pulando download.
2025-08-20 08:09:28 [DEBUG   ] src.catalog_builder: Imagem já existe localmente para SKU 12549161, pulando download.
2025-08-20 08:09:28 [DEBUG   ] src.catalog_builder: Imagem já existe localmente para SKU 12571372, pulando download.
2025-08-20 08:09:28 [DEBUG   ] src.catalog_builder: Imagem já existe localmente para SKU 12519484, pulando download.
2025-08-20 08:09:28 [DEBUG   ] src.catalog_builder: Imagem já existe localmente para SKU 12155337, pulando download.
2025-08-20 08:09:28 [DEBUG   ] src.catalog_builder: Imagem já existe localmente para SKU 12368980, pulando download.
2025-08-20 08:09:28 [DEBUG   ] src.catalog_builder: Imagem já existe localmente para SKU 12416237, pulando download.
2025-08-20 08:09:28 [DEBUG   ] src.catalog_builder: Imagem já existe localmente para SKU 12458949, pulando download.
2025-08-20 08:09:28 [DEBUG   ] src.catalog_builder: Imagem já existe localmente para SKU 12570879, pulando download.
2025-08-20 08:09:28 [DEBUG   ] src.catalog_builder: Imagem já existe localmente para SKU 12603891, pulando download.
2025-08-20 08:09:28 [DEBUG   ] src.catalog_builder: Imagem já existe localmente para SKU 12482821, pulando download.
2025-08-20 08:09:28 [DEBUG   ] src.catalog_builder: Imagem já existe localmente para SKU 12522825, pulando download.
2025-08-20 08:09:28 [DEBUG   ] src.catalog_builder: Imagem já existe localmente para SKU 12522826, pulando download.
2025-08-20 08:09:28 [DEBUG   ] src.catalog_builder: Imagem já existe localmente para SKU 12522835, pulando download.
2025-08-20 08:09:28 [DEBUG   ] src.catalog_builder: Imagem já existe localmente para SKU 12526311, pulando download.
2025-08-20 08:09:28 [DEBUG   ] src.catalog_builder: Imagem já existe localmente para SKU 12527435, pulando download.
2025-08-20 08:09:28 [DEBUG   ] src.catalog_builder: Imagem já existe localmente para SKU 12584392, pulando download.
2025-08-20 08:09:28 [DEBUG   ] src.catalog_builder: Imagem já existe localmente para SKU 12581702, pulando download.
2025-08-20 08:09:28 [DEBUG   ] src.catalog_builder: Imagem já existe localmente para SKU 12601436, pulando download.
2025-08-20 08:09:28 [DEBUG   ] src.catalog_builder: Imagem já existe localmente para SKU 12522829, pulando download.
2025-08-20 08:09:28 [DEBUG   ] src.catalog_builder: Imagem já existe localmente para SKU 12533720, pulando download.
2025-08-20 08:09:28 [DEBUG   ] src.catalog_builder: Imagem já existe localmente para SKU 12581976, pulando download.
2025-08-20 08:09:28 [DEBUG   ] src.catalog_builder: Imagem já existe localmente para SKU 12581977, pulando download.
2025-08-20 08:09:28 [DEBUG   ] src.catalog_builder: Imagem já existe localmente para SKU 11322004, pulando download.
2025-08-20 08:09:28 [DEBUG   ] src.catalog_builder: Imagem já existe localmente para SKU 12460205, pulando download.
2025-08-20 08:09:28 [DEBUG   ] src.catalog_builder: Imagem já existe localmente para SKU 12460228, pulando download.
2025-08-20 08:09:28 [DEBUG   ] src.catalog_builder: Imagem já existe localmente para SKU 11320040, pulando download.
2025-08-20 08:09:28 [DEBUG   ] src.catalog_builder: Imagem já existe localmente para SKU 11320042, pulando download.
2025-08-20 08:09:28 [DEBUG   ] src.catalog_builder: Imagem já existe localmente para SKU 11320197, pulando download.
2025-08-20 08:09:28 [DEBUG   ] src.catalog_builder: Imagem já existe localmente para SKU 11320198, pulando download.
2025-08-20 08:09:28 [DEBUG   ] src.catalog_builder: Imagem já existe localmente para SKU 11320199, pulando download.
2025-08-20 08:09:28 [DEBUG   ] src.catalog_builder: Imagem já existe localmente para SKU 11320209, pulando download.
2025-08-20 08:09:28 [DEBUG   ] src.catalog_builder: Imagem já existe localmente para SKU 11324001, pulando download.
2025-08-20 08:09:28 [DEBUG   ] src.catalog_builder: Imagem já existe localmente para SKU 12277350, pulando download.
2025-08-20 08:09:28 [DEBUG   ] src.catalog_builder: Imagem já existe localmente para SKU 12492197, pulando download.
2025-08-20 08:09:28 [DEBUG   ] src.catalog_builder: Imagem já existe localmente para SKU 12492199, pulando download.
2025-08-20 08:09:28 [DEBUG   ] src.catalog_builder: Imagem já existe localmente para SKU 12492202, pulando download.
2025-08-20 08:09:28 [DEBUG   ] src.catalog_builder: Imagem já existe localmente para SKU 12492203, pulando download.
2025-08-20 08:09:28 [DEBUG   ] src.catalog_builder: Imagem já existe localmente para SKU 12492209, pulando download.
2025-08-20 08:09:28 [DEBUG   ] src.catalog_builder: Imagem já existe localmente para SKU 12492210, pulando download.
2025-08-20 08:09:28 [DEBUG   ] src.catalog_builder: Imagem já existe localmente para SKU 12492216, pulando download.
2025-08-20 08:09:28 [DEBUG   ] src.catalog_builder: Imagem já existe localmente para SKU 12414389, pulando download.
2025-08-20 08:09:28 [DEBUG   ] src.catalog_builder: Imagem já existe localmente para SKU 412340, pulando download.
2025-08-20 08:09:28 [DEBUG   ] src.catalog_builder: Imagem já existe localmente para SKU 412341, pulando download.
2025-08-20 08:09:28 [DEBUG   ] src.catalog_builder: Imagem já existe localmente para SKU 412342, pulando download.
2025-08-20 08:09:28 [DEBUG   ] src.catalog_builder: Imagem já existe localmente para SKU 12429007, pulando download.
2025-08-20 08:09:28 [DEBUG   ] src.catalog_builder: Imagem já existe localmente para SKU 12595377, pulando download.
2025-08-20 08:09:28 [DEBUG   ] src.catalog_builder: Imagem já existe localmente para SKU 12595468, pulando download.
2025-08-20 08:09:28 [DEBUG   ] src.catalog_builder: Imagem já existe localmente para SKU 12177187, pulando download.
2025-08-20 08:09:28 [DEBUG   ] src.catalog_builder: Imagem já existe localmente para SKU 12177188, pulando download.
2025-08-20 08:09:28 [DEBUG   ] src.catalog_builder: Imagem já existe localmente para SKU 12185378, pulando download.
2025-08-20 08:09:28 [DEBUG   ] src.catalog_builder: Imagem já existe localmente para SKU 12248107, pulando download.
2025-08-20 08:09:28 [DEBUG   ] src.catalog_builder: Imagem já existe localmente para SKU 12416339, pulando download.
2025-08-20 08:09:28 [DEBUG   ] src.catalog_builder: Imagem já existe localmente para SKU 12416364, pulando download.
2025-08-20 08:09:28 [DEBUG   ] src.catalog_builder: Imagem já existe localmente para SKU 411269, pulando download.
2025-08-20 08:09:28 [DEBUG   ] src.catalog_builder: Imagem já existe localmente para SKU 12413903, pulando download.
2025-08-20 08:09:28 [DEBUG   ] src.catalog_builder: Imagem já existe localmente para SKU 12091059, pulando download.
2025-08-20 08:09:28 [DEBUG   ] src.catalog_builder: Imagem já existe localmente para SKU 12440848, pulando download.
2025-08-20 08:09:28 [DEBUG   ] src.catalog_builder: Imagem já existe localmente para SKU 12451066, pulando download.
2025-08-20 08:09:28 [DEBUG   ] src.catalog_builder: Imagem já existe localmente para SKU 12549150, pulando download.
2025-08-20 08:09:28 [DEBUG   ] src.catalog_builder: Imagem já existe localmente para SKU 12549142, pulando download.
2025-08-20 08:09:28 [DEBUG   ] src.catalog_builder: Imagem já existe localmente para SKU 12329921, pulando download.
2025-08-20 08:09:28 [DEBUG   ] src.catalog_builder: Imagem já existe localmente para SKU 12329922, pulando download.
2025-08-20 08:09:28 [DEBUG   ] src.catalog_builder: Imagem já existe localmente para SKU 12344609, pulando download.
2025-08-20 08:09:28 [DEBUG   ] src.catalog_builder: Imagem já existe localmente para SKU 12344651, pulando download.
2025-08-20 08:09:28 [DEBUG   ] src.catalog_builder: Imagem já existe localmente para SKU 12346031, pulando download.
2025-08-20 08:09:28 [DEBUG   ] src.catalog_builder: Imagem já existe localmente para SKU 12349928, pulando download.
2025-08-20 08:09:28 [DEBUG   ] src.catalog_builder: Imagem já existe localmente para SKU 12350064, pulando download.
2025-08-20 08:09:28 [DEBUG   ] src.catalog_builder: Imagem já existe localmente para SKU 12350073, pulando download.
2025-08-20 08:09:28 [DEBUG   ] src.catalog_builder: Imagem já existe localmente para SKU 12350074, pulando download.
2025-08-20 08:09:28 [DEBUG   ] src.catalog_builder: Imagem já existe localmente para SKU 12350100, pulando download.
2025-08-20 08:09:28 [DEBUG   ] src.catalog_builder: Imagem já existe localmente para SKU 12355785, pulando download.
2025-08-20 08:09:28 [DEBUG   ] src.catalog_builder: Imagem já existe localmente para SKU 12355788, pulando download.
2025-08-20 08:09:28 [DEBUG   ] src.catalog_builder: Imagem já existe localmente para SKU 12355789, pulando download.
2025-08-20 08:09:28 [DEBUG   ] src.catalog_builder: Imagem já existe localmente para SKU 12355810, pulando download.
2025-08-20 08:09:28 [DEBUG   ] src.catalog_builder: Imagem já existe localmente para SKU 12417921, pulando download.
2025-08-20 08:09:28 [DEBUG   ] src.catalog_builder: Imagem já existe localmente para SKU 415306, pulando download.
2025-08-20 08:09:28 [DEBUG   ] src.catalog_builder: Imagem já existe localmente para SKU 415385, pulando download.
2025-08-20 08:09:28 [DEBUG   ] src.catalog_builder: Imagem já existe localmente para SKU 12400662, pulando download.
2025-08-20 08:09:28 [DEBUG   ] src.catalog_builder: Imagem já existe localmente para SKU 415400, pulando download.
2025-08-20 08:09:28 [DEBUG   ] src.catalog_builder: Imagem já existe localmente para SKU 415820, pulando download.
2025-08-20 08:09:28 [DEBUG   ] src.catalog_builder: Imagem já existe localmente para SKU 415821, pulando download.
2025-08-20 08:09:28 [DEBUG   ] src.catalog_builder: Imagem já existe localmente para SKU 12041117, pulando download.
2025-08-20 08:09:28 [DEBUG   ] src.catalog_builder: Imagem já existe localmente para SKU 12223291, pulando download.
2025-08-20 08:09:28 [DEBUG   ] src.catalog_builder: Imagem já existe localmente para SKU 12392354, pulando download.
2025-08-20 08:09:28 [DEBUG   ] src.catalog_builder: Imagem já existe localmente para SKU 12392355, pulando download.
2025-08-20 08:09:28 [DEBUG   ] src.catalog_builder: Imagem já existe localmente para SKU 415084, pulando download.
2025-08-20 08:09:28 [DEBUG   ] src.catalog_builder: Imagem já existe localmente para SKU 12480738, pulando download.
2025-08-20 08:09:28 [DEBUG   ] src.catalog_builder: Imagem já existe localmente para SKU 12480745, pulando download.
2025-08-20 08:09:28 [DEBUG   ] src.catalog_builder: Imagem já existe localmente para SKU 12480752, pulando download.
2025-08-20 08:09:28 [DEBUG   ] src.catalog_builder: Imagem já existe localmente para SKU 12611501, pulando download.
2025-08-20 08:09:28 [DEBUG   ] src.catalog_builder: Imagem já existe localmente para SKU 12611512, pulando download.
2025-08-20 08:09:28 [DEBUG   ] src.catalog_builder: Imagem já existe localmente para SKU 12612574, pulando download.
2025-08-20 08:09:28 [DEBUG   ] src.catalog_builder: Imagem já existe localmente para SKU 12583426, pulando download.
2025-08-20 08:09:28 [DEBUG   ] src.catalog_builder: Imagem já existe localmente para SKU 12600478, pulando download.
2025-08-20 08:09:28 [DEBUG   ] src.catalog_builder: Imagem já existe localmente para SKU 12600497, pulando download.
2025-08-20 08:09:28 [DEBUG   ] src.catalog_builder: Imagem já existe localmente para SKU 12600503, pulando download.
2025-08-20 08:09:28 [DEBUG   ] src.catalog_builder: Imagem já existe localmente para SKU 415013, pulando download.
2025-08-20 08:09:28 [DEBUG   ] src.catalog_builder: Imagem já existe localmente para SKU 415014, pulando download.
2025-08-20 08:09:28 [DEBUG   ] src.catalog_builder: Imagem já existe localmente para SKU 12571524, pulando download.
2025-08-20 08:09:28 [DEBUG   ] src.catalog_builder: Imagem já existe localmente para SKU 12384866, pulando download.
2025-08-20 08:09:28 [DEBUG   ] src.catalog_builder: Imagem já existe localmente para SKU 12384867, pulando download.
2025-08-20 08:09:28 [DEBUG   ] src.catalog_builder: Imagem já existe localmente para SKU 12384868, pulando download.
2025-08-20 08:09:28 [DEBUG   ] src.catalog_builder: Imagem já existe localmente para SKU 12519868, pulando download.
2025-08-20 08:09:28 [DEBUG   ] src.catalog_builder: Imagem já existe localmente para SKU 12519873, pulando download.
2025-08-20 08:09:28 [DEBUG   ] src.catalog_builder: Imagem já existe localmente para SKU 12520225, pulando download.
2025-08-20 08:09:28 [DEBUG   ] src.catalog_builder: Imagem já existe localmente para SKU 12520226, pulando download.
2025-08-20 08:09:28 [DEBUG   ] src.catalog_builder: Imagem já existe localmente para SKU 12520229, pulando download.
2025-08-20 08:09:28 [DEBUG   ] src.catalog_builder: Imagem já existe localmente para SKU 12351488, pulando download.
2025-08-20 08:09:28 [DEBUG   ] src.catalog_builder: Imagem já existe localmente para SKU 12408826, pulando download.
2025-08-20 08:09:28 [DEBUG   ] src.catalog_builder: Imagem já existe localmente para SKU 12240800, pulando download.
2025-08-20 08:09:28 [DEBUG   ] src.catalog_builder: Imagem já existe localmente para SKU 12520236, pulando download.
2025-08-20 08:09:28 [DEBUG   ] src.catalog_builder: Imagem já existe localmente para SKU 12501811, pulando download.
2025-08-20 08:09:28 [DEBUG   ] src.catalog_builder: Imagem já existe localmente para SKU 12521749, pulando download.
2025-08-20 08:09:28 [DEBUG   ] src.catalog_builder: Imagem já existe localmente para SKU 12442256, pulando download.
2025-08-20 08:09:28 [DEBUG   ] src.catalog_builder: Imagem já existe localmente para SKU 12561814, pulando download.
2025-08-20 08:09:28 [DEBUG   ] src.catalog_builder: Imagem já existe localmente para SKU 12561840, pulando download.
2025-08-20 08:09:28 [DEBUG   ] src.catalog_builder: Imagem já existe localmente para SKU 12609999, pulando download.
2025-08-20 08:09:28 [DEBUG   ] src.catalog_builder: Imagem já existe localmente para SKU 12610012, pulando download.
2025-08-20 08:09:28 [DEBUG   ] src.catalog_builder: Imagem já existe localmente para SKU 12612342, pulando download.
2025-08-20 08:09:28 [DEBUG   ] src.catalog_builder: Imagem já existe localmente para SKU 6621511, pulando download.
2025-08-20 08:09:28 [DEBUG   ] src.catalog_builder: Imagem já existe localmente para SKU 12519758, pulando download.
2025-08-20 08:09:28 [DEBUG   ] src.catalog_builder: Imagem já existe localmente para SKU 6620911, pulando download.
2025-08-20 08:09:28 [DEBUG   ] src.catalog_builder: Imagem já existe localmente para SKU 6621011, pulando download.
2025-08-20 08:09:28 [DEBUG   ] src.catalog_builder: Imagem já existe localmente para SKU 12029565, pulando download.
2025-08-20 08:09:28 [DEBUG   ] src.catalog_builder: Imagem já existe localmente para SKU 12029252, pulando download.
2025-08-20 08:09:28 [DEBUG   ] src.catalog_builder: Imagem já existe localmente para SKU 12535219, pulando download.
2025-08-20 08:09:28 [DEBUG   ] src.catalog_builder: Imagem já existe localmente para SKU 12535237, pulando download.
2025-08-20 08:09:28 [DEBUG   ] src.catalog_builder: Imagem já existe localmente para SKU 12535260, pulando download.
2025-08-20 08:09:28 [DEBUG   ] src.catalog_builder: Imagem já existe localmente para SKU 12562738, pulando download.
2025-08-20 08:09:28 [DEBUG   ] src.catalog_builder: Imagem já existe localmente para SKU 12562754, pulando download.
2025-08-20 08:09:28 [DEBUG   ] src.catalog_builder: Imagem já existe localmente para SKU 12562774, pulando download.
2025-08-20 08:09:28 [DEBUG   ] src.catalog_builder: Imagem já existe localmente para SKU 12519762, pulando download.
2025-08-20 08:09:28 [DEBUG   ] src.catalog_builder: Imagem já existe localmente para SKU 12447487, pulando download.
2025-08-20 08:09:28 [DEBUG   ] src.catalog_builder: Imagem já existe localmente para SKU 12406967, pulando download.
2025-08-20 08:09:28 [DEBUG   ] src.catalog_builder: Imagem já existe localmente para SKU 12406968, pulando download.
2025-08-20 08:09:28 [DEBUG   ] src.catalog_builder: Imagem já existe localmente para SKU 12406969, pulando download.
2025-08-20 08:09:28 [DEBUG   ] src.catalog_builder: Imagem já existe localmente para SKU 12519988, pulando download.
2025-08-20 08:09:28 [DEBUG   ] src.catalog_builder: Imagem já existe localmente para SKU 12584369, pulando download.
2025-08-20 08:09:28 [DEBUG   ] src.catalog_builder: Imagem já existe localmente para SKU 12558433, pulando download.
2025-08-20 08:09:28 [DEBUG   ] src.catalog_builder: Imagem já existe localmente para SKU 12587774, pulando download.
2025-08-20 08:09:28 [DEBUG   ] src.catalog_builder: Imagem já existe localmente para SKU 12589528, pulando download.
2025-08-20 08:09:28 [DEBUG   ] src.catalog_builder: Imagem já existe localmente para SKU 12584504, pulando download.
2025-08-20 08:09:28 [DEBUG   ] src.catalog_builder: Imagem já existe localmente para SKU 12584520, pulando download.
2025-08-20 08:09:28 [DEBUG   ] src.catalog_builder: Imagem já existe localmente para SKU 12577839, pulando download.
2025-08-20 08:09:28 [DEBUG   ] src.catalog_builder: Imagem já existe localmente para SKU 12582848, pulando download.
2025-08-20 08:09:28 [DEBUG   ] src.catalog_builder: Imagem já existe localmente para SKU 12582856, pulando download.
2025-08-20 08:09:28 [DEBUG   ] src.catalog_builder: Imagem já existe localmente para SKU 12582874, pulando download.
2025-08-20 08:09:28 [DEBUG   ] src.catalog_builder: Imagem já existe localmente para SKU 12583436, pulando download.
2025-08-20 08:09:28 [DEBUG   ] src.catalog_builder: Imagem já existe localmente para SKU 12586515, pulando download.
2025-08-20 08:09:28 [DEBUG   ] src.catalog_builder: Imagem já existe localmente para SKU 12586516, pulando download.
2025-08-20 08:09:28 [DEBUG   ] src.catalog_builder: Imagem já existe localmente para SKU 12607311, pulando download.
2025-08-20 08:09:28 [DEBUG   ] src.catalog_builder: Imagem já existe localmente para SKU 419489, pulando download.
2025-08-20 08:09:28 [DEBUG   ] src.catalog_builder: Imagem já existe localmente para SKU 12519989, pulando download.
2025-08-20 08:09:28 [DEBUG   ] src.catalog_builder: Imagem já existe localmente para SKU 414530, pulando download.
2025-08-20 08:09:28 [DEBUG   ] src.catalog_builder: Imagem já existe localmente para SKU 12520104, pulando download.
2025-08-20 08:09:28 [DEBUG   ] src.catalog_builder: Imagem já existe localmente para SKU 12520114, pulando download.
2025-08-20 08:09:28 [DEBUG   ] src.catalog_builder: Imagem já existe localmente para SKU 11320309, pulando download.
2025-08-20 08:09:28 [DEBUG   ] src.catalog_builder: Imagem já existe localmente para SKU 12144488, pulando download.
2025-08-20 08:09:28 [DEBUG   ] src.catalog_builder: Imagem já existe localmente para SKU 12144708, pulando download.
2025-08-20 08:09:28 [DEBUG   ] src.catalog_builder: Imagem já existe localmente para SKU 11320308, pulando download.
2025-08-20 08:09:28 [DEBUG   ] src.catalog_builder: Imagem já existe localmente para SKU 12144489, pulando download.
2025-08-20 08:09:28 [DEBUG   ] src.catalog_builder: Imagem já existe localmente para SKU 12144515, pulando download.
2025-08-20 08:09:28 [DEBUG   ] src.catalog_builder: Imagem já existe localmente para SKU 412234, pulando download.
2025-08-20 08:09:28 [DEBUG   ] src.catalog_builder: Imagem já existe localmente para SKU 12351872, pulando download.
2025-08-20 08:09:28 [DEBUG   ] src.catalog_builder: Imagem já existe localmente para SKU 12351873, pulando download.
2025-08-20 08:09:28 [DEBUG   ] src.catalog_builder: Imagem já existe localmente para SKU 12351874, pulando download.
2025-08-20 08:09:28 [DEBUG   ] src.catalog_builder: Imagem já existe localmente para SKU 12255799, pulando download.
2025-08-20 08:09:28 [DEBUG   ] src.catalog_builder: Imagem já existe localmente para SKU 12255810, pulando download.
2025-08-20 08:09:28 [DEBUG   ] src.catalog_builder: Imagem já existe localmente para SKU 12255811, pulando download.
2025-08-20 08:09:28 [DEBUG   ] src.catalog_builder: Imagem já existe localmente para SKU 12255812, pulando download.
2025-08-20 08:09:28 [DEBUG   ] src.catalog_builder: Imagem já existe localmente para SKU 12351875, pulando download.
2025-08-20 08:09:28 [DEBUG   ] src.catalog_builder: Imagem já existe localmente para SKU 12611191, pulando download.
2025-08-20 08:09:28 [DEBUG   ] src.catalog_builder: Imagem já existe localmente para SKU 12611545, pulando download.
2025-08-20 08:09:28 [DEBUG   ] src.catalog_builder: Imagem já existe localmente para SKU 12073778, pulando download.
2025-08-20 08:09:28 [DEBUG   ] src.catalog_builder: Imagem já existe localmente para SKU 12439522, pulando download.
2025-08-20 08:09:28 [DEBUG   ] src.catalog_builder: Imagem já existe localmente para SKU 12462203, pulando download.
2025-08-20 08:09:28 [DEBUG   ] src.catalog_builder: Imagem já existe localmente para SKU 12581664, pulando download.
2025-08-20 08:09:28 [DEBUG   ] src.catalog_builder: Imagem já existe localmente para SKU 12320781, pulando download.
2025-08-20 08:09:28 [DEBUG   ] src.catalog_builder: Imagem já existe localmente para SKU 12320782, pulando download.
2025-08-20 08:09:28 [DEBUG   ] src.catalog_builder: Imagem já existe localmente para SKU 415328, pulando download.
2025-08-20 08:09:28 [DEBUG   ] src.catalog_builder: Imagem já existe localmente para SKU 12575461, pulando download.
2025-08-20 08:09:28 [DEBUG   ] src.catalog_builder: Imagem já existe localmente para SKU 12168360, pulando download.
2025-08-20 08:09:28 [DEBUG   ] src.catalog_builder: Imagem já existe localmente para SKU 12168361, pulando download.
2025-08-20 08:09:28 [DEBUG   ] src.catalog_builder: Imagem já existe localmente para SKU 12168362, pulando download.
2025-08-20 08:09:28 [DEBUG   ] src.catalog_builder: Imagem já existe localmente para SKU 12133009, pulando download.
2025-08-20 08:09:28 [DEBUG   ] src.catalog_builder: Imagem já existe localmente para SKU 411059, pulando download.
2025-08-20 08:09:28 [DEBUG   ] src.catalog_builder: Imagem já existe localmente para SKU 12554556, pulando download.
2025-08-20 08:09:28 [DEBUG   ] src.catalog_builder: Imagem já existe localmente para SKU 12267768, pulando download.
2025-08-20 08:09:28 [DEBUG   ] src.catalog_builder: Imagem já existe localmente para SKU 12133134, pulando download.
2025-08-20 08:09:28 [DEBUG   ] src.catalog_builder: Imagem já existe localmente para SKU 411526, pulando download.
2025-08-20 08:09:28 [DEBUG   ] src.catalog_builder: Imagem já existe localmente para SKU 415533, pulando download.
2025-08-20 08:09:28 [DEBUG   ] src.catalog_builder: Imagem já existe localmente para SKU 12133006, pulando download.
2025-08-20 08:09:28 [DEBUG   ] src.catalog_builder: Imagem já existe localmente para SKU 411522, pulando download.
2025-08-20 08:09:28 [DEBUG   ] src.catalog_builder: Imagem já existe localmente para SKU 411524, pulando download.
2025-08-20 08:09:28 [DEBUG   ] src.catalog_builder: Imagem já existe localmente para SKU 12209621, pulando download.
2025-08-20 08:09:28 [DEBUG   ] src.catalog_builder: Imagem já existe localmente para SKU 12220263, pulando download.
2025-08-20 08:09:28 [DEBUG   ] src.catalog_builder: Imagem já existe localmente para SKU 12318446, pulando download.
2025-08-20 08:09:28 [DEBUG   ] src.catalog_builder: Imagem já existe localmente para SKU 12346804, pulando download.
2025-08-20 08:09:28 [DEBUG   ] src.catalog_builder: Imagem já existe localmente para SKU 12479825, pulando download.
2025-08-20 08:09:28 [DEBUG   ] src.catalog_builder: Imagem já existe localmente para SKU 12479830, pulando download.
2025-08-20 08:09:28 [DEBUG   ] src.catalog_builder: Imagem já existe localmente para SKU 12524409, pulando download.
2025-08-20 08:09:28 [DEBUG   ] src.catalog_builder: Imagem já existe localmente para SKU 12608991, pulando download.
2025-08-20 08:09:28 [DEBUG   ] src.catalog_builder: Imagem já existe localmente para SKU 413522, pulando download.
2025-08-20 08:09:28 [DEBUG   ] src.catalog_builder: Imagem já existe localmente para SKU 12383806, pulando download.
2025-08-20 08:09:28 [DEBUG   ] src.catalog_builder: Imagem já existe localmente para SKU 12496010, pulando download.
2025-08-20 08:09:28 [DEBUG   ] src.catalog_builder: Imagem já existe localmente para SKU 12496013, pulando download.
2025-08-20 08:09:28 [DEBUG   ] src.catalog_builder: Imagem já existe localmente para SKU 12330469, pulando download.
2025-08-20 08:09:28 [DEBUG   ] src.catalog_builder: Imagem já existe localmente para SKU 12383770, pulando download.
2025-08-20 08:09:28 [DEBUG   ] src.catalog_builder: Imagem já existe localmente para SKU 12496089, pulando download.
2025-08-20 08:09:28 [DEBUG   ] src.catalog_builder: Imagem já existe localmente para SKU 12562153, pulando download.
2025-08-20 08:09:28 [DEBUG   ] src.catalog_builder: Imagem já existe localmente para SKU 12562154, pulando download.
2025-08-20 08:09:28 [DEBUG   ] src.catalog_builder: Imagem já existe localmente para SKU 12496082, pulando download.
2025-08-20 08:09:28 [DEBUG   ] src.catalog_builder: Imagem já existe localmente para SKU 12562286, pulando download.
2025-08-20 08:09:28 [DEBUG   ] src.catalog_builder: Imagem já existe localmente para SKU 12562302, pulando download.
2025-08-20 08:09:28 [DEBUG   ] src.catalog_builder: Imagem já existe localmente para SKU 12562402, pulando download.
2025-08-20 08:09:28 [DEBUG   ] src.catalog_builder: Imagem já existe localmente para SKU 12590501, pulando download.
2025-08-20 08:09:28 [DEBUG   ] src.catalog_builder: Imagem já existe localmente para SKU 12592351, pulando download.
2025-08-20 08:09:28 [DEBUG   ] src.catalog_builder: Imagem já existe localmente para SKU 12592352, pulando download.
2025-08-20 08:09:28 [DEBUG   ] src.catalog_builder: Imagem já existe localmente para SKU 12598146, pulando download.
2025-08-20 08:09:28 [DEBUG   ] src.catalog_builder: Imagem já existe localmente para SKU 12598254, pulando download.
2025-08-20 08:09:28 [DEBUG   ] src.catalog_builder: Imagem já existe localmente para SKU 12598255, pulando download.
2025-08-20 08:09:28 [DEBUG   ] src.catalog_builder: Imagem já existe localmente para SKU 12454127, pulando download.
2025-08-20 08:09:28 [DEBUG   ] src.catalog_builder: Imagem já existe localmente para SKU 12405428, pulando download.
2025-08-20 08:09:28 [DEBUG   ] src.catalog_builder: Imagem já existe localmente para SKU 12405432, pulando download.
2025-08-20 08:09:28 [DEBUG   ] src.catalog_builder: Imagem já existe localmente para SKU 12405471, pulando download.
2025-08-20 08:09:28 [DEBUG   ] src.catalog_builder: Imagem já existe localmente para SKU 12405472, pulando download.
2025-08-20 08:09:28 [DEBUG   ] src.catalog_builder: Imagem já existe localmente para SKU 12405475, pulando download.
2025-08-20 08:09:28 [DEBUG   ] src.catalog_builder: Imagem já existe localmente para SKU 12601967, pulando download.
2025-08-20 08:09:28 [DEBUG   ] src.catalog_builder: Imagem já existe localmente para SKU 12352836, pulando download.
2025-08-20 08:09:28 [DEBUG   ] src.catalog_builder: Imagem já existe localmente para SKU 12380253, pulando download.
2025-08-20 08:09:28 [DEBUG   ] src.catalog_builder: Imagem já existe localmente para SKU 12528243, pulando download.
2025-08-20 08:09:28 [DEBUG   ] src.catalog_builder: Imagem já existe localmente para SKU 12528254, pulando download.
2025-08-20 08:09:28 [DEBUG   ] src.catalog_builder: Imagem já existe localmente para SKU 12531949, pulando download.
2025-08-20 08:09:28 [DEBUG   ] src.catalog_builder: Imagem já existe localmente para SKU 12571139, pulando download.
2025-08-20 08:09:28 [DEBUG   ] src.catalog_builder: Imagem já existe localmente para SKU 12571160, pulando download.
2025-08-20 08:09:28 [DEBUG   ] src.catalog_builder: Imagem já existe localmente para SKU 12571161, pulando download.
2025-08-20 08:09:28 [DEBUG   ] src.catalog_builder: Imagem já existe localmente para SKU 12610745, pulando download.
2025-08-20 08:09:28 [DEBUG   ] src.catalog_builder: Imagem já existe localmente para SKU 12610767, pulando download.
2025-08-20 08:09:28 [DEBUG   ] src.catalog_builder: Imagem já existe localmente para SKU 12610829, pulando download.
2025-08-20 08:09:28 [DEBUG   ] src.catalog_builder: Imagem já existe localmente para SKU 12591179, pulando download.
2025-08-20 08:09:28 [DEBUG   ] src.catalog_builder: Imagem já existe localmente para SKU 12523120, pulando download.
2025-08-20 08:09:28 [DEBUG   ] src.catalog_builder: Imagem já existe localmente para SKU 12558441, pulando download.
2025-08-20 08:09:28 [DEBUG   ] src.catalog_builder: Imagem já existe localmente para SKU 12551303, pulando download.
2025-08-20 08:09:28 [DEBUG   ] src.catalog_builder: Imagem já existe localmente para SKU 12551448, pulando download.
2025-08-20 08:09:28 [DEBUG   ] src.catalog_builder: Imagem já existe localmente para SKU 12551473, pulando download.
2025-08-20 08:09:28 [DEBUG   ] src.catalog_builder: Imagem já existe localmente para SKU 12527302, pulando download.
2025-08-20 08:09:28 [DEBUG   ] src.catalog_builder: Imagem já existe localmente para SKU 12495099, pulando download.
2025-08-20 08:09:28 [DEBUG   ] src.catalog_builder: Imagem já existe localmente para SKU 12496085, pulando download.
2025-08-20 08:09:28 [DEBUG   ] src.catalog_builder: Imagem já existe localmente para SKU 12603785, pulando download.
2025-08-20 08:09:28 [DEBUG   ] src.catalog_builder: Imagem já existe localmente para SKU 12447686, pulando download.
2025-08-20 08:09:28 [DEBUG   ] src.catalog_builder: Imagem já existe localmente para SKU 12551246, pulando download.
2025-08-20 08:09:28 [DEBUG   ] src.catalog_builder: Imagem já existe localmente para SKU 12551301, pulando download.
2025-08-20 08:09:28 [DEBUG   ] src.catalog_builder: Imagem já existe localmente para SKU 12551459, pulando download.
2025-08-20 08:09:28 [DEBUG   ] src.catalog_builder: Imagem já existe localmente para SKU 12551265, pulando download.
2025-08-20 08:09:28 [DEBUG   ] src.catalog_builder: Imagem já existe localmente para SKU 12572613, pulando download.
2025-08-20 08:09:28 [DEBUG   ] src.catalog_builder: Imagem já existe localmente para SKU 12574654, pulando download.
2025-08-20 08:09:28 [DEBUG   ] src.catalog_builder: Imagem já existe localmente para SKU 12551249, pulando download.
2025-08-20 08:09:28 [DEBUG   ] src.catalog_builder: Imagem já existe localmente para SKU 12551257, pulando download.
2025-08-20 08:09:28 [DEBUG   ] src.catalog_builder: Imagem já existe localmente para SKU 12551271, pulando download.
2025-08-20 08:09:28 [DEBUG   ] src.catalog_builder: Imagem já existe localmente para SKU 12551463, pulando download.
2025-08-20 08:09:28 [DEBUG   ] src.catalog_builder: Imagem já existe localmente para SKU 12552456, pulando download.
2025-08-20 08:09:28 [DEBUG   ] src.catalog_builder: Imagem já existe localmente para SKU 12591103, pulando download.
2025-08-20 08:09:28 [DEBUG   ] src.catalog_builder: Imagem já existe localmente para SKU 6600110, pulando download.
2025-08-20 08:09:28 [DEBUG   ] src.catalog_builder: Imagem já existe localmente para SKU 12447561, pulando download.
2025-08-20 08:09:28 [DEBUG   ] src.catalog_builder: Imagem já existe localmente para SKU 12465559, pulando download.
2025-08-20 08:09:28 [DEBUG   ] src.catalog_builder: Imagem já existe localmente para SKU 11320339, pulando download.
2025-08-20 08:09:28 [DEBUG   ] src.catalog_builder: Imagem já existe localmente para SKU 11321851, pulando download.
2025-08-20 08:09:28 [DEBUG   ] src.catalog_builder: Imagem já existe localmente para SKU 12492697, pulando download.
2025-08-20 08:09:28 [DEBUG   ] src.catalog_builder: Imagem já existe localmente para SKU 12537264, pulando download.
2025-08-20 08:09:28 [DEBUG   ] src.catalog_builder: Imagem já existe localmente para SKU 9522889, pulando download.
2025-08-20 08:09:28 [DEBUG   ] src.catalog_builder: Imagem já existe localmente para SKU 12494461, pulando download.
2025-08-20 08:09:28 [DEBUG   ] src.catalog_builder: Imagem já existe localmente para SKU 12527441, pulando download.
2025-08-20 08:09:28 [DEBUG   ] src.catalog_builder: Imagem já existe localmente para SKU 12595044, pulando download.
2025-08-20 08:09:28 [DEBUG   ] src.catalog_builder: Imagem já existe localmente para SKU 12583425, pulando download.
2025-08-20 08:09:28 [DEBUG   ] src.catalog_builder: Imagem já existe localmente para SKU 12383749, pulando download.
2025-08-20 08:09:28 [DEBUG   ] src.catalog_builder: Imagem já existe localmente para SKU 12496103, pulando download.
2025-08-20 08:09:28 [DEBUG   ] src.catalog_builder: Imagem já existe localmente para SKU 12555193, pulando download.
2025-08-20 08:09:28 [DEBUG   ] src.catalog_builder: Imagem já existe localmente para SKU 12558494, pulando download.
2025-08-20 08:09:28 [DEBUG   ] src.catalog_builder: Imagem já existe localmente para SKU 12577926, pulando download.
2025-08-20 08:09:28 [DEBUG   ] src.catalog_builder: Imagem já existe localmente para SKU 12601139, pulando download.
2025-08-20 08:09:28 [DEBUG   ] src.catalog_builder: Imagem já existe localmente para SKU 12603778, pulando download.
2025-08-20 08:09:28 [DEBUG   ] src.catalog_builder: Imagem já existe localmente para SKU 12586548, pulando download.
2025-08-20 08:09:28 [DEBUG   ] src.catalog_builder: Imagem já existe localmente para SKU 12405477, pulando download.
2025-08-20 08:09:28 [INFO    ] src.catalog_builder: Downloads concluídos. Sucesso: 0 | Pulados: 470 | Falhas: 0
2025-08-20 08:09:29 [INFO    ] src.catalog_builder: Template PPTX carregado.
2025-08-20 08:09:29 [INFO    ] src.catalog_builder: Ordenação concluída por categoria/nome/SKU.
2025-08-20 08:09:29 [INFO    ] src.catalog_builder: Filtro ativo. 470 produtos com URL de imagem serão incluídos.
2025-08-20 08:09:29 [INFO    ] src.catalog_builder: Criando slides para categoria: 'BEBIDAS' (7 itens).
2025-08-20 08:09:29 [INFO    ] src.catalog_builder: Criando slides para categoria: 'BEBIDAS PÓS' (11 itens).
2025-08-20 08:09:29 [INFO    ] src.catalog_builder: Criando slides para categoria: 'BISCOITOS' (73 itens).
2025-08-20 08:09:35 [INFO    ] src.catalog_builder: Criando slides para categoria: 'CEREAIS FAMÍLIA' (15 itens).
2025-08-20 08:09:36 [INFO    ] src.catalog_builder: Criando slides para categoria: 'CEREAIS INFANTIS' (20 itens).
2025-08-20 08:09:38 [INFO    ] src.catalog_builder: Criando slides para categoria: 'CEREAIS MATINAIS' (17 itens).
2025-08-20 08:09:39 [INFO    ] src.catalog_builder: Criando slides para categoria: 'CHOCOLATES NESTLÉ' (38 itens).
2025-08-20 08:09:42 [INFO    ] src.catalog_builder: Criando slides para categoria: 'COMPATIVEIS NESPRESSO' (1 itens).
2025-08-20 08:09:42 [INFO    ] src.catalog_builder: Criando slides para categoria: 'FORMULAS INFANTIS' (5 itens).
2025-08-20 08:09:43 [INFO    ] src.catalog_builder: Criando slides para categoria: 'GAROTO' (38 itens).
2025-08-20 08:09:46 [INFO    ] src.catalog_builder: Criando slides para categoria: 'HEALTH SCIENCE' (12 itens).
2025-08-20 08:09:48 [INFO    ] src.catalog_builder: Criando slides para categoria: 'LEITES CULINÁRIOS' (5 itens).
2025-08-20 08:09:48 [INFO    ] src.catalog_builder: Criando slides para categoria: 'LEITES DE CRESCIMENTO' (2 itens).
2025-08-20 08:09:48 [INFO    ] src.catalog_builder: Criando slides para categoria: 'MAGGI' (38 itens).
2025-08-20 08:09:50 [INFO    ] src.catalog_builder: Criando slides para categoria: 'MAINSTREAM' (9 itens).
2025-08-20 08:09:51 [INFO    ] src.catalog_builder: Criando slides para categoria: 'MOLICO' (3 itens).
2025-08-20 08:09:51 [INFO    ] src.catalog_builder: Criando slides para categoria: 'NESCAFE SOLUVEL + T&M' (26 itens).
2025-08-20 08:09:53 [INFO    ] src.catalog_builder: Criando slides para categoria: 'NINHO' (13 itens).
2025-08-20 08:09:54 [INFO    ] src.catalog_builder: Criando slides para categoria: 'NP BISCOITOS' (2 itens).
2025-08-20 08:09:55 [INFO    ] src.catalog_builder: Criando slides para categoria: 'NP CHOCOLATES' (28 itens).
2025-08-20 08:09:57 [INFO    ] src.catalog_builder: Criando slides para categoria: 'NP CULINARIOS' (7 itens).
2025-08-20 08:09:58 [INFO    ] src.catalog_builder: Criando slides para categoria: 'NP LACTEOS' (20 itens).
2025-08-20 08:09:59 [INFO    ] src.catalog_builder: Criando slides para categoria: 'NP SOBREMESAS' (3 itens).
2025-08-20 08:10:00 [INFO    ] src.catalog_builder: Criando slides para categoria: 'NP STANDARD' (2 itens).
2025-08-20 08:10:00 [INFO    ] src.catalog_builder: Criando slides para categoria: 'ORAL CARE' (3 itens).
2025-08-20 08:10:00 [INFO    ] src.catalog_builder: Criando slides para categoria: 'PREMIUM DRY CAT' (10 itens).
2025-08-20 08:10:01 [INFO    ] src.catalog_builder: Criando slides para categoria: 'PREMIUM DRY DOG' (10 itens).
2025-08-20 08:10:02 [INFO    ] src.catalog_builder: Criando slides para categoria: 'Produto Sem Grupo' (1 itens).
2025-08-20 08:10:02 [INFO    ] src.catalog_builder: Criando slides para categoria: 'RTD ADULTOS' (10 itens).
2025-08-20 08:10:03 [INFO    ] src.catalog_builder: Criando slides para categoria: 'RTD KIDS' (2 itens).
2025-08-20 08:10:03 [INFO    ] src.catalog_builder: Criando slides para categoria: 'SISTEMA DOLCE GUSTO' (23 itens).
2025-08-20 08:10:04 [INFO    ] src.catalog_builder: Criando slides para categoria: 'SNACKS' (6 itens).
2025-08-20 08:10:05 [INFO    ] src.catalog_builder: Criando slides para categoria: 'SUPER PREMIUM DRY' (1 itens).
2025-08-20 08:10:05 [INFO    ] src.catalog_builder: Criando slides para categoria: 'SUPLEMENTOS' (3 itens).
2025-08-20 08:10:05 [INFO    ] src.catalog_builder: Criando slides para categoria: 'WET' (6 itens).
2025-08-20 08:10:17 [INFO    ] src.catalog_builder: Catálogo gerado com sucesso: catalogo_gerado.pptx
