2025-08-20 09:49:32 [INFO    ] src.utils.images: Logger configurado. Arquivo de log: logs/catalog_20250820_094932.log
2025-08-20 09:49:32 [INFO    ] __main__: Logger configurado. Arquivo de log: logs/catalog_20250820_094932.log
2025-08-20 09:49:32 [INFO    ] __main__: Iniciando geração do catálogo em PDF...
2025-08-20 09:49:32 [INFO    ] __main__: Planilha de produtos carregada com 575 itens.
2025-08-20 09:49:33 [INFO    ] __main__: Planilha de links de imagens carregada com 1229 registros.
2025-08-20 09:49:33 [DEBUG   ] __main__: Mesclagem concluída entre produtos e links de imagem.
2025-08-20 09:49:33 [INFO    ] __main__: Produtos processados e ordenados.
2025-08-20 09:49:33 [ERROR   ] __main__: Erro fatal ao gerar catálogo: 'float' object has no attribute 'split'
Traceback (most recent call last):
  File "C:\Users\gustavo\Documents\Automation project\Catalogue-Automation\src\main.py", line 96, in main
    create_catalog_pdf(products, args.out)
  File "C:\Users\gustavo\Documents\Automation project\Catalogue-Automation\src\pdf_builder.py", line 81, in create_catalog_pdf
    [Paragraph("EAN:", sku_style), Paragraph(product.get('EAN', 'N/A'), normal_style)],
                                   ^^^^^^^^^^^^^^^^^^^^^^^^^^^^^^^^^^^^^^^^^^^^^^^^^^
  File "C:\Users\gustavo\AppData\Local\Programs\Python\Python312\Lib\site-packages\reportlab\platypus\paragraph.py", line 1859, in __init__
    self._setup(text, style, bulletText or getattr(style,'bulletText',None), frags, cleanBlockQuotedText)
  File "C:\Users\gustavo\AppData\Local\Programs\Python\Python312\Lib\site-packages\reportlab\platypus\paragraph.py", line 1877, in _setup
    text = cleaner(text)
           ^^^^^^^^^^^^^
  File "C:\Users\gustavo\AppData\Local\Programs\Python\Python312\Lib\site-packages\reportlab\platypus\paragraph.py", line 139, in cleanBlockQuotedText
    L=list(filter(truth,list(map(_lineClean, split(text, '\n')))))
                                             ^^^^^^^^^^^^^^^^^
  File "C:\Users\gustavo\AppData\Local\Programs\Python\Python312\Lib\site-packages\reportlab\platypus\paragraph.py", line 96, in split
    return [uword for uword in (_wsc_re_split(text) if delim is None and '\xa0' in text else text.split(delim))]
                                                                                             ^^^^^^^^^^
AttributeError: 'float' object has no attribute 'split'
